#
# There is insufficient memory for the Java Runtime Environment to continue.
# Native memory allocation (malloc) failed to allocate 1048576 bytes. Error detail: AllocateHeap
# Possible reasons:
#   The system is out of physical RAM or swap space
#   This process is running with CompressedOops enabled, and the Java Heap may be blocking the growth of the native heap
# Possible solutions:
#   Reduce memory load on the system
#   Increase physical memory or swap space
#   Check if swap backing store is full
#   Decrease Java heap size (-Xmx/-Xms)
#   Decrease number of Java threads
#   Decrease Java thread stack sizes (-Xss)
#   Set larger code cache with -XX:ReservedCodeCacheSize=
#   JVM is running with Unscaled Compressed Oops mode in which the Java heap is
#     placed in the first 4GB address space. The Java Heap base address is the
#     maximum limit for the native heap growth. Please use -XX:HeapBaseMinAddress
#     to set the Java Heap base and to place the Java Heap above 4GB virtual address.
# This output file may be truncated or incomplete.
#
#  Out of Memory Error (allocation.cpp:44), pid=10644, tid=9852
#
# JRE version: OpenJDK Runtime Environment Temurin-17.0.13+11 (17.0.13+11) (build 17.0.13+11)
# Java VM: OpenJDK 64-Bit Server VM Temurin-17.0.13+11 (17.0.13+11, mixed mode, emulated-client, tiered, compressed oops, compressed class ptrs, g1 gc, windows-amd64)
# No core dump will be written. Minidumps are not enabled by default on client versions of Windows
#

---------------  S U M M A R Y ------------

Command Line: -Xmx1024m -Dsts.lsp.client=vscode -Dsts.log.file=/dev/null -XX:TieredStopAtLevel=1 -Xlog:jni+resolve=off -Dspring.config.location=file:c:\Users\HIBA\.vscode\extensions\vmware.vscode-spring-boot-1.56.0\language-server\BOOT-INF\classes\application.properties org.springframework.ide.vscode.boot.app.BootLanguageServerBootApp

Host: Intel(R) Core(TM) i3-7020U CPU @ 2.30GHz, 4 cores, 3G,  Windows 11 , 64 bit Build 22621 (10.0.22621.3958)
Time: Tue Jan 21 11:56:17 2025 Morocco Daylight Time elapsed time: 1036.422667 seconds (0d 0h 17m 16s)

---------------  T H R E A D  ---------------

Current thread (0x000002247f8a5a60):  VMThread "VM Thread" [stack: 0x000000d65a800000,0x000000d65a900000] [id=9852]

Stack: [0x000000d65a800000,0x000000d65a900000]
Native frames: (J=compiled Java code, j=interpreted, Vv=VM code, C=native code)
V  [jvm.dll+0x682a19]
V  [jvm.dll+0x839538]
V  [jvm.dll+0x83afe3]
V  [jvm.dll+0x83b653]
V  [jvm.dll+0x24704f]
V  [jvm.dll+0xa7543]
V  [jvm.dll+0x2f6243]
V  [jvm.dll+0x2f2000]
V  [jvm.dll+0x2da6df]
V  [jvm.dll+0x31d1e7]
V  [jvm.dll+0x83fe8d]
V  [jvm.dll+0x840bc3]
V  [jvm.dll+0x8410ef]
V  [jvm.dll+0x8414d4]
V  [jvm.dll+0x84159e]
V  [jvm.dll+0x7e8ffc]
V  [jvm.dll+0x6818f7]
C  [ucrtbase.dll+0x29333]
C  [KERNEL32.DLL+0x1257d]
C  [ntdll.dll+0x5af08]

VM_Operation (0x000000d65b9fec70): G1CollectFull, mode: safepoint, requested by thread 0x000002240f214550


---------------  P R O C E S S  ---------------

Threads class SMR info:
_java_thread_list=0x000002240ffc2750, length=19, elements={
0x000002247f8bf3a0, 0x000002247f8c0130, 0x000002247f902010, 0x000002247f902da0,
0x000002247f906690, 0x000002247f906f60, 0x000002247f9078e0, 0x000002240e00e4c0,
0x000002240e1d3bf0, 0x000002240e1db960, 0x000002240f214070, 0x000002240f214550,
0x000002240f5fd770, 0x000002247ef52d40, 0x000002240f90b800, 0x000002240f0ab500,
0x000002240eae8d50, 0x000002240eaeb0c0, 0x000002240eaeb5d0
}

Java Threads: ( => current thread )
  0x000002247f8bf3a0 JavaThread "Reference Handler" daemon [_thread_blocked, id=6600, stack(0x000000d65a900000,0x000000d65aa00000)]
  0x000002247f8c0130 JavaThread "Finalizer" daemon [_thread_blocked, id=5164, stack(0x000000d65aa00000,0x000000d65ab00000)]
  0x000002247f902010 JavaThread "Signal Dispatcher" daemon [_thread_blocked, id=12504, stack(0x000000d65ab00000,0x000000d65ac00000)]
  0x000002247f902da0 JavaThread "Attach Listener" daemon [_thread_blocked, id=11592, stack(0x000000d65ac00000,0x000000d65ad00000)]
  0x000002247f906690 JavaThread "Service Thread" daemon [_thread_blocked, id=8048, stack(0x000000d65ad00000,0x000000d65ae00000)]
  0x000002247f906f60 JavaThread "Monitor Deflation Thread" daemon [_thread_blocked, id=1896, stack(0x000000d65ae00000,0x000000d65af00000)]
  0x000002247f9078e0 JavaThread "C1 CompilerThread0" daemon [_thread_blocked, id=9380, stack(0x000000d65af00000,0x000000d65b000000)]
  0x000002240e00e4c0 JavaThread "Sweeper thread" daemon [_thread_blocked, id=3544, stack(0x000000d65b000000,0x000000d65b100000)]
  0x000002240e1d3bf0 JavaThread "Notification Thread" daemon [_thread_blocked, id=11648, stack(0x000000d65b200000,0x000000d65b300000)]
  0x000002240e1db960 JavaThread "Common-Cleaner" daemon [_thread_blocked, id=9028, stack(0x000000d65b400000,0x000000d65b500000)]
  0x000002240f214070 JavaThread "boundedElastic-evictor-1" daemon [_thread_blocked, id=12356, stack(0x000000d65b800000,0x000000d65b900000)]
  0x000002240f214550 JavaThread "pool-13-thread-1" [_thread_blocked, id=13288, stack(0x000000d65b900000,0x000000d65ba00000)]
  0x000002240f5fd770 JavaThread "LanguageServerApp-lifecycle" [_thread_blocked, id=6248, stack(0x000000d65ba00000,0x000000d65bb00000)]
  0x000002247ef52d40 JavaThread "DestroyJavaVM" [_thread_blocked, id=12492, stack(0x000000d65a200000,0x000000d65a300000)]
  0x000002240f90b800 JavaThread "pool-14-thread-1" [_thread_in_native, id=10088, stack(0x000000d65bb00000,0x000000d65bc00000)]
  0x000002240f0ab500 JavaThread "Simple-Language-Server main thread" daemon [_thread_blocked, id=13544, stack(0x000000d65bc00000,0x000000d65bd00000)]
  0x000002240eae8d50 JavaThread "parallel-1" daemon [_thread_blocked, id=12008, stack(0x000000d65bf00000,0x000000d65c000000)]
  0x000002240eaeb0c0 JavaThread "pool-6-thread-1" [_thread_blocked, id=7088, stack(0x000000d65c000000,0x000000d65c100000)]
  0x000002240eaeb5d0 JavaThread "parallel-2" daemon [_thread_blocked, id=13812, stack(0x000000d65c100000,0x000000d65c200000)]

Other Threads:
=>0x000002247f8a5a60 VMThread "VM Thread" [stack: 0x000000d65a800000,0x000000d65a900000] [id=9852]
  0x000002240e1d60e0 WatcherThread [stack: 0x000000d65b300000,0x000000d65b400000] [id=13844]
  0x000002247ef91670 GCTaskThread "GC Thread#0" [stack: 0x000000d65a300000,0x000000d65a400000] [id=13616]
  0x000002240e1d3800 GCTaskThread "GC Thread#1" [stack: 0x000000d65b100000,0x000000d65b200000] [id=4260]
  0x000002240e8330d0 GCTaskThread "GC Thread#2" [stack: 0x000000d65b500000,0x000000d65b600000] [id=11548]
  0x000002240eb97c60 GCTaskThread "GC Thread#3" [stack: 0x000000d65b600000,0x000000d65b700000] [id=1932]
  0x000002247ef9a4d0 ConcurrentGCThread "G1 Main Marker" [stack: 0x000000d65a400000,0x000000d65a500000] [id=7096]
  0x000002247ef9ae00 ConcurrentGCThread "G1 Conc#0" [stack: 0x000000d65a500000,0x000000d65a600000] [id=8]
  0x000002247efd6940 ConcurrentGCThread "G1 Refine#0" [stack: 0x000000d65a600000,0x000000d65a700000] [id=13528]
  0x000002247efd8290 ConcurrentGCThread "G1 Service" [stack: 0x000000d65a700000,0x000000d65a800000] [id=11428]

Threads with active compile tasks:

VM state: at safepoint (normal execution)

VM Mutex/Monitor currently owned by a thread:  ([mutex/lock_event])
[0x000002247cd7a8a0] Threads_lock - owner thread: 0x000002247f8a5a60
[0x000002247ef4f680] Heap_lock - owner thread: 0x000002240f214550

Heap address: 0x00000000c0000000, size: 1024 MB, Compressed Oops mode: 32-bit

CDS archive(s) not mapped
Compressed class space mapped at: 0x0000000100000000-0x0000000140000000, reserved size: 1073741824
Narrow klass base: 0x0000000000000000, Narrow klass shift: 3, Narrow klass range: 0x140000000

GC Precious Log:
 CPUs: 4 total, 4 available
 Memory: 3962M
 Large Page Support: Disabled
 NUMA Support: Disabled
 Compressed Oops: Enabled (32-bit)
 Heap Region Size: 1M
 Heap Min Capacity: 8M
 Heap Initial Capacity: 62M
 Heap Max Capacity: 1G
 Pre-touch: Disabled
 Parallel Workers: 4
 Concurrent Workers: 1
 Concurrent Refinement Workers: 4
 Periodic GC: Disabled

Heap:
 garbage-first heap   total 63488K, used 27012K [0x00000000c0000000, 0x0000000100000000)
  region size 1024K, 1 young (1024K), 0 survivors (0K)
 Metaspace       used 49934K, committed 50624K, reserved 1114112K
  class space    used 6275K, committed 6528K, reserved 1048576K

Heap Regions: E=young(eden), S=young(survivor), O=old, HS=humongous(starts), HC=humongous(continues), CS=collection set, F=free, OA=open archive, CA=closed archive, TAMS=top-at-mark-start (previous, next)
|   0|0x00000000c0000000, 0x00000000c0100000, 0x00000000c0100000|100%|HS|  |TAMS 0x00000000c0100000, 0x00000000c0000000| Untracked 
|   1|0x00000000c0100000, 0x00000000c0200000, 0x00000000c0200000|100%|HC|  |TAMS 0x00000000c0200000, 0x00000000c0100000| Untracked 
|   2|0x00000000c0200000, 0x00000000c0300000, 0x00000000c0300000|100%|HC|  |TAMS 0x00000000c0300000, 0x00000000c0200000| Untracked 
|   3|0x00000000c0300000, 0x00000000c0400000, 0x00000000c0400000|100%|HC|  |TAMS 0x00000000c0400000, 0x00000000c0300000| Untracked 
|   4|0x00000000c0400000, 0x00000000c04ffff0, 0x00000000c0500000| 99%| O|  |TAMS 0x00000000c04ffff0, 0x00000000c0400000| Untracked 
|   5|0x00000000c0500000, 0x00000000c0600000, 0x00000000c0600000|100%| O|  |TAMS 0x00000000c0600000, 0x00000000c0500000| Untracked 
|   6|0x00000000c0600000, 0x00000000c06ffe98, 0x00000000c0700000| 99%| O|  |TAMS 0x00000000c06ffe98, 0x00000000c0600000| Untracked 
|   7|0x00000000c0700000, 0x00000000c0800000, 0x00000000c0800000|100%| O|  |TAMS 0x00000000c0800000, 0x00000000c0700000| Untracked 
|   8|0x00000000c0800000, 0x00000000c0900000, 0x00000000c0900000|100%| O|  |TAMS 0x00000000c0900000, 0x00000000c0800000| Untracked 
|   9|0x00000000c0900000, 0x00000000c09fffb0, 0x00000000c0a00000| 99%| O|  |TAMS 0x00000000c09fffb0, 0x00000000c0900000| Untracked 
|  10|0x00000000c0a00000, 0x00000000c0b00000, 0x00000000c0b00000|100%|HS|  |TAMS 0x00000000c0b00000, 0x00000000c0a00000| Untracked 
|  11|0x00000000c0b00000, 0x00000000c0c00000, 0x00000000c0c00000|100%|HC|  |TAMS 0x00000000c0c00000, 0x00000000c0b00000| Untracked 
|  12|0x00000000c0c00000, 0x00000000c0d00000, 0x00000000c0d00000|100%| O|  |TAMS 0x00000000c0d00000, 0x00000000c0c00000| Untracked 
|  13|0x00000000c0d00000, 0x00000000c0dfffc8, 0x00000000c0e00000| 99%| O|  |TAMS 0x00000000c0dfffc8, 0x00000000c0d00000| Untracked 
|  14|0x00000000c0e00000, 0x00000000c0efffe8, 0x00000000c0f00000| 99%| O|  |TAMS 0x00000000c0efffe8, 0x00000000c0e00000| Untracked 
|  15|0x00000000c0f00000, 0x00000000c0ffffc8, 0x00000000c1000000| 99%| O|  |TAMS 0x00000000c0ffffc8, 0x00000000c0f00000| Untracked 
|  16|0x00000000c1000000, 0x00000000c10ffff8, 0x00000000c1100000| 99%| O|  |TAMS 0x00000000c10ffff8, 0x00000000c1000000| Untracked 
|  17|0x00000000c1100000, 0x00000000c11f6b50, 0x00000000c1200000| 96%| O|  |TAMS 0x00000000c11f6b50, 0x00000000c1100000| Untracked 
|  18|0x00000000c1200000, 0x00000000c12ffff0, 0x00000000c1300000| 99%| O|  |TAMS 0x00000000c12ffff0, 0x00000000c1200000| Untracked 
|  19|0x00000000c1300000, 0x00000000c1400000, 0x00000000c1400000|100%| O|  |TAMS 0x00000000c1400000, 0x00000000c1300000| Untracked 
|  20|0x00000000c1400000, 0x00000000c14f6e08, 0x00000000c1500000| 96%| O|  |TAMS 0x00000000c14f6e08, 0x00000000c1400000| Untracked 
|  21|0x00000000c1500000, 0x00000000c15fb060, 0x00000000c1600000| 98%| O|  |TAMS 0x00000000c15fb060, 0x00000000c1500000| Untracked 
|  22|0x00000000c1600000, 0x00000000c16ffff8, 0x00000000c1700000| 99%| O|  |TAMS 0x00000000c16ffff8, 0x00000000c1600000| Untracked 
|  23|0x00000000c1700000, 0x00000000c17fffe8, 0x00000000c1800000| 99%| O|  |TAMS 0x00000000c17fffe8, 0x00000000c1700000| Untracked 
|  24|0x00000000c1800000, 0x00000000c18b6430, 0x00000000c1900000| 71%| O|  |TAMS 0x00000000c1800000, 0x00000000c1800000| Untracked 
|  25|0x00000000c1900000, 0x00000000c19c2850, 0x00000000c1a00000| 75%| O|  |TAMS 0x00000000c1900000, 0x00000000c1900000| Untracked 
|  26|0x00000000c1a00000, 0x00000000c1afff18, 0x00000000c1b00000| 99%| O|  |TAMS 0x00000000c1afff18, 0x00000000c1a00000| Untracked 
|  27|0x00000000c1b00000, 0x00000000c1b00000, 0x00000000c1c00000|  0%| F|  |TAMS 0x00000000c1b00000, 0x00000000c1b00000| Untracked 
|  28|0x00000000c1c00000, 0x00000000c1c00000, 0x00000000c1d00000|  0%| F|  |TAMS 0x00000000c1c00000, 0x00000000c1c00000| Untracked 
|  29|0x00000000c1d00000, 0x00000000c1d00000, 0x00000000c1e00000|  0%| F|  |TAMS 0x00000000c1d00000, 0x00000000c1d00000| Untracked 
|  30|0x00000000c1e00000, 0x00000000c1e00000, 0x00000000c1f00000|  0%| F|  |TAMS 0x00000000c1e00000, 0x00000000c1e00000| Untracked 
|  31|0x00000000c1f00000, 0x00000000c1f00000, 0x00000000c2000000|  0%| F|  |TAMS 0x00000000c1f00000, 0x00000000c1f00000| Untracked 
|  32|0x00000000c2000000, 0x00000000c2000000, 0x00000000c2100000|  0%| F|  |TAMS 0x00000000c2000000, 0x00000000c2000000| Untracked 
|  33|0x00000000c2100000, 0x00000000c2100000, 0x00000000c2200000|  0%| F|  |TAMS 0x00000000c2100000, 0x00000000c2100000| Untracked 
|  34|0x00000000c2200000, 0x00000000c2200000, 0x00000000c2300000|  0%| F|  |TAMS 0x00000000c2200000, 0x00000000c2200000| Untracked 
|  35|0x00000000c2300000, 0x00000000c2300000, 0x00000000c2400000|  0%| F|  |TAMS 0x00000000c2300000, 0x00000000c2300000| Untracked 
|  36|0x00000000c2400000, 0x00000000c2400000, 0x00000000c2500000|  0%| F|  |TAMS 0x00000000c2400000, 0x00000000c2400000| Untracked 
|  37|0x00000000c2500000, 0x00000000c2500000, 0x00000000c2600000|  0%| F|  |TAMS 0x00000000c2500000, 0x00000000c2500000| Untracked 
|  38|0x00000000c2600000, 0x00000000c2600000, 0x00000000c2700000|  0%| F|  |TAMS 0x00000000c2600000, 0x00000000c2600000| Untracked 
|  39|0x00000000c2700000, 0x00000000c2700000, 0x00000000c2800000|  0%| F|  |TAMS 0x00000000c2700000, 0x00000000c2700000| Untracked 
|  40|0x00000000c2800000, 0x00000000c2800000, 0x00000000c2900000|  0%| F|  |TAMS 0x00000000c2800000, 0x00000000c2800000| Untracked 
|  41|0x00000000c2900000, 0x00000000c2900000, 0x00000000c2a00000|  0%| F|  |TAMS 0x00000000c2900000, 0x00000000c2900000| Untracked 
|  42|0x00000000c2a00000, 0x00000000c2a00000, 0x00000000c2b00000|  0%| F|  |TAMS 0x00000000c2a00000, 0x00000000c2a00000| Untracked 
|  43|0x00000000c2b00000, 0x00000000c2b00000, 0x00000000c2c00000|  0%| F|  |TAMS 0x00000000c2b00000, 0x00000000c2b00000| Untracked 
|  44|0x00000000c2c00000, 0x00000000c2c00000, 0x00000000c2d00000|  0%| F|  |TAMS 0x00000000c2c00000, 0x00000000c2c00000| Untracked 
|  45|0x00000000c2d00000, 0x00000000c2d00000, 0x00000000c2e00000|  0%| F|  |TAMS 0x00000000c2d00000, 0x00000000c2d00000| Untracked 
|  46|0x00000000c2e00000, 0x00000000c2e00000, 0x00000000c2f00000|  0%| F|  |TAMS 0x00000000c2e00000, 0x00000000c2e00000| Untracked 
|  47|0x00000000c2f00000, 0x00000000c2f00000, 0x00000000c3000000|  0%| F|  |TAMS 0x00000000c2f00000, 0x00000000c2f00000| Untracked 
|  48|0x00000000c3000000, 0x00000000c3000000, 0x00000000c3100000|  0%| F|  |TAMS 0x00000000c3000000, 0x00000000c3000000| Untracked 
|  49|0x00000000c3100000, 0x00000000c3100000, 0x00000000c3200000|  0%| F|  |TAMS 0x00000000c3100000, 0x00000000c3100000| Untracked 
|  50|0x00000000c3200000, 0x00000000c3200000, 0x00000000c3300000|  0%| F|  |TAMS 0x00000000c3200000, 0x00000000c3200000| Untracked 
|  51|0x00000000c3300000, 0x00000000c3300000, 0x00000000c3400000|  0%| F|  |TAMS 0x00000000c3300000, 0x00000000c3300000| Untracked 
|  52|0x00000000c3400000, 0x00000000c3400000, 0x00000000c3500000|  0%| F|  |TAMS 0x00000000c3400000, 0x00000000c3400000| Untracked 
|  53|0x00000000c3500000, 0x00000000c3500000, 0x00000000c3600000|  0%| F|  |TAMS 0x00000000c3500000, 0x00000000c3500000| Untracked 
|  54|0x00000000c3600000, 0x00000000c3600000, 0x00000000c3700000|  0%| F|  |TAMS 0x00000000c3600000, 0x00000000c3600000| Untracked 
|  55|0x00000000c3700000, 0x00000000c3700000, 0x00000000c3800000|  0%| F|  |TAMS 0x00000000c3700000, 0x00000000c3700000| Untracked 
|  56|0x00000000c3800000, 0x00000000c3800000, 0x00000000c3900000|  0%| F|  |TAMS 0x00000000c3800000, 0x00000000c3800000| Untracked 
|  57|0x00000000c3900000, 0x00000000c3900000, 0x00000000c3a00000|  0%| F|  |TAMS 0x00000000c3900000, 0x00000000c3900000| Untracked 
|  58|0x00000000c3a00000, 0x00000000c3a00000, 0x00000000c3b00000|  0%| F|  |TAMS 0x00000000c3a00000, 0x00000000c3a00000| Untracked 
|  59|0x00000000c3b00000, 0x00000000c3b00000, 0x00000000c3c00000|  0%| F|  |TAMS 0x00000000c3b00000, 0x00000000c3b00000| Untracked 
|  60|0x00000000c3c00000, 0x00000000c3c00000, 0x00000000c3d00000|  0%| F|  |TAMS 0x00000000c3c00000, 0x00000000c3c00000| Untracked 
|  61|0x00000000c3d00000, 0x00000000c3d177b0, 0x00000000c3e00000|  9%| E|  |TAMS 0x00000000c3d00000, 0x00000000c3d00000| Complete 

Card table byte_map: [0x000002247f000000,0x000002247f200000] _byte_map_base: 0x000002247ea00000

Marking Bits (Prev, Next): (CMBitMap*) 0x000002247ef91ba0, (CMBitMap*) 0x000002247ef91be0
 Prev Bits: [0x0000022405be0000, 0x0000022406be0000)
 Next Bits: [0x0000022406be0000, 0x0000022407be0000)

Polling page: 0x000002247ce80000

Metaspace:

Usage:
  Non-class:     42.64 MB used.
      Class:      6.13 MB used.
       Both:     48.76 MB used.

Virtual space:
  Non-class space:       64.00 MB reserved,      43.06 MB ( 67%) committed,  1 nodes.
      Class space:        1.00 GB reserved,       6.38 MB ( <1%) committed,  1 nodes.
             Both:        1.06 GB reserved,      49.44 MB (  5%) committed. 

Chunk freelists:
   Non-Class:  4.97 MB
       Class:  9.62 MB
        Both:  14.59 MB

MaxMetaspaceSize: unlimited
CompressedClassSpaceSize: 1.00 GB
Initial GC threshold: 21.00 MB
Current GC threshold: 82.44 MB
CDS: off
MetaspaceReclaimPolicy: balanced
 - commit_granule_bytes: 65536.
 - commit_granule_words: 8192.
 - virtual_space_node_default_size: 8388608.
 - enlarge_chunks_in_place: 1.
 - new_chunks_are_fully_committed: 0.
 - uncommit_free_chunks: 1.
 - use_allocation_guard: 0.
 - handle_deallocations: 1.


Internal statistics:

num_allocs_failed_limit: 6.
num_arena_births: 590.
num_arena_deaths: 212.
num_vsnodes_births: 2.
num_vsnodes_deaths: 0.
num_space_committed: 790.
num_space_uncommitted: 0.
num_chunks_returned_to_freelist: 254.
num_chunks_taken_from_freelist: 2095.
num_chunk_merges: 86.
num_chunk_splits: 1442.
num_chunks_enlarged: 1082.
num_inconsistent_stats: 0.

CodeCache: size=49152Kb used=8237Kb max_used=8759Kb free=40914Kb
 bounds [0x0000022402be0000, 0x0000022403470000, 0x0000022405be0000]
 total_blobs=5172 nmethods=4549 adapters=550
 compilation: enabled
              stopped_count=0, restarted_count=0
 full_count=0

Compilation events (20 events):
Event: 655.975 Thread 0x000002247f9078e0 4548       1       java.util.concurrent.ScheduledThreadPoolExecutor$ScheduledFutureTask::getDelay (16 bytes)
Event: 655.975 Thread 0x000002247f9078e0 nmethod 4548 0x0000022402f07e90 code [0x0000022402f08020, 0x0000022402f08148]
Event: 694.629 Thread 0x000002247f9078e0 4549       1       java.lang.Integer::toString (8 bytes)
Event: 694.629 Thread 0x000002247f9078e0 nmethod 4549 0x0000022402f07b90 code [0x0000022402f07d20, 0x0000022402f07e08]
Event: 797.860 Thread 0x000002247f9078e0 4550       1       java.io.FileDescriptor$1::setHandle (6 bytes)
Event: 797.875 Thread 0x000002247f9078e0 nmethod 4550 0x0000022402f07810 code [0x0000022402f079a0, 0x0000022402f07ae8]
Event: 797.876 Thread 0x000002247f9078e0 4551       1       java.io.FileDescriptor::setHandle (33 bytes)
Event: 797.877 Thread 0x000002247f9078e0 nmethod 4551 0x0000022402f07490 code [0x0000022402f07620, 0x0000022402f07768]
Event: 797.877 Thread 0x000002247f9078e0 4552       1       java.io.FileDescriptor$1::registerCleanup (5 bytes)
Event: 797.877 Thread 0x000002247f9078e0 nmethod 4552 0x0000022402f07190 code [0x0000022402f07320, 0x0000022402f07408]
Event: 849.324 Thread 0x000002247f9078e0 4553       1       java.lang.invoke.LambdaForm$MH/0x00000001000cec00::invoke (148 bytes)
Event: 849.331 Thread 0x000002247f9078e0 nmethod 4553 0x0000022402f06710 code [0x0000022402f06940, 0x0000022402f06d48]
Event: 910.930 Thread 0x000002247f9078e0 4554       1       java.io.BufferedOutputStream::flushBuffer (29 bytes)
Event: 910.975 Thread 0x000002247f9078e0 nmethod 4554 0x0000022402f06410 code [0x0000022402f065a0, 0x0000022402f066a8]
Event: 920.992 Thread 0x000002247f9078e0 4555       1       java.util.concurrent.locks.LockSupport::parkNanos (29 bytes)
Event: 921.006 Thread 0x000002247f9078e0 nmethod 4555 0x0000022402f06010 code [0x0000022402f061c0, 0x0000022402f063a8]
Event: 951.801 Thread 0x000002247f9078e0 4556       1       org.springframework.ide.vscode.commons.languageserver.util.ParentProcessWatcher::isWindows (30 bytes)
Event: 951.843 Thread 0x000002247f9078e0 nmethod 4556 0x0000022402f05810 code [0x0000022402f05a40, 0x0000022402f05dc8]
Event: 951.973 Thread 0x000002247f9078e0 4557   !   1       com.google.common.io.Closeables::close (37 bytes)
Event: 952.041 Thread 0x000002247f9078e0 nmethod 4557 0x0000022402f05090 code [0x0000022402f05280, 0x0000022402f055b8]

GC Heap History (20 events):
Event: 931.561 GC heap after
{Heap after GC invocations=103 (full 84):
 garbage-first heap   total 63488K, used 27012K [0x00000000c0000000, 0x0000000100000000)
  region size 1024K, 0 young (0K), 0 survivors (0K)
 Metaspace       used 49934K, committed 50624K, reserved 1114112K
  class space    used 6275K, committed 6528K, reserved 1048576K
}
Event: 941.758 GC heap before
{Heap before GC invocations=103 (full 84):
 garbage-first heap   total 63488K, used 27012K [0x00000000c0000000, 0x0000000100000000)
  region size 1024K, 1 young (1024K), 0 survivors (0K)
 Metaspace       used 49934K, committed 50624K, reserved 1114112K
  class space    used 6275K, committed 6528K, reserved 1048576K
}
Event: 941.790 GC heap after
{Heap after GC invocations=104 (full 85):
 garbage-first heap   total 63488K, used 27012K [0x00000000c0000000, 0x0000000100000000)
  region size 1024K, 0 young (0K), 0 survivors (0K)
 Metaspace       used 49934K, committed 50624K, reserved 1114112K
  class space    used 6275K, committed 6528K, reserved 1048576K
}
Event: 951.973 GC heap before
{Heap before GC invocations=104 (full 85):
 garbage-first heap   total 63488K, used 27012K [0x00000000c0000000, 0x0000000100000000)
  region size 1024K, 1 young (1024K), 0 survivors (0K)
 Metaspace       used 49934K, committed 50624K, reserved 1114112K
  class space    used 6275K, committed 6528K, reserved 1048576K
}
Event: 952.010 GC heap after
{Heap after GC invocations=105 (full 86):
 garbage-first heap   total 63488K, used 27012K [0x00000000c0000000, 0x0000000100000000)
  region size 1024K, 0 young (0K), 0 survivors (0K)
 Metaspace       used 49934K, committed 50624K, reserved 1114112K
  class space    used 6275K, committed 6528K, reserved 1048576K
}
Event: 962.244 GC heap before
{Heap before GC invocations=105 (full 86):
 garbage-first heap   total 63488K, used 27012K [0x00000000c0000000, 0x0000000100000000)
  region size 1024K, 1 young (1024K), 0 survivors (0K)
 Metaspace       used 49934K, committed 50624K, reserved 1114112K
  class space    used 6275K, committed 6528K, reserved 1048576K
}
Event: 962.290 GC heap after
{Heap after GC invocations=106 (full 87):
 garbage-first heap   total 63488K, used 27012K [0x00000000c0000000, 0x0000000100000000)
  region size 1024K, 0 young (0K), 0 survivors (0K)
 Metaspace       used 49934K, committed 50624K, reserved 1114112K
  class space    used 6275K, committed 6528K, reserved 1048576K
}
Event: 972.558 GC heap before
{Heap before GC invocations=106 (full 87):
 garbage-first heap   total 63488K, used 27012K [0x00000000c0000000, 0x0000000100000000)
  region size 1024K, 1 young (1024K), 0 survivors (0K)
 Metaspace       used 49934K, committed 50624K, reserved 1114112K
  class space    used 6275K, committed 6528K, reserved 1048576K
}
Event: 972.594 GC heap after
{Heap after GC invocations=107 (full 88):
 garbage-first heap   total 63488K, used 27012K [0x00000000c0000000, 0x0000000100000000)
  region size 1024K, 0 young (0K), 0 survivors (0K)
 Metaspace       used 49934K, committed 50624K, reserved 1114112K
  class space    used 6275K, committed 6528K, reserved 1048576K
}
Event: 984.182 GC heap before
{Heap before GC invocations=107 (full 88):
 garbage-first heap   total 63488K, used 27012K [0x00000000c0000000, 0x0000000100000000)
  region size 1024K, 1 young (1024K), 0 survivors (0K)
 Metaspace       used 49934K, committed 50624K, reserved 1114112K
  class space    used 6275K, committed 6528K, reserved 1048576K
}
Event: 984.238 GC heap after
{Heap after GC invocations=108 (full 89):
 garbage-first heap   total 63488K, used 27012K [0x00000000c0000000, 0x0000000100000000)
  region size 1024K, 0 young (0K), 0 survivors (0K)
 Metaspace       used 49934K, committed 50624K, reserved 1114112K
  class space    used 6275K, committed 6528K, reserved 1048576K
}
Event: 994.529 GC heap before
{Heap before GC invocations=108 (full 89):
 garbage-first heap   total 63488K, used 27012K [0x00000000c0000000, 0x0000000100000000)
  region size 1024K, 1 young (1024K), 0 survivors (0K)
 Metaspace       used 49934K, committed 50624K, reserved 1114112K
  class space    used 6275K, committed 6528K, reserved 1048576K
}
Event: 994.576 GC heap after
{Heap after GC invocations=109 (full 90):
 garbage-first heap   total 63488K, used 27012K [0x00000000c0000000, 0x0000000100000000)
  region size 1024K, 0 young (0K), 0 survivors (0K)
 Metaspace       used 49934K, committed 50624K, reserved 1114112K
  class space    used 6275K, committed 6528K, reserved 1048576K
}
Event: 1004.802 GC heap before
{Heap before GC invocations=109 (full 90):
 garbage-first heap   total 63488K, used 27012K [0x00000000c0000000, 0x0000000100000000)
  region size 1024K, 1 young (1024K), 0 survivors (0K)
 Metaspace       used 49934K, committed 50624K, reserved 1114112K
  class space    used 6275K, committed 6528K, reserved 1048576K
}
Event: 1004.838 GC heap after
{Heap after GC invocations=110 (full 91):
 garbage-first heap   total 63488K, used 27012K [0x00000000c0000000, 0x0000000100000000)
  region size 1024K, 0 young (0K), 0 survivors (0K)
 Metaspace       used 49934K, committed 50624K, reserved 1114112K
  class space    used 6275K, committed 6528K, reserved 1048576K
}
Event: 1015.004 GC heap before
{Heap before GC invocations=110 (full 91):
 garbage-first heap   total 63488K, used 27012K [0x00000000c0000000, 0x0000000100000000)
  region size 1024K, 1 young (1024K), 0 survivors (0K)
 Metaspace       used 49934K, committed 50624K, reserved 1114112K
  class space    used 6275K, committed 6528K, reserved 1048576K
}
Event: 1015.038 GC heap after
{Heap after GC invocations=111 (full 92):
 garbage-first heap   total 63488K, used 27012K [0x00000000c0000000, 0x0000000100000000)
  region size 1024K, 0 young (0K), 0 survivors (0K)
 Metaspace       used 49934K, committed 50624K, reserved 1114112K
  class space    used 6275K, committed 6528K, reserved 1048576K
}
Event: 1025.215 GC heap before
{Heap before GC invocations=111 (full 92):
 garbage-first heap   total 63488K, used 27012K [0x00000000c0000000, 0x0000000100000000)
  region size 1024K, 1 young (1024K), 0 survivors (0K)
 Metaspace       used 49934K, committed 50624K, reserved 1114112K
  class space    used 6275K, committed 6528K, reserved 1048576K
}
Event: 1025.252 GC heap after
{Heap after GC invocations=112 (full 93):
 garbage-first heap   total 63488K, used 27012K [0x00000000c0000000, 0x0000000100000000)
  region size 1024K, 0 young (0K), 0 survivors (0K)
 Metaspace       used 49934K, committed 50624K, reserved 1114112K
  class space    used 6275K, committed 6528K, reserved 1048576K
}
Event: 1036.407 GC heap before
{Heap before GC invocations=112 (full 93):
 garbage-first heap   total 63488K, used 27012K [0x00000000c0000000, 0x0000000100000000)
  region size 1024K, 1 young (1024K), 0 survivors (0K)
 Metaspace       used 49934K, committed 50624K, reserved 1114112K
  class space    used 6275K, committed 6528K, reserved 1048576K
}

Dll operation events (10 events):
Event: 0.040 Loaded shared library c:\Users\HIBA\.vscode\extensions\redhat.java-1.38.0-win32-x64\jre\17.0.13-win32-x86_64\bin\java.dll
Event: 1.182 Loaded shared library C:\Users\HIBA\.vscode\extensions\redhat.java-1.38.0-win32-x64\jre\17.0.13-win32-x86_64\bin\net.dll
Event: 1.185 Loaded shared library C:\Users\HIBA\.vscode\extensions\redhat.java-1.38.0-win32-x64\jre\17.0.13-win32-x86_64\bin\nio.dll
Event: 1.211 Loaded shared library C:\Users\HIBA\.vscode\extensions\redhat.java-1.38.0-win32-x64\jre\17.0.13-win32-x86_64\bin\zip.dll
Event: 5.589 Loaded shared library C:\Users\HIBA\.vscode\extensions\redhat.java-1.38.0-win32-x64\jre\17.0.13-win32-x86_64\bin\jimage.dll
Event: 16.016 Loaded shared library c:\Users\HIBA\.vscode\extensions\redhat.java-1.38.0-win32-x64\jre\17.0.13-win32-x86_64\bin\verify.dll
Event: 26.786 Loaded shared library C:\Users\HIBA\.vscode\extensions\redhat.java-1.38.0-win32-x64\jre\17.0.13-win32-x86_64\bin\management.dll
Event: 26.826 Loaded shared library C:\Users\HIBA\.vscode\extensions\redhat.java-1.38.0-win32-x64\jre\17.0.13-win32-x86_64\bin\management_ext.dll
Event: 30.659 Loaded shared library C:\Users\HIBA\.vscode\extensions\redhat.java-1.38.0-win32-x64\jre\17.0.13-win32-x86_64\bin\sunmscapi.dll
Event: 31.798 Loaded shared library C:\Users\HIBA\.vscode\extensions\redhat.java-1.38.0-win32-x64\jre\17.0.13-win32-x86_64\bin\extnet.dll

Deoptimization events (4 events):
Event: 29.091 Thread 0x000002240f90b800 DEOPT PACKING pc=0x000002240312cb01 sp=0x000000d65bbfd840
Event: 29.091 Thread 0x000002240f90b800 DEOPT UNPACKING pc=0x0000022402c37143 sp=0x000000d65bbfccd0 mode 3
Event: 29.195 Thread 0x000002240f0ab500 DEOPT PACKING pc=0x000002240310d817 sp=0x000000d65bcfee00
Event: 29.195 Thread 0x000002240f0ab500 DEOPT UNPACKING pc=0x0000022402c37143 sp=0x000000d65bcfe258 mode 3

Classes loaded (20 events):
Event: 333.253 Loading class sun/nio/ch/SocketOptionRegistry
Event: 333.264 Loading class sun/nio/ch/SocketOptionRegistry done
Event: 333.264 Loading class sun/nio/ch/SocketOptionRegistry$RegistryKey
Event: 333.272 Loading class sun/nio/ch/SocketOptionRegistry$RegistryKey done
Event: 333.272 Loading class sun/nio/ch/SocketOptionRegistry$LazyInitialization
Event: 333.276 Loading class sun/nio/ch/SocketOptionRegistry$LazyInitialization done
Event: 333.278 Loading class sun/nio/ch/OptionKey
Event: 333.280 Loading class sun/nio/ch/OptionKey done
Event: 333.280 Loading class sun/nio/ch/ExtendedSocketOption
Event: 333.288 Loading class sun/nio/ch/ExtendedSocketOption done
Event: 333.288 Loading class sun/nio/ch/ExtendedSocketOption$1
Event: 333.289 Loading class sun/nio/ch/ExtendedSocketOption$1 done
Event: 333.293 Loading class sun/security/ssl/Alert
Event: 333.315 Loading class sun/security/ssl/Alert done
Event: 333.318 Loading class sun/security/ssl/Alert$AlertConsumer
Event: 333.321 Loading class sun/security/ssl/Alert$AlertConsumer done
Event: 333.321 Loading class sun/security/ssl/Alert$Level
Event: 333.323 Loading class sun/security/ssl/Alert$Level done
Event: 333.343 Loading class sun/net/ConnectionResetException
Event: 333.346 Loading class sun/net/ConnectionResetException done

Classes unloaded (20 events):
Event: 82.117 Thread 0x000002247f8a5a60 Unloading class 0x00000001000d4800 'java/lang/invoke/LambdaForm$MH+0x00000001000d4800'
Event: 82.117 Thread 0x000002247f8a5a60 Unloading class 0x00000001000d4400 'java/lang/invoke/LambdaForm$MH+0x00000001000d4400'
Event: 82.117 Thread 0x000002247f8a5a60 Unloading class 0x00000001000ce800 'java/lang/invoke/LambdaForm$MH+0x00000001000ce800'
Event: 82.117 Thread 0x000002247f8a5a60 Unloading class 0x00000001000ce400 'java/lang/invoke/LambdaForm$MH+0x00000001000ce400'
Event: 82.117 Thread 0x000002247f8a5a60 Unloading class 0x00000001000ce000 'java/lang/invoke/LambdaForm$MH+0x00000001000ce000'
Event: 82.117 Thread 0x000002247f8a5a60 Unloading class 0x00000001000cdc00 'java/lang/invoke/LambdaForm$MH+0x00000001000cdc00'
Event: 82.117 Thread 0x000002247f8a5a60 Unloading class 0x00000001000cd800 'java/lang/invoke/LambdaForm$MH+0x00000001000cd800'
Event: 82.117 Thread 0x000002247f8a5a60 Unloading class 0x00000001000cd400 'java/lang/invoke/LambdaForm$MH+0x00000001000cd400'
Event: 82.117 Thread 0x000002247f8a5a60 Unloading class 0x00000001000ccc00 'java/lang/invoke/LambdaForm$MH+0x00000001000ccc00'
Event: 82.117 Thread 0x000002247f8a5a60 Unloading class 0x00000001000cc800 'java/lang/invoke/LambdaForm$MH+0x00000001000cc800'
Event: 82.117 Thread 0x000002247f8a5a60 Unloading class 0x00000001000cc000 'java/lang/invoke/LambdaForm$MH+0x00000001000cc000'
Event: 82.117 Thread 0x000002247f8a5a60 Unloading class 0x00000001000cbc00 'java/lang/invoke/LambdaForm$MH+0x00000001000cbc00'
Event: 82.117 Thread 0x000002247f8a5a60 Unloading class 0x00000001000cac00 'java/lang/invoke/LambdaForm$MH+0x00000001000cac00'
Event: 82.117 Thread 0x000002247f8a5a60 Unloading class 0x00000001000ca400 'java/lang/invoke/LambdaForm$MH+0x00000001000ca400'
Event: 82.117 Thread 0x000002247f8a5a60 Unloading class 0x00000001000ca000 'java/lang/invoke/LambdaForm$MH+0x00000001000ca000'
Event: 82.117 Thread 0x000002247f8a5a60 Unloading class 0x00000001000c9c00 'java/lang/invoke/LambdaForm$MH+0x00000001000c9c00'
Event: 82.117 Thread 0x000002247f8a5a60 Unloading class 0x00000001000c9800 'java/lang/invoke/LambdaForm$MH+0x00000001000c9800'
Event: 82.117 Thread 0x000002247f8a5a60 Unloading class 0x00000001000c9400 'java/lang/invoke/LambdaForm$MH+0x00000001000c9400'
Event: 82.117 Thread 0x000002247f8a5a60 Unloading class 0x00000001000c8c00 'java/lang/invoke/LambdaForm$MH+0x00000001000c8c00'
Event: 82.117 Thread 0x000002247f8a5a60 Unloading class 0x00000001000c8400 'java/lang/invoke/LambdaForm$MH+0x00000001000c8400'

Classes redefined (0 events):
No events

Internal exceptions (20 events):
Event: 30.091 Thread 0x000002240eaeb0c0 Exception <a 'sun/nio/fs/WindowsException'{0x00000000c3d7c9d8}> (0x00000000c3d7c9d8) 
thrown [s\src\hotspot\share\prims\jni.cpp, line 516]
Event: 30.091 Thread 0x000002240eaeb0c0 Exception <a 'sun/nio/fs/WindowsException'{0x00000000c3d7d4f0}> (0x00000000c3d7d4f0) 
thrown [s\src\hotspot\share\prims\jni.cpp, line 516]
Event: 30.091 Thread 0x000002240eaeb0c0 Exception <a 'sun/nio/fs/WindowsException'{0x00000000c3d7dfd8}> (0x00000000c3d7dfd8) 
thrown [s\src\hotspot\share\prims\jni.cpp, line 516]
Event: 30.091 Thread 0x000002240eaeb0c0 Exception <a 'sun/nio/fs/WindowsException'{0x00000000c3d7ead8}> (0x00000000c3d7ead8) 
thrown [s\src\hotspot\share\prims\jni.cpp, line 516]
Event: 30.092 Thread 0x000002240eaeb0c0 Exception <a 'sun/nio/fs/WindowsException'{0x00000000c3d7f6b8}> (0x00000000c3d7f6b8) 
thrown [s\src\hotspot\share\prims\jni.cpp, line 516]
Event: 30.092 Thread 0x000002240eaeb0c0 Exception <a 'sun/nio/fs/WindowsException'{0x00000000c3d80320}> (0x00000000c3d80320) 
thrown [s\src\hotspot\share\prims\jni.cpp, line 516]
Event: 30.093 Thread 0x000002240eaeb0c0 Exception <a 'sun/nio/fs/WindowsException'{0x00000000c3d877b0}> (0x00000000c3d877b0) 
thrown [s\src\hotspot\share\prims\jni.cpp, line 516]
Event: 30.093 Thread 0x000002240eaeb0c0 Exception <a 'sun/nio/fs/WindowsException'{0x00000000c3d882b0}> (0x00000000c3d882b0) 
thrown [s\src\hotspot\share\prims\jni.cpp, line 516]
Event: 30.094 Thread 0x000002240eaeb0c0 Exception <a 'sun/nio/fs/WindowsException'{0x00000000c3d88d98}> (0x00000000c3d88d98) 
thrown [s\src\hotspot\share\prims\jni.cpp, line 516]
Event: 30.094 Thread 0x000002240eaeb0c0 Exception <a 'sun/nio/fs/WindowsException'{0x00000000c3d89898}> (0x00000000c3d89898) 
thrown [s\src\hotspot\share\prims\jni.cpp, line 516]
Event: 30.096 Thread 0x000002240eaeb0c0 Exception <a 'sun/nio/fs/WindowsException'{0x00000000c3d8a4b0}> (0x00000000c3d8a4b0) 
thrown [s\src\hotspot\share\prims\jni.cpp, line 516]
Event: 30.096 Thread 0x000002240eaeb0c0 Exception <a 'sun/nio/fs/WindowsException'{0x00000000c3d8b118}> (0x00000000c3d8b118) 
thrown [s\src\hotspot\share\prims\jni.cpp, line 516]
Event: 30.310 Thread 0x000002240eaec500 Exception <a 'java/lang/NoSuchMethodError'{0x00000000c3bc7950}: 'java.lang.Object java.lang.invoke.DirectMethodHandle$Holder.invokeStatic(java.lang.Object, java.lang.Object, int, java.lang.Object)'> (0x00000000c3bc7950) 
thrown [s\src\hotspot\share\interpreter\linkResolver.cpp, line 759]
Event: 30.311 Thread 0x000002240eaec500 Exception <a 'java/lang/NoSuchMethodError'{0x00000000c3bcdd30}: 'java.lang.Object java.lang.invoke.DirectMethodHandle$Holder.newInvokeSpecial(java.lang.Object, java.lang.Object, int)'> (0x00000000c3bcdd30) 
thrown [s\src\hotspot\share\interpreter\linkResolver.cpp, line 759]
Event: 31.109 Thread 0x000002240eaec500 Exception <a 'sun/nio/fs/WindowsException'{0x00000000c3265cb0}> (0x00000000c3265cb0) 
thrown [s\src\hotspot\share\prims\jni.cpp, line 516]
Event: 66.880 Thread 0x000002240f214550 Exception <a 'java/lang/NoSuchMethodError'{0x00000000c3092dc0}: 'void java.lang.invoke.DirectMethodHandle$Holder.invokeStatic(java.lang.Object, long)'> (0x00000000c3092dc0) 
thrown [s\src\hotspot\share\interpreter\linkResolver.cpp, line 759]
Event: 66.909 Thread 0x000002240f214550 Exception <a 'java/lang/NoSuchMethodError'{0x00000000c3098168}: 'java.lang.Object java.lang.invoke.DirectMethodHandle$Holder.newInvokeSpecial(java.lang.Object, long)'> (0x00000000c3098168) 
thrown [s\src\hotspot\share\interpreter\linkResolver.cpp, line 759]
Event: 333.342 Thread 0x000002240eaea190 Exception <a 'java/io/IOException'{0x00000000c3d437c8}> (0x00000000c3d437c8) 
thrown [s\src\hotspot\share\prims\jni.cpp, line 516]
Event: 333.875 Thread 0x000002240eaea6a0 Exception <a 'java/io/IOException'{0x00000000c3d56a00}> (0x00000000c3d56a00) 
thrown [s\src\hotspot\share\prims\jni.cpp, line 516]
Event: 334.718 Thread 0x000002240eaebae0 Exception <a 'java/io/IOException'{0x00000000c3d5ebc8}> (0x00000000c3d5ebc8) 
thrown [s\src\hotspot\share\prims\jni.cpp, line 516]

VM Operations (20 events):
Event: 931.561 Executing VM operation: G1CollectFull done
Event: 941.758 Executing VM operation: G1CollectFull
Event: 941.790 Executing VM operation: G1CollectFull done
Event: 951.973 Executing VM operation: G1CollectFull
Event: 952.010 Executing VM operation: G1CollectFull done
Event: 962.243 Executing VM operation: G1CollectFull
Event: 962.290 Executing VM operation: G1CollectFull done
Event: 972.558 Executing VM operation: G1CollectFull
Event: 972.594 Executing VM operation: G1CollectFull done
Event: 984.182 Executing VM operation: G1CollectFull
Event: 984.239 Executing VM operation: G1CollectFull done
Event: 994.528 Executing VM operation: G1CollectFull
Event: 994.576 Executing VM operation: G1CollectFull done
Event: 1004.802 Executing VM operation: G1CollectFull
Event: 1004.838 Executing VM operation: G1CollectFull done
Event: 1015.004 Executing VM operation: G1CollectFull
Event: 1015.038 Executing VM operation: G1CollectFull done
Event: 1025.215 Executing VM operation: G1CollectFull
Event: 1025.252 Executing VM operation: G1CollectFull done
Event: 1036.407 Executing VM operation: G1CollectFull

Memory protections (0 events):
No events

Nmethod flushes (0 events):
No events

Events (20 events):
Event: 32.521 Thread 0x000002240eaec500 Thread added: 0x000002240eaeabb0
Event: 32.523 Thread 0x000002240eaea6a0 Thread added: 0x000002240eaebae0
Event: 33.850 Thread 0x000002240eaebae0 Thread added: 0x000002240eae9770
Event: 33.856 Thread 0x000002240eaebae0 Thread added: 0x000002240eae9c80
Event: 34.383 Thread 0x000002240eae9c80 Thread added: 0x000002240ffedab0
Event: 39.783 Thread 0x000002240ecb7290 Thread exited: 0x000002240ecb7290
Event: 45.968 Thread 0x000002240eaec500 Thread exited: 0x000002240eaec500
Event: 88.509 Thread 0x000002240f94d500 Thread exited: 0x000002240f94d500
Event: 89.828 Thread 0x000002240eae9260 Thread exited: 0x000002240eae9260
Event: 90.578 Thread 0x000002240f94d020 Thread exited: 0x000002240f94d020
Event: 94.399 Thread 0x000002240eae9770 Thread exited: 0x000002240eae9770
Event: 94.399 Thread 0x000002240eaebff0 Thread exited: 0x000002240eaebff0
Event: 94.698 Thread 0x000002240eaeabb0 Thread exited: 0x000002240eaeabb0
Event: 94.708 Thread 0x000002240ffedab0 Thread exited: 0x000002240ffedab0
Event: 333.186 Thread 0x000002240eae9c80 Thread added: 0x000002240eaeabb0
Event: 393.347 Thread 0x000002240eae9c80 Thread exited: 0x000002240eae9c80
Event: 393.889 Thread 0x000002240eaeabb0 Thread exited: 0x000002240eaeabb0
Event: 393.979 Thread 0x000002240eaea6a0 Thread exited: 0x000002240eaea6a0
Event: 394.732 Thread 0x000002240eaea190 Thread exited: 0x000002240eaea190
Event: 394.733 Thread 0x000002240eaebae0 Thread exited: 0x000002240eaebae0


Dynamic libraries:
0x00007ff6b8320000 - 0x00007ff6b832e000 	c:\Users\HIBA\.vscode\extensions\redhat.java-1.38.0-win32-x64\jre\17.0.13-win32-x86_64\bin\java.exe
0x00007ffdb9d90000 - 0x00007ffdb9fa7000 	C:\Windows\SYSTEM32\ntdll.dll
0x00007ffdb8890000 - 0x00007ffdb8954000 	C:\Windows\System32\KERNEL32.DLL
0x00007ffdb70a0000 - 0x00007ffdb7457000 	C:\Windows\System32\KERNELBASE.dll
0x00007ffdb7460000 - 0x00007ffdb7571000 	C:\Windows\System32\ucrtbase.dll
0x00007ffd98970000 - 0x00007ffd98987000 	c:\Users\HIBA\.vscode\extensions\redhat.java-1.38.0-win32-x64\jre\17.0.13-win32-x86_64\bin\jli.dll
0x00007ffdb7f50000 - 0x00007ffdb80ff000 	C:\Windows\System32\USER32.dll
0x00007ffdb79c0000 - 0x00007ffdb79e6000 	C:\Windows\System32\win32u.dll
0x00007ffdb7f20000 - 0x00007ffdb7f49000 	C:\Windows\System32\GDI32.dll
0x00007ffdb76f0000 - 0x00007ffdb7808000 	C:\Windows\System32\gdi32full.dll
0x00007ffdb7a20000 - 0x00007ffdb7aba000 	C:\Windows\System32\msvcp_win.dll
0x00007ffd924e0000 - 0x00007ffd924fe000 	c:\Users\HIBA\.vscode\extensions\redhat.java-1.38.0-win32-x64\jre\17.0.13-win32-x86_64\bin\VCRUNTIME140.dll
0x00007ffdb62b0000 - 0x00007ffdb6543000 	C:\Windows\WinSxS\amd64_microsoft.windows.common-controls_6595b64144ccf1df_6.0.22621.3672_none_2713b9d173822955\COMCTL32.dll
0x00007ffdb89e0000 - 0x00007ffdb8a87000 	C:\Windows\System32\msvcrt.dll
0x00007ffdb9980000 - 0x00007ffdb99b1000 	C:\Windows\System32\IMM32.DLL
0x00007ffda2820000 - 0x00007ffda282c000 	c:\Users\HIBA\.vscode\extensions\redhat.java-1.38.0-win32-x64\jre\17.0.13-win32-x86_64\bin\vcruntime140_1.dll
0x00007ffd845d0000 - 0x00007ffd8465d000 	c:\Users\HIBA\.vscode\extensions\redhat.java-1.38.0-win32-x64\jre\17.0.13-win32-x86_64\bin\msvcp140.dll
0x00007ffd2c240000 - 0x00007ffd2ceab000 	c:\Users\HIBA\.vscode\extensions\redhat.java-1.38.0-win32-x64\jre\17.0.13-win32-x86_64\bin\server\jvm.dll
0x00007ffdb8100000 - 0x00007ffdb81b2000 	C:\Windows\System32\ADVAPI32.dll
0x00007ffdb8af0000 - 0x00007ffdb8b98000 	C:\Windows\System32\sechost.dll
0x00007ffdb79f0000 - 0x00007ffdb7a18000 	C:\Windows\System32\bcrypt.dll
0x00007ffdb9860000 - 0x00007ffdb9974000 	C:\Windows\System32\RPCRT4.dll
0x00007ffdb8300000 - 0x00007ffdb8371000 	C:\Windows\System32\WS2_32.dll
0x00007ffdb6f70000 - 0x00007ffdb6fbd000 	C:\Windows\SYSTEM32\POWRPROF.dll
0x00007ffdae9e0000 - 0x00007ffdaea14000 	C:\Windows\SYSTEM32\WINMM.dll
0x00007ffdaf110000 - 0x00007ffdaf11a000 	C:\Windows\SYSTEM32\VERSION.dll
0x00007ffdb6f50000 - 0x00007ffdb6f63000 	C:\Windows\SYSTEM32\UMPDC.dll
0x00007ffdb57f0000 - 0x00007ffdb5808000 	C:\Windows\SYSTEM32\kernel.appcore.dll
0x00007ffd9a060000 - 0x00007ffd9a06a000 	c:\Users\HIBA\.vscode\extensions\redhat.java-1.38.0-win32-x64\jre\17.0.13-win32-x86_64\bin\jimage.dll
0x00007ffdb66f0000 - 0x00007ffdb6922000 	C:\Windows\SYSTEM32\DBGHELP.DLL
0x00007ffdb99c0000 - 0x00007ffdb9d4e000 	C:\Windows\System32\combase.dll
0x00007ffdb81c0000 - 0x00007ffdb8297000 	C:\Windows\System32\OLEAUT32.dll
0x00007ffdb6a40000 - 0x00007ffdb6a72000 	C:\Windows\SYSTEM32\dbgcore.DLL
0x00007ffdb7880000 - 0x00007ffdb78fb000 	C:\Windows\System32\bcryptPrimitives.dll
0x00007ffd843e0000 - 0x00007ffd84405000 	c:\Users\HIBA\.vscode\extensions\redhat.java-1.38.0-win32-x64\jre\17.0.13-win32-x86_64\bin\java.dll
0x00007ffd84360000 - 0x00007ffd84378000 	c:\Users\HIBA\.vscode\extensions\redhat.java-1.38.0-win32-x64\jre\17.0.13-win32-x86_64\bin\zip.dll
0x00007ffdb8c70000 - 0x00007ffdb94d9000 	C:\Windows\System32\SHELL32.dll
0x00007ffdb45e0000 - 0x00007ffdb4edf000 	C:\Windows\SYSTEM32\windows.storage.dll
0x00007ffdb4450000 - 0x00007ffdb458f000 	C:\Windows\SYSTEM32\wintypes.dll
0x00007ffdb7c40000 - 0x00007ffdb7d39000 	C:\Windows\System32\SHCORE.dll
0x00007ffdb82a0000 - 0x00007ffdb82fe000 	C:\Windows\System32\shlwapi.dll
0x00007ffdb6fd0000 - 0x00007ffdb6ff7000 	C:\Windows\SYSTEM32\profapi.dll
0x00007ffd845b0000 - 0x00007ffd845c9000 	C:\Users\HIBA\.vscode\extensions\redhat.java-1.38.0-win32-x64\jre\17.0.13-win32-x86_64\bin\net.dll
0x00007ffdaf540000 - 0x00007ffdaf676000 	C:\Windows\SYSTEM32\WINHTTP.dll
0x00007ffdb5c60000 - 0x00007ffdb5cc9000 	C:\Windows\system32\mswsock.dll
0x00007ffd84390000 - 0x00007ffd843a6000 	C:\Users\HIBA\.vscode\extensions\redhat.java-1.38.0-win32-x64\jre\17.0.13-win32-x86_64\bin\nio.dll
0x00007ffd84b70000 - 0x00007ffd84b80000 	c:\Users\HIBA\.vscode\extensions\redhat.java-1.38.0-win32-x64\jre\17.0.13-win32-x86_64\bin\verify.dll
0x00007ffdb6c50000 - 0x00007ffdb6c6b000 	C:\Windows\SYSTEM32\CRYPTSP.dll
0x00007ffdb5c20000 - 0x00007ffdb5c55000 	C:\Windows\system32\rsaenh.dll
0x00007ffdb5d70000 - 0x00007ffdb5d98000 	C:\Windows\SYSTEM32\USERENV.dll
0x00007ffdb6950000 - 0x00007ffdb695c000 	C:\Windows\SYSTEM32\CRYPTBASE.dll
0x00007ffdb52f0000 - 0x00007ffdb531d000 	C:\Windows\SYSTEM32\IPHLPAPI.DLL
0x00007ffdb8ba0000 - 0x00007ffdb8ba9000 	C:\Windows\System32\NSI.dll
0x00007ffdaf330000 - 0x00007ffdaf349000 	C:\Windows\SYSTEM32\dhcpcsvc6.DLL
0x00007ffdaf120000 - 0x00007ffdaf13f000 	C:\Windows\SYSTEM32\dhcpcsvc.DLL
0x00007ffdb5320000 - 0x00007ffdb5422000 	C:\Windows\SYSTEM32\DNSAPI.dll
0x00007ffd843d0000 - 0x00007ffd843da000 	C:\Users\HIBA\.vscode\extensions\redhat.java-1.38.0-win32-x64\jre\17.0.13-win32-x86_64\bin\management.dll
0x00007ffd843c0000 - 0x00007ffd843cb000 	C:\Users\HIBA\.vscode\extensions\redhat.java-1.38.0-win32-x64\jre\17.0.13-win32-x86_64\bin\management_ext.dll
0x00007ffdb8bb0000 - 0x00007ffdb8bb8000 	C:\Windows\System32\PSAPI.DLL
0x00007ffd843b0000 - 0x00007ffd843be000 	C:\Users\HIBA\.vscode\extensions\redhat.java-1.38.0-win32-x64\jre\17.0.13-win32-x86_64\bin\sunmscapi.dll
0x00007ffdb7580000 - 0x00007ffdb76e6000 	C:\Windows\System32\CRYPT32.dll
0x00007ffdb6190000 - 0x00007ffdb61bd000 	C:\Windows\SYSTEM32\ncrypt.dll
0x00007ffdb60b0000 - 0x00007ffdb60e7000 	C:\Windows\SYSTEM32\NTASN1.dll
0x00007ffda3740000 - 0x00007ffda374a000 	C:\Windows\System32\rasadhlp.dll
0x00007ffdaca20000 - 0x00007ffdacaa3000 	C:\Windows\System32\fwpuclnt.dll
0x00007ffd9aa60000 - 0x00007ffd9aa69000 	C:\Users\HIBA\.vscode\extensions\redhat.java-1.38.0-win32-x64\jre\17.0.13-win32-x86_64\bin\extnet.dll

dbghelp: loaded successfully - version: 4.0.5 - missing functions: none
symbol engine: initialized successfully - sym options: 0x614 - pdb path: .;c:\Users\HIBA\.vscode\extensions\redhat.java-1.38.0-win32-x64\jre\17.0.13-win32-x86_64\bin;C:\Windows\SYSTEM32;C:\Windows\WinSxS\amd64_microsoft.windows.common-controls_6595b64144ccf1df_6.0.22621.3672_none_2713b9d173822955;c:\Users\HIBA\.vscode\extensions\redhat.java-1.38.0-win32-x64\jre\17.0.13-win32-x86_64\bin\server

VM Arguments:
jvm_args: -Xmx1024m -Dsts.lsp.client=vscode -Dsts.log.file=/dev/null -XX:TieredStopAtLevel=1 -Xlog:jni+resolve=off -Dspring.config.location=file:c:\Users\HIBA\.vscode\extensions\vmware.vscode-spring-boot-1.56.0\language-server\BOOT-INF\classes\application.properties 
java_command: org.springframework.ide.vscode.boot.app.BootLanguageServerBootApp
java_class_path (initial): c:\Users\HIBA\.vscode\extensions\vmware.vscode-spring-boot-1.56.0\language-server\BOOT-INF\classes;c:\Users\HIBA\.vscode\extensions\vmware.vscode-spring-boot-1.56.0\language-server\BOOT-INF\lib\annotations-24.1.0.jar;c:\Users\HIBA\.vscode\extensions\vmware.vscode-spring-boot-1.56.0\language-server\BOOT-INF\lib\antlr4-runtime-4.13.1.jar;c:\Users\HIBA\.vscode\extensions\vmware.vscode-spring-boot-1.56.0\language-server\BOOT-INF\lib\asm-9.7.jar;c:\Users\HIBA\.vscode\extensions\vmware.vscode-spring-boot-1.56.0\language-server\BOOT-INF\lib\asm-analysis-9.7.jar;c:\Users\HIBA\.vscode\extensions\vmware.vscode-spring-boot-1.56.0\language-server\BOOT-INF\lib\asm-tree-9.7.jar;c:\Users\HIBA\.vscode\extensions\vmware.vscode-spring-boot-1.56.0\language-server\BOOT-INF\lib\asm-util-9.7.jar;c:\Users\HIBA\.vscode\extensions\vmware.vscode-spring-boot-1.56.0\language-server\BOOT-INF\lib\caffeine-3.1.8.jar;c:\Users\HIBA\.vscode\extensions\vmware.vscode-spring-boot-1.56.0\language-server\BOOT-INF\lib\checker-qual-3.12.0.jar;c:\Users\HIBA\.vscode\extensions\vmware.vscode-spring-boot-1.56.0\language-server\BOOT-INF\lib\classgraph-4.8.149.jar;c:\Users\HIBA\.vscode\extensions\vmware.vscode-spring-boot-1.56.0\language-server\BOOT-INF\lib\commons-codec-1.16.1.jar;c:\Users\HIBA\.vscode\extensions\vmware.vscode-spring-boot-1.56.0\language-server\BOOT-INF\lib\commons-compress-1.26.2.jar;c:\Users\HIBA\.vscode\extensions\vmware.vscode-spring-boot-1.56.0\language-server\BOOT-INF\lib\commons-io-2.16.1.jar;c:\Users\HIBA\.vscode\extensions\vmware.vscode-spring-boot-1.56.0\language-server\BOOT-INF\lib\commons-java-1.56.0-SNAPSHOT.jar;c:\Users\HIBA\.vscode\extensions\vmware.vscode-spring-boot-1.56.0\language-server\BOOT-INF\lib\commons-lang3-3.14.0.jar;c:\Users\HIBA\.vscode\extensions\vmware.vscode-spring-boot-1.56.0\language-server\BOOT-INF\lib\commons-language-server-1.56.0-SNAPSHOT.jar;c:\Users\HIBA\.vscode\extensions\vmware.vscode-spring-boot-1.56.0\language-server\BOOT-I
Launcher Type: SUN_STANDARD

[Global flags]
     intx CICompilerCount                          = 3                                         {product} {ergonomic}
     uint ConcGCThreads                            = 1                                         {product} {ergonomic}
     uint G1ConcRefinementThreads                  = 4                                         {product} {ergonomic}
   size_t G1HeapRegionSize                         = 1048576                                   {product} {ergonomic}
    uintx GCDrainStackTargetSize                   = 64                                        {product} {ergonomic}
   size_t InitialHeapSize                          = 65011712                                  {product} {ergonomic}
   size_t MarkStackSize                            = 4194304                                   {product} {ergonomic}
   size_t MaxHeapSize                              = 1073741824                                {product} {command line}
   size_t MaxNewSize                               = 643825664                                 {product} {ergonomic}
   size_t MinHeapDeltaBytes                        = 1048576                                   {product} {ergonomic}
   size_t MinHeapSize                              = 8388608                                   {product} {ergonomic}
    uintx NonProfiledCodeHeapSize                  = 0                                      {pd product} {ergonomic}
     bool ProfileInterpreter                       = false                                  {pd product} {command line}
    uintx ProfiledCodeHeapSize                     = 0                                      {pd product} {ergonomic}
   size_t SoftMaxHeapSize                          = 1073741824                             {manageable} {ergonomic}
     intx TieredStopAtLevel                        = 1                                         {product} {command line}
     bool UseCompressedClassPointers               = true                           {product lp64_product} {ergonomic}
     bool UseCompressedOops                        = true                           {product lp64_product} {ergonomic}
     bool UseG1GC                                  = true                                      {product} {ergonomic}
     bool UseLargePagesIndividualAllocation        = false                                  {pd product} {ergonomic}

Logging:
Log output configuration:
 #0: stdout all=warning,jni+resolve=off uptime,level,tags
 #1: stderr all=off uptime,level,tags

Environment Variables:
JAVA_HOME=C:\Program Files\Java\jdk-17
PATH=C:\Program Files\New folder\apache-maven-4.0.0-rc-2\bin;C:\Windows\system32;C:\Windows;C:\Windows\System32\Wbem;C:\Windows\System32\WindowsPowerShell\v1.0\;C:\Windows\System32\OpenSSH\;C:\Program Files\Microsoft VS Code\bin;C:\Program Files\php-8.3.10;C:\xampp\mysql\bin;C:\Program Files\MongoDB\Server\8.0\bin;C:\Program Files\nodejs\;C:\Program Files\Git\cmd;C:\Program Files\Java\jdk-17\bin;C:\Users\HIBA\scoop\shims;C:\Users\HIBA\AppData\Local\Microsoft\WindowsApps;C:\Users\HIBA\AppData\Local\ComposerSetup\bin;C:\Users\HIBA\AppData\Roaming\Composer\vendor\bin;C:\xampp\mysql\bin;C:\Users\HIBA\AppData\Roaming\npm
USERNAME=HIBA
OS=Windows_NT
PROCESSOR_IDENTIFIER=Intel64 Family 6 Model 142 Stepping 9, GenuineIntel
TMP=C:\Users\HIBA\AppData\Local\Temp
TEMP=C:\Users\HIBA\AppData\Local\Temp



Periodic native trim disabled


---------------  S Y S T E M  ---------------

OS:
 Windows 11 , 64 bit Build 22621 (10.0.22621.3958)
OS uptime: 0 days 16:36 hours

CPU: total 4 (initial active 4) (2 cores per cpu, 2 threads per core) family 6 model 142 stepping 9 microcode 0xde, cx8, cmov, fxsr, ht, mmx, 3dnowpref, sse, sse2, sse3, ssse3, sse4.1, sse4.2, popcnt, lzcnt, tsc, tscinvbit, avx, avx2, aes, erms, clmul, bmi1, bmi2, adx, fma, vzeroupper, clflush, clflushopt
Processor Information for all 4 processors :
  Max Mhz: 2300, Current Mhz: 2300, Mhz Limit: 2300

Memory: 4k page, system-wide physical 3962M (175M free)
TotalPageFile size 11642M (AvailPageFile size 3M)
current process WorkingSet (physical memory assigned to process): 49M, peak: 169M
current process commit charge ("private bytes"): 200M, peak: 210M

vm_info: OpenJDK 64-Bit Server VM (17.0.13+11) for windows-amd64 JRE (17.0.13+11), built on Oct 16 2024 00:10:08 by "admin" with MS VC++ 17.7 (VS2022)

END.
