#
# There is insufficient memory for the Java Runtime Environment to continue.
# Native memory allocation (mmap) failed to map 65536 bytes for Failed to commit metaspace.
# Possible reasons:
#   The system is out of physical RAM or swap space
#   The process is running with CompressedOops enabled, and the Java Heap may be blocking the growth of the native heap
# Possible solutions:
#   Reduce memory load on the system
#   Increase physical memory or swap space
#   Check if swap backing store is full
#   Decrease Java heap size (-Xmx/-Xms)
#   Decrease number of Java threads
#   Decrease Java thread stack sizes (-Xss)
#   Set larger code cache with -XX:ReservedCodeCacheSize=
#   JVM is running with Unscaled Compressed Oops mode in which the Java heap is
#     placed in the first 4GB address space. The Java Heap base address is the
#     maximum limit for the native heap growth. Please use -XX:HeapBaseMinAddress
#     to set the Java Heap base and to place the Java Heap above 4GB virtual address.
# This output file may be truncated or incomplete.
#
#  Out of Memory Error (virtualSpaceNode.cpp:110), pid=15016, tid=12428
#
# JRE version: Java(TM) SE Runtime Environment (17.0.12+8) (build 17.0.12+8-LTS-286)
# Java VM: Java HotSpot(TM) 64-Bit Server VM (17.0.12+8-LTS-286, mixed mode, emulated-client, sharing, tiered, compressed oops, compressed class ptrs, g1 gc, windows-amd64)
# No core dump will be written. Minidumps are not enabled by default on client versions of Windows
#

---------------  S U M M A R Y ------------

Command Line: -XX:TieredStopAtLevel=1 -Dspring.output.ansi.enabled=always -Dcom.sun.management.jmxremote -Dspring.jmx.enabled=true -Dspring.liveBeansView.mbeanDomain -Dspring.application.admin.enabled=true -Dmanagement.endpoints.jmx.exposure.include=* -javaagent:C:\Program Files\JetBrains\IntelliJ IDEA 2024.3.2\lib\idea_rt.jar=60085:C:\Program Files\JetBrains\IntelliJ IDEA 2024.3.2\bin -Dfile.encoding=UTF-8 ma.dnaengineering.backend.BackendApplication

Host: Intel(R) Core(TM) i3-7020U CPU @ 2.30GHz, 4 cores, 3G,  Windows 11 , 64 bit Build 22621 (10.0.22621.3958)
Time: Tue Jan 21 17:01:49 2025 Morocco Daylight Time elapsed time: 9.791843 seconds (0d 0h 0m 9s)

---------------  T H R E A D  ---------------

Current thread (0x000001dc794de310):  JavaThread "restartedMain" [_thread_in_vm, id=12428, stack(0x0000005753a00000,0x0000005753b00000)]

Stack: [0x0000005753a00000,0x0000005753b00000]
Native frames: (J=compiled Java code, j=interpreted, Vv=VM code, C=native code)
V  [jvm.dll+0x67a04a]
V  [jvm.dll+0x7da4ed]
V  [jvm.dll+0x7dbe33]
V  [jvm.dll+0x7dc4a3]
V  [jvm.dll+0x24508f]
V  [jvm.dll+0x7d60bb]
V  [jvm.dll+0x6206c6]
V  [jvm.dll+0x1bed07]
V  [jvm.dll+0x623022]
V  [jvm.dll+0x621086]
V  [jvm.dll+0x23ca75]
V  [jvm.dll+0x6d0ad3]
V  [jvm.dll+0x6d146f]
V  [jvm.dll+0x36e355]
V  [jvm.dll+0x36e1fb]
V  [jvm.dll+0x36d404]
V  [jvm.dll+0x36d3a8]
V  [jvm.dll+0x37d0ca]
C  0x000001dc2b4098b0

Java frames: (J=compiled Java code, j=interpreted, Vv=VM code)
j  org.hibernate.stat.internal.StatisticsInitiator.initiateServiceInternal(Lorg/hibernate/engine/spi/SessionFactoryImplementor;Ljava/lang/Object;Lorg/hibernate/service/spi/ServiceRegistryImplementor;)Lorg/hibernate/stat/spi/StatisticsImplementor;+95
j  org.hibernate.stat.internal.StatisticsInitiator.initiateService(Lorg/hibernate/service/spi/SessionFactoryServiceInitiatorContext;)Lorg/hibernate/stat/spi/StatisticsImplementor;+49
j  org.hibernate.stat.internal.StatisticsInitiator.initiateService(Lorg/hibernate/service/spi/SessionFactoryServiceInitiatorContext;)Lorg/hibernate/service/Service;+2
j  org.hibernate.service.internal.SessionFactoryServiceRegistryImpl.initiateService(Lorg/hibernate/service/spi/ServiceInitiator;)Lorg/hibernate/service/Service;+7
j  org.hibernate.service.internal.AbstractServiceRegistryImpl.createService(Lorg/hibernate/service/spi/ServiceBinding;)Lorg/hibernate/service/Service;+26
j  org.hibernate.service.internal.AbstractServiceRegistryImpl.initializeService(Lorg/hibernate/service/spi/ServiceBinding;)Lorg/hibernate/service/Service;+30
j  org.hibernate.service.internal.AbstractServiceRegistryImpl.getService(Ljava/lang/Class;)Lorg/hibernate/service/Service;+112
j  org.hibernate.service.internal.SessionFactoryServiceRegistryImpl.getService(Ljava/lang/Class;)Lorg/hibernate/service/Service;+32
j  org.hibernate.internal.SessionFactoryImpl.getStatistics()Lorg/hibernate/stat/spi/StatisticsImplementor;+15
j  org.hibernate.internal.SessionImpl.<init>(Lorg/hibernate/internal/SessionFactoryImpl;Lorg/hibernate/internal/SessionCreationOptions;)V+113
j  org.hibernate.internal.SessionFactoryImpl$SessionBuilderImpl.openSession()Lorg/hibernate/internal/SessionImpl;+21
j  org.hibernate.internal.SessionFactoryImpl$SessionBuilderImpl.openSession()Lorg/hibernate/Session;+1
j  org.hibernate.internal.SessionFactoryImpl.buildEntityManager(Ljakarta/persistence/SynchronizationType;Ljava/util/Map;)Lorg/hibernate/Session;+80
j  org.hibernate.internal.SessionFactoryImpl.createEntityManager()Lorg/hibernate/Session;+9
j  org.hibernate.internal.SessionFactoryImpl.createEntityManager()Ljakarta/persistence/EntityManager;+1
v  ~StubRoutines::call_stub
J 3661  jdk.internal.reflect.NativeMethodAccessorImpl.invoke0(Ljava/lang/reflect/Method;Ljava/lang/Object;[Ljava/lang/Object;)Ljava/lang/Object; java.base@17.0.12 (0 bytes) @ 0x000001dc2bbb0b27 [0x000001dc2bbb0aa0+0x0000000000000087]
J 3660 c1 jdk.internal.reflect.NativeMethodAccessorImpl.invoke(Ljava/lang/Object;[Ljava/lang/Object;)Ljava/lang/Object; java.base@17.0.12 (137 bytes) @ 0x000001dc2bbb1314 [0x000001dc2bbb1000+0x0000000000000314]
J 3563 c1 jdk.internal.reflect.DelegatingMethodAccessorImpl.invoke(Ljava/lang/Object;[Ljava/lang/Object;)Ljava/lang/Object; java.base@17.0.12 (10 bytes) @ 0x000001dc2bb8d164 [0x000001dc2bb8d120+0x0000000000000044]
J 3576 c1 java.lang.reflect.Method.invoke(Ljava/lang/Object;[Ljava/lang/Object;)Ljava/lang/Object; java.base@17.0.12 (65 bytes) @ 0x000001dc2bb92264 [0x000001dc2bb92160+0x0000000000000104]
j  org.springframework.orm.jpa.AbstractEntityManagerFactoryBean.invokeProxyMethod(Ljava/lang/reflect/Method;[Ljava/lang/Object;)Ljava/lang/Object;+168
j  org.springframework.orm.jpa.AbstractEntityManagerFactoryBean$ManagedEntityManagerFactoryInvocationHandler.invoke(Ljava/lang/Object;Ljava/lang/reflect/Method;[Ljava/lang/Object;)Ljava/lang/Object;+182
j  jdk.proxy4.$Proxy103.createEntityManager()Ljakarta/persistence/EntityManager;+9 jdk.proxy4
j  org.springframework.orm.jpa.SharedEntityManagerCreator$SharedEntityManagerInvocationHandler.invoke(Ljava/lang/Object;Ljava/lang/reflect/Method;[Ljava/lang/Object;)Ljava/lang/Object;+713
j  jdk.proxy4.$Proxy110.getDelegate()Ljava/lang/Object;+9 jdk.proxy4
j  org.springframework.data.jpa.provider.PersistenceProvider.fromEntityManager(Ljakarta/persistence/EntityManager;)Lorg/springframework/data/jpa/provider/PersistenceProvider;+7
j  org.springframework.data.jpa.repository.support.JpaRepositoryFactory.<init>(Ljakarta/persistence/EntityManager;)V+24
j  org.springframework.data.jpa.repository.support.JpaRepositoryFactoryBean.createRepositoryFactory(Ljakarta/persistence/EntityManager;)Lorg/springframework/data/repository/core/support/RepositoryFactorySupport;+5
j  org.springframework.data.jpa.repository.support.JpaRepositoryFactoryBean.doCreateRepositoryFactory()Lorg/springframework/data/repository/core/support/RepositoryFactorySupport;+22
j  org.springframework.data.repository.core.support.TransactionalRepositoryFactoryBeanSupport.createRepositoryFactory()Lorg/springframework/data/repository/core/support/RepositoryFactorySupport;+1
j  org.springframework.data.repository.core.support.RepositoryFactoryBeanSupport.afterPropertiesSet()V+2
j  org.springframework.data.jpa.repository.support.JpaRepositoryFactoryBean.afterPropertiesSet()V+18
j  org.springframework.beans.factory.support.AbstractAutowireCapableBeanFactory.invokeInitMethods(Ljava/lang/String;Ljava/lang/Object;Lorg/springframework/beans/factory/support/RootBeanDefinition;)V+56
j  org.springframework.beans.factory.support.AbstractAutowireCapableBeanFactory.initializeBean(Ljava/lang/String;Ljava/lang/Object;Lorg/springframework/beans/factory/support/RootBeanDefinition;)Ljava/lang/Object;+34
j  org.springframework.beans.factory.support.AbstractAutowireCapableBeanFactory.doCreateBean(Ljava/lang/String;Lorg/springframework/beans/factory/support/RootBeanDefinition;[Ljava/lang/Object;)Ljava/lang/Object;+228
j  org.springframework.beans.factory.support.AbstractAutowireCapableBeanFactory.createBean(Ljava/lang/String;Lorg/springframework/beans/factory/support/RootBeanDefinition;[Ljava/lang/Object;)Ljava/lang/Object;+153
j  org.springframework.beans.factory.support.AbstractBeanFactory.lambda$doGetBean$0(Ljava/lang/String;Lorg/springframework/beans/factory/support/RootBeanDefinition;[Ljava/lang/Object;)Ljava/lang/Object;+4
j  org.springframework.beans.factory.support.AbstractBeanFactory$$Lambda$368+0x000001dc35242e78.getObject()Ljava/lang/Object;+16
j  org.springframework.beans.factory.support.DefaultSingletonBeanRegistry.getSingleton(Ljava/lang/String;Lorg/springframework/beans/factory/ObjectFactory;)Ljava/lang/Object;+114
J 2740 c1 org.springframework.beans.factory.support.AbstractBeanFactory.doGetBean(Ljava/lang/String;Ljava/lang/Class;[Ljava/lang/Object;Z)Ljava/lang/Object; (740 bytes) @ 0x000001dc2ba3c744 [0x000001dc2ba3c180+0x00000000000005c4]
j  org.springframework.beans.factory.support.AbstractBeanFactory.getBean(Ljava/lang/String;)Ljava/lang/Object;+5
j  org.springframework.beans.factory.config.DependencyDescriptor.resolveCandidate(Ljava/lang/String;Ljava/lang/Class;Lorg/springframework/beans/factory/BeanFactory;)Ljava/lang/Object;+2
j  org.springframework.beans.factory.support.DefaultListableBeanFactory.doResolveDependency(Lorg/springframework/beans/factory/config/DependencyDescriptor;Ljava/lang/String;Ljava/util/Set;Lorg/springframework/beans/TypeConverter;)Ljava/lang/Object;+473
j  org.springframework.beans.factory.support.DefaultListableBeanFactory.resolveDependency(Lorg/springframework/beans/factory/config/DependencyDescriptor;Ljava/lang/String;Ljava/util/Set;Lorg/springframework/beans/TypeConverter;)Ljava/lang/Object;+117
j  org.springframework.beans.factory.support.ConstructorResolver.resolveAutowiredArgument(Lorg/springframework/beans/factory/config/DependencyDescriptor;Ljava/lang/Class;Ljava/lang/String;Ljava/util/Set;Lorg/springframework/beans/TypeConverter;Z)Ljava/lang/Object;+53
j  org.springframework.beans.factory.support.ConstructorResolver.createArgumentArray(Ljava/lang/String;Lorg/springframework/beans/factory/support/RootBeanDefinition;Lorg/springframework/beans/factory/config/ConstructorArgumentValues;Lorg/springframework/beans/BeanWrapper;[Ljava/lang/Class;[Ljava/lang/String;Ljava/lang/reflect/Executable;ZZ)Lorg/springframework/beans/factory/support/ConstructorResolver$ArgumentsHolder;+420
j  org.springframework.beans.factory.support.ConstructorResolver.autowireConstructor(Ljava/lang/String;Lorg/springframework/beans/factory/support/RootBeanDefinition;[Ljava/lang/reflect/Constructor;[Ljava/lang/Object;)Lorg/springframework/beans/BeanWrapper;+530
j  org.springframework.beans.factory.support.AbstractAutowireCapableBeanFactory.autowireConstructor(Ljava/lang/String;Lorg/springframework/beans/factory/support/RootBeanDefinition;[Ljava/lang/reflect/Constructor;[Ljava/lang/Object;)Lorg/springframework/beans/BeanWrapper;+13
j  org.springframework.beans.factory.support.AbstractAutowireCapableBeanFactory.createBeanInstance(Ljava/lang/String;Lorg/springframework/beans/factory/support/RootBeanDefinition;[Ljava/lang/Object;)Lorg/springframework/beans/BeanWrapper;+209
j  org.springframework.beans.factory.support.AbstractAutowireCapableBeanFactory.doCreateBean(Ljava/lang/String;Lorg/springframework/beans/factory/support/RootBeanDefinition;[Ljava/lang/Object;)Ljava/lang/Object;+34
j  org.springframework.beans.factory.support.AbstractAutowireCapableBeanFactory.createBean(Ljava/lang/String;Lorg/springframework/beans/factory/support/RootBeanDefinition;[Ljava/lang/Object;)Ljava/lang/Object;+153
j  org.springframework.beans.factory.support.AbstractBeanFactory.lambda$doGetBean$0(Ljava/lang/String;Lorg/springframework/beans/factory/support/RootBeanDefinition;[Ljava/lang/Object;)Ljava/lang/Object;+4
j  org.springframework.beans.factory.support.AbstractBeanFactory$$Lambda$368+0x000001dc35242e78.getObject()Ljava/lang/Object;+16
j  org.springframework.beans.factory.support.DefaultSingletonBeanRegistry.getSingleton(Ljava/lang/String;Lorg/springframework/beans/factory/ObjectFactory;)Ljava/lang/Object;+114
J 2740 c1 org.springframework.beans.factory.support.AbstractBeanFactory.doGetBean(Ljava/lang/String;Ljava/lang/Class;[Ljava/lang/Object;Z)Ljava/lang/Object; (740 bytes) @ 0x000001dc2ba3c744 [0x000001dc2ba3c180+0x00000000000005c4]
j  org.springframework.beans.factory.support.AbstractBeanFactory.getBean(Ljava/lang/String;)Ljava/lang/Object;+5
j  org.springframework.beans.factory.config.DependencyDescriptor.resolveCandidate(Ljava/lang/String;Ljava/lang/Class;Lorg/springframework/beans/factory/BeanFactory;)Ljava/lang/Object;+2
j  org.springframework.beans.factory.support.DefaultListableBeanFactory.doResolveDependency(Lorg/springframework/beans/factory/config/DependencyDescriptor;Ljava/lang/String;Ljava/util/Set;Lorg/springframework/beans/TypeConverter;)Ljava/lang/Object;+473
j  org.springframework.beans.factory.support.DefaultListableBeanFactory.resolveDependency(Lorg/springframework/beans/factory/config/DependencyDescriptor;Ljava/lang/String;Ljava/util/Set;Lorg/springframework/beans/TypeConverter;)Ljava/lang/Object;+117
j  org.springframework.beans.factory.support.ConstructorResolver.resolveAutowiredArgument(Lorg/springframework/beans/factory/config/DependencyDescriptor;Ljava/lang/Class;Ljava/lang/String;Ljava/util/Set;Lorg/springframework/beans/TypeConverter;Z)Ljava/lang/Object;+53
j  org.springframework.beans.factory.support.ConstructorResolver.createArgumentArray(Ljava/lang/String;Lorg/springframework/beans/factory/support/RootBeanDefinition;Lorg/springframework/beans/factory/config/ConstructorArgumentValues;Lorg/springframework/beans/BeanWrapper;[Ljava/lang/Class;[Ljava/lang/String;Ljava/lang/reflect/Executable;ZZ)Lorg/springframework/beans/factory/support/ConstructorResolver$ArgumentsHolder;+420
j  org.springframework.beans.factory.support.ConstructorResolver.autowireConstructor(Ljava/lang/String;Lorg/springframework/beans/factory/support/RootBeanDefinition;[Ljava/lang/reflect/Constructor;[Ljava/lang/Object;)Lorg/springframework/beans/BeanWrapper;+530
j  org.springframework.beans.factory.support.AbstractAutowireCapableBeanFactory.autowireConstructor(Ljava/lang/String;Lorg/springframework/beans/factory/support/RootBeanDefinition;[Ljava/lang/reflect/Constructor;[Ljava/lang/Object;)Lorg/springframework/beans/BeanWrapper;+13
j  org.springframework.beans.factory.support.AbstractAutowireCapableBeanFactory.createBeanInstance(Ljava/lang/String;Lorg/springframework/beans/factory/support/RootBeanDefinition;[Ljava/lang/Object;)Lorg/springframework/beans/BeanWrapper;+209
j  org.springframework.beans.factory.support.AbstractAutowireCapableBeanFactory.doCreateBean(Ljava/lang/String;Lorg/springframework/beans/factory/support/RootBeanDefinition;[Ljava/lang/Object;)Ljava/lang/Object;+34
j  org.springframework.beans.factory.support.AbstractAutowireCapableBeanFactory.createBean(Ljava/lang/String;Lorg/springframework/beans/factory/support/RootBeanDefinition;[Ljava/lang/Object;)Ljava/lang/Object;+153
j  org.springframework.beans.factory.support.AbstractBeanFactory.lambda$doGetBean$0(Ljava/lang/String;Lorg/springframework/beans/factory/support/RootBeanDefinition;[Ljava/lang/Object;)Ljava/lang/Object;+4
j  org.springframework.beans.factory.support.AbstractBeanFactory$$Lambda$368+0x000001dc35242e78.getObject()Ljava/lang/Object;+16
j  org.springframework.beans.factory.support.DefaultSingletonBeanRegistry.getSingleton(Ljava/lang/String;Lorg/springframework/beans/factory/ObjectFactory;)Ljava/lang/Object;+114
J 2740 c1 org.springframework.beans.factory.support.AbstractBeanFactory.doGetBean(Ljava/lang/String;Ljava/lang/Class;[Ljava/lang/Object;Z)Ljava/lang/Object; (740 bytes) @ 0x000001dc2ba3c744 [0x000001dc2ba3c180+0x00000000000005c4]
j  org.springframework.beans.factory.support.AbstractBeanFactory.getBean(Ljava/lang/String;)Ljava/lang/Object;+5
j  org.springframework.beans.factory.support.DefaultListableBeanFactory.preInstantiateSingletons()V+152
j  org.springframework.context.support.AbstractApplicationContext.finishBeanFactoryInitialization(Lorg/springframework/beans/factory/config/ConfigurableListableBeanFactory;)V+130
j  org.springframework.context.support.AbstractApplicationContext.refresh()V+94
j  org.springframework.boot.web.servlet.context.ServletWebServerApplicationContext.refresh()V+1
j  org.springframework.boot.SpringApplication.refresh(Lorg/springframework/context/ConfigurableApplicationContext;)V+1
j  org.springframework.boot.SpringApplication.refreshContext(Lorg/springframework/context/ConfigurableApplicationContext;)V+16
j  org.springframework.boot.SpringApplication.run([Ljava/lang/String;)Lorg/springframework/context/ConfigurableApplicationContext;+110
j  org.springframework.boot.SpringApplication.run([Ljava/lang/Class;[Ljava/lang/String;)Lorg/springframework/context/ConfigurableApplicationContext;+9
j  org.springframework.boot.SpringApplication.run(Ljava/lang/Class;[Ljava/lang/String;)Lorg/springframework/context/ConfigurableApplicationContext;+9
j  ma.dnaengineering.backend.BackendApplication.main([Ljava/lang/String;)V+3
v  ~StubRoutines::call_stub
j  jdk.internal.reflect.NativeMethodAccessorImpl.invoke0(Ljava/lang/reflect/Method;Ljava/lang/Object;[Ljava/lang/Object;)Ljava/lang/Object;+0 java.base@17.0.12
j  jdk.internal.reflect.NativeMethodAccessorImpl.invoke(Ljava/lang/Object;[Ljava/lang/Object;)Ljava/lang/Object;+133 java.base@17.0.12
j  jdk.internal.reflect.DelegatingMethodAccessorImpl.invoke(Ljava/lang/Object;[Ljava/lang/Object;)Ljava/lang/Object;+6 java.base@17.0.12
j  java.lang.reflect.Method.invoke(Ljava/lang/Object;[Ljava/lang/Object;)Ljava/lang/Object;+59 java.base@17.0.12
j  org.springframework.boot.devtools.restart.RestartLauncher.run()V+47
v  ~StubRoutines::call_stub

---------------  P R O C E S S  ---------------

Threads class SMR info:
_java_thread_list=0x000001dc7ac6d9e0, length=27, elements={
0x000001dc2236c140, 0x000001dc22427800, 0x000001dc333324e0, 0x000001dc3333e070,
0x000001dc3333ea30, 0x000001dc33340810, 0x000001dc333415e0, 0x000001dc33366480,
0x000001dc3336eda0, 0x000001dc3332c590, 0x000001dc3332ca70, 0x000001dc338b1dc0,
0x000001dc338b52b0, 0x000001dc7916d3d0, 0x000001dc79144b70, 0x000001dc791c2c30,
0x000001dc79230910, 0x000001dc794e0680, 0x000001dc794e0170, 0x000001dc794de310,
0x000001dc79842e70, 0x000001dc794dd3e0, 0x000001dc794ded30, 0x000001dc794dd8f0,
0x000001dc794df240, 0x000001dc7a730fe0, 0x000001dc7a72ec70
}

Java Threads: ( => current thread )
  0x000001dc2236c140 JavaThread "main" [_thread_blocked, id=696, stack(0x0000005751c00000,0x0000005751d00000)]
  0x000001dc22427800 JavaThread "Reference Handler" daemon [_thread_blocked, id=14544, stack(0x0000005752300000,0x0000005752400000)]
  0x000001dc333324e0 JavaThread "Finalizer" daemon [_thread_blocked, id=6492, stack(0x0000005752400000,0x0000005752500000)]
  0x000001dc3333e070 JavaThread "Signal Dispatcher" daemon [_thread_blocked, id=8000, stack(0x0000005752500000,0x0000005752600000)]
  0x000001dc3333ea30 JavaThread "Attach Listener" daemon [_thread_blocked, id=6556, stack(0x0000005752600000,0x0000005752700000)]
  0x000001dc33340810 JavaThread "Service Thread" daemon [_thread_blocked, id=6248, stack(0x0000005752700000,0x0000005752800000)]
  0x000001dc333415e0 JavaThread "Monitor Deflation Thread" daemon [_thread_blocked, id=10100, stack(0x0000005752800000,0x0000005752900000)]
  0x000001dc33366480 JavaThread "C1 CompilerThread0" daemon [_thread_blocked, id=8400, stack(0x0000005752900000,0x0000005752a00000)]
  0x000001dc3336eda0 JavaThread "Sweeper thread" daemon [_thread_blocked, id=13900, stack(0x0000005752a00000,0x0000005752b00000)]
  0x000001dc3332c590 JavaThread "Common-Cleaner" daemon [_thread_blocked, id=15264, stack(0x0000005752b00000,0x0000005752c00000)]
  0x000001dc3332ca70 JavaThread "C1 CompilerThread1" daemon [_thread_blocked, id=10980, stack(0x0000005752c00000,0x0000005752d00000)]
  0x000001dc338b1dc0 JavaThread "Monitor Ctrl-Break" daemon [_thread_in_native, id=8768, stack(0x0000005752d00000,0x0000005752e00000)]
  0x000001dc338b52b0 JavaThread "Notification Thread" daemon [_thread_blocked, id=9476, stack(0x0000005752e00000,0x0000005752f00000)]
  0x000001dc7916d3d0 JavaThread "RMI TCP Accept-0" daemon [_thread_in_native, id=3912, stack(0x0000005752f00000,0x0000005753000000)]
  0x000001dc79144b70 JavaThread "RMI TCP Connection(1)-192.168.1.6" daemon [_thread_in_native, id=5596, stack(0x0000005753000000,0x0000005753100000)]
  0x000001dc791c2c30 JavaThread "RMI Scheduler(0)" daemon [_thread_blocked, id=14164, stack(0x0000005753200000,0x0000005753300000)]
  0x000001dc79230910 JavaThread "JMX server connection timeout 19" daemon [_thread_blocked, id=5532, stack(0x0000005753700000,0x0000005753800000)]
  0x000001dc794e0680 JavaThread "RMI TCP Connection(2)-192.168.1.6" daemon [_thread_in_native, id=14116, stack(0x0000005753800000,0x0000005753900000)]
  0x000001dc794e0170 JavaThread "Thread-0" [_thread_blocked, id=15204, stack(0x0000005753900000,0x0000005753a00000)]
=>0x000001dc794de310 JavaThread "restartedMain" [_thread_in_vm, id=12428, stack(0x0000005753a00000,0x0000005753b00000)]
  0x000001dc79842e70 JavaThread "C1 CompilerThread2" daemon [_thread_blocked, id=9332, stack(0x0000005753b00000,0x0000005753c00000)]
  0x000001dc794dd3e0 JavaThread "Catalina-utility-1" [_thread_blocked, id=11320, stack(0x0000005753c00000,0x0000005753d00000)]
  0x000001dc794ded30 JavaThread "Catalina-utility-2" [_thread_blocked, id=9676, stack(0x0000005753d00000,0x0000005753e00000)]
  0x000001dc794dd8f0 JavaThread "container-0" [_thread_blocked, id=14920, stack(0x0000005753e00000,0x0000005753f00000)]
  0x000001dc794df240 JavaThread "mysql-cj-abandoned-connection-cleanup" daemon [_thread_blocked, id=14712, stack(0x0000005753f00000,0x0000005754000000)]
  0x000001dc7a730fe0 JavaThread "HikariPool-1 housekeeper" daemon [_thread_blocked, id=13708, stack(0x0000005754100000,0x0000005754200000)]
  0x000001dc7a72ec70 JavaThread "HikariPool-1 connection adder" daemon [_thread_blocked, id=9776, stack(0x0000005754200000,0x0000005754300000)]

Other Threads:
  0x000001dc22425d10 VMThread "VM Thread" [stack: 0x0000005752200000,0x0000005752300000] [id=14492]
  0x000001dc224289c0 WatcherThread [stack: 0x0000005753100000,0x0000005753200000] [id=11284]
  0x000001dc223aa390 GCTaskThread "GC Thread#0" [stack: 0x0000005751d00000,0x0000005751e00000] [id=10828]
  0x000001dc7922edf0 GCTaskThread "GC Thread#1" [stack: 0x0000005753300000,0x0000005753400000] [id=15208]
  0x000001dc7923f430 GCTaskThread "GC Thread#2" [stack: 0x0000005753400000,0x0000005753500000] [id=9664]
  0x000001dc7923f6f0 GCTaskThread "GC Thread#3" [stack: 0x0000005753500000,0x0000005753600000] [id=9928]
  0x000001dc223b2df0 ConcurrentGCThread "G1 Main Marker" [stack: 0x0000005751e00000,0x0000005751f00000] [id=9032]
  0x000001dc223b4eb0 ConcurrentGCThread "G1 Conc#0" [stack: 0x0000005751f00000,0x0000005752000000] [id=10412]
  0x000001dc223f2030 ConcurrentGCThread "G1 Refine#0" [stack: 0x0000005752000000,0x0000005752100000] [id=12100]
  0x000001dc79231450 ConcurrentGCThread "G1 Refine#1" [stack: 0x0000005753600000,0x0000005753700000] [id=1728]
  0x000001dc223f3970 ConcurrentGCThread "G1 Service" [stack: 0x0000005752100000,0x0000005752200000] [id=13872]

Threads with active compile tasks:

VM state: not at safepoint (normal execution)

VM Mutex/Monitor currently owned by a thread:  ([mutex/lock_event])
[0x000001dc22367190] Metaspace_lock - owner thread: 0x000001dc794de310

Heap address: 0x00000000c2000000, size: 992 MB, Compressed Oops mode: 32-bit

CDS archive(s) mapped at: [0x000001dc34000000-0x000001dc34bd0000-0x000001dc34bd0000), size 12386304, SharedBaseAddress: 0x000001dc34000000, ArchiveRelocationMode: 1.
Compressed class space mapped at: 0x000001dc35000000-0x000001dc75000000, reserved size: 1073741824
Narrow klass base: 0x000001dc34000000, Narrow klass shift: 0, Narrow klass range: 0x100000000

GC Precious Log:
 CPUs: 4 total, 4 available
 Memory: 3962M
 Large Page Support: Disabled
 NUMA Support: Disabled
 Compressed Oops: Enabled (32-bit)
 Heap Region Size: 1M
 Heap Min Capacity: 8M
 Heap Initial Capacity: 62M
 Heap Max Capacity: 992M
 Pre-touch: Disabled
 Parallel Workers: 4
 Concurrent Workers: 1
 Concurrent Refinement Workers: 4
 Periodic GC: Disabled

Heap:
 garbage-first heap   total 66560K, used 30148K [0x00000000c2000000, 0x0000000100000000)
  region size 1024K, 9 young (9216K), 2 survivors (2048K)
 Metaspace       used 52097K, committed 52672K, reserved 1114112K
  class space    used 7430K, committed 7744K, reserved 1048576K

Heap Regions: E=young(eden), S=young(survivor), O=old, HS=humongous(starts), HC=humongous(continues), CS=collection set, F=free, OA=open archive, CA=closed archive, TAMS=top-at-mark-start (previous, next)
|   0|0x00000000c2000000, 0x00000000c2100000, 0x00000000c2100000|100%|HS|  |TAMS 0x00000000c2100000, 0x00000000c2000000| Complete 
|   1|0x00000000c2100000, 0x00000000c2200000, 0x00000000c2200000|100%| O|  |TAMS 0x00000000c2200000, 0x00000000c2100000| Untracked 
|   2|0x00000000c2200000, 0x00000000c2300000, 0x00000000c2300000|100%| O|  |TAMS 0x00000000c2300000, 0x00000000c2200000| Untracked 
|   3|0x00000000c2300000, 0x00000000c2400000, 0x00000000c2400000|100%| O|  |TAMS 0x00000000c2400000, 0x00000000c2300000| Untracked 
|   4|0x00000000c2400000, 0x00000000c2500000, 0x00000000c2500000|100%| O|  |TAMS 0x00000000c2500000, 0x00000000c2400000| Untracked 
|   5|0x00000000c2500000, 0x00000000c2600000, 0x00000000c2600000|100%| O|  |TAMS 0x00000000c2600000, 0x00000000c2500000| Untracked 
|   6|0x00000000c2600000, 0x00000000c2700000, 0x00000000c2700000|100%| O|  |TAMS 0x00000000c2700000, 0x00000000c2600000| Untracked 
|   7|0x00000000c2700000, 0x00000000c2800000, 0x00000000c2800000|100%| O|  |TAMS 0x00000000c2800000, 0x00000000c2700000| Untracked 
|   8|0x00000000c2800000, 0x00000000c2900000, 0x00000000c2900000|100%| O|  |TAMS 0x00000000c2900000, 0x00000000c2800000| Untracked 
|   9|0x00000000c2900000, 0x00000000c2a00000, 0x00000000c2a00000|100%| O|  |TAMS 0x00000000c2a00000, 0x00000000c2900000| Untracked 
|  10|0x00000000c2a00000, 0x00000000c2b00000, 0x00000000c2b00000|100%| O|  |TAMS 0x00000000c2b00000, 0x00000000c2a00000| Untracked 
|  11|0x00000000c2b00000, 0x00000000c2c00000, 0x00000000c2c00000|100%| O|  |TAMS 0x00000000c2c00000, 0x00000000c2b00000| Untracked 
|  12|0x00000000c2c00000, 0x00000000c2d00000, 0x00000000c2d00000|100%| O|  |TAMS 0x00000000c2d00000, 0x00000000c2c00000| Untracked 
|  13|0x00000000c2d00000, 0x00000000c2d39800, 0x00000000c2e00000| 22%| O|  |TAMS 0x00000000c2d39800, 0x00000000c2d00000| Untracked 
|  14|0x00000000c2e00000, 0x00000000c2f00000, 0x00000000c2f00000|100%| O|  |TAMS 0x00000000c2f00000, 0x00000000c2e00000| Untracked 
|  15|0x00000000c2f00000, 0x00000000c3000000, 0x00000000c3000000|100%| O|  |TAMS 0x00000000c3000000, 0x00000000c2f00000| Untracked 
|  16|0x00000000c3000000, 0x00000000c3100000, 0x00000000c3100000|100%| O|  |TAMS 0x00000000c3100000, 0x00000000c3000000| Untracked 
|  17|0x00000000c3100000, 0x00000000c3200000, 0x00000000c3200000|100%| O|  |TAMS 0x00000000c3200000, 0x00000000c3100000| Untracked 
|  18|0x00000000c3200000, 0x00000000c3300000, 0x00000000c3300000|100%| O|  |TAMS 0x00000000c32b8a00, 0x00000000c3200000| Untracked 
|  19|0x00000000c3300000, 0x00000000c3400000, 0x00000000c3400000|100%| O|  |TAMS 0x00000000c3300000, 0x00000000c3300000| Untracked 
|  20|0x00000000c3400000, 0x00000000c3500000, 0x00000000c3500000|100%| O|  |TAMS 0x00000000c3400000, 0x00000000c3400000| Untracked 
|  21|0x00000000c3500000, 0x00000000c3600000, 0x00000000c3600000|100%| O|  |TAMS 0x00000000c3500000, 0x00000000c3500000| Untracked 
|  22|0x00000000c3600000, 0x00000000c3698a00, 0x00000000c3700000| 59%| O|  |TAMS 0x00000000c3600000, 0x00000000c3600000| Untracked 
|  23|0x00000000c3700000, 0x00000000c3700000, 0x00000000c3800000|  0%| F|  |TAMS 0x00000000c3700000, 0x00000000c3700000| Untracked 
|  24|0x00000000c3800000, 0x00000000c3800000, 0x00000000c3900000|  0%| F|  |TAMS 0x00000000c3800000, 0x00000000c3800000| Untracked 
|  25|0x00000000c3900000, 0x00000000c3900000, 0x00000000c3a00000|  0%| F|  |TAMS 0x00000000c3900000, 0x00000000c3900000| Untracked 
|  26|0x00000000c3a00000, 0x00000000c3a00000, 0x00000000c3b00000|  0%| F|  |TAMS 0x00000000c3a00000, 0x00000000c3a00000| Untracked 
|  27|0x00000000c3b00000, 0x00000000c3b00000, 0x00000000c3c00000|  0%| F|  |TAMS 0x00000000c3b00000, 0x00000000c3b00000| Untracked 
|  28|0x00000000c3c00000, 0x00000000c3c00000, 0x00000000c3d00000|  0%| F|  |TAMS 0x00000000c3c00000, 0x00000000c3c00000| Untracked 
|  29|0x00000000c3d00000, 0x00000000c3d00000, 0x00000000c3e00000|  0%| F|  |TAMS 0x00000000c3d00000, 0x00000000c3d00000| Untracked 
|  30|0x00000000c3e00000, 0x00000000c3e00000, 0x00000000c3f00000|  0%| F|  |TAMS 0x00000000c3e00000, 0x00000000c3e00000| Untracked 
|  31|0x00000000c3f00000, 0x00000000c3f00000, 0x00000000c4000000|  0%| F|  |TAMS 0x00000000c3f00000, 0x00000000c3f00000| Untracked 
|  32|0x00000000c4000000, 0x00000000c4000000, 0x00000000c4100000|  0%| F|  |TAMS 0x00000000c4000000, 0x00000000c4000000| Untracked 
|  33|0x00000000c4100000, 0x00000000c4100000, 0x00000000c4200000|  0%| F|  |TAMS 0x00000000c4100000, 0x00000000c4100000| Untracked 
|  34|0x00000000c4200000, 0x00000000c4200000, 0x00000000c4300000|  0%| F|  |TAMS 0x00000000c4200000, 0x00000000c4200000| Untracked 
|  35|0x00000000c4300000, 0x00000000c439ee60, 0x00000000c4400000| 62%| S|CS|TAMS 0x00000000c4300000, 0x00000000c4300000| Complete 
|  36|0x00000000c4400000, 0x00000000c4500000, 0x00000000c4500000|100%| S|CS|TAMS 0x00000000c4400000, 0x00000000c4400000| Complete 
|  37|0x00000000c4500000, 0x00000000c4500000, 0x00000000c4600000|  0%| F|  |TAMS 0x00000000c4500000, 0x00000000c4500000| Untracked 
|  38|0x00000000c4600000, 0x00000000c4600000, 0x00000000c4700000|  0%| F|  |TAMS 0x00000000c4600000, 0x00000000c4600000| Untracked 
|  39|0x00000000c4700000, 0x00000000c4700000, 0x00000000c4800000|  0%| F|  |TAMS 0x00000000c4700000, 0x00000000c4700000| Untracked 
|  40|0x00000000c4800000, 0x00000000c4800000, 0x00000000c4900000|  0%| F|  |TAMS 0x00000000c4800000, 0x00000000c4800000| Untracked 
|  41|0x00000000c4900000, 0x00000000c4900000, 0x00000000c4a00000|  0%| F|  |TAMS 0x00000000c4900000, 0x00000000c4900000| Untracked 
|  42|0x00000000c4a00000, 0x00000000c4a00000, 0x00000000c4b00000|  0%| F|  |TAMS 0x00000000c4a00000, 0x00000000c4a00000| Untracked 
|  43|0x00000000c4b00000, 0x00000000c4b00000, 0x00000000c4c00000|  0%| F|  |TAMS 0x00000000c4b00000, 0x00000000c4b00000| Untracked 
|  44|0x00000000c4c00000, 0x00000000c4c00000, 0x00000000c4d00000|  0%| F|  |TAMS 0x00000000c4c00000, 0x00000000c4c00000| Untracked 
|  45|0x00000000c4d00000, 0x00000000c4d00000, 0x00000000c4e00000|  0%| F|  |TAMS 0x00000000c4d00000, 0x00000000c4d00000| Untracked 
|  46|0x00000000c4e00000, 0x00000000c4e00000, 0x00000000c4f00000|  0%| F|  |TAMS 0x00000000c4e00000, 0x00000000c4e00000| Untracked 
|  47|0x00000000c4f00000, 0x00000000c4f00000, 0x00000000c5000000|  0%| F|  |TAMS 0x00000000c4f00000, 0x00000000c4f00000| Untracked 
|  48|0x00000000c5000000, 0x00000000c5000000, 0x00000000c5100000|  0%| F|  |TAMS 0x00000000c5000000, 0x00000000c5000000| Untracked 
|  49|0x00000000c5100000, 0x00000000c5100000, 0x00000000c5200000|  0%| F|  |TAMS 0x00000000c5100000, 0x00000000c5100000| Untracked 
|  50|0x00000000c5200000, 0x00000000c5200000, 0x00000000c5300000|  0%| F|  |TAMS 0x00000000c5200000, 0x00000000c5200000| Untracked 
|  51|0x00000000c5300000, 0x00000000c5300000, 0x00000000c5400000|  0%| F|  |TAMS 0x00000000c5300000, 0x00000000c5300000| Untracked 
|  52|0x00000000c5400000, 0x00000000c5400000, 0x00000000c5500000|  0%| F|  |TAMS 0x00000000c5400000, 0x00000000c5400000| Untracked 
|  53|0x00000000c5500000, 0x00000000c5500000, 0x00000000c5600000|  0%| F|  |TAMS 0x00000000c5500000, 0x00000000c5500000| Untracked 
|  54|0x00000000c5600000, 0x00000000c5600000, 0x00000000c5700000|  0%| F|  |TAMS 0x00000000c5600000, 0x00000000c5600000| Untracked 
|  55|0x00000000c5700000, 0x00000000c5700000, 0x00000000c5800000|  0%| F|  |TAMS 0x00000000c5700000, 0x00000000c5700000| Untracked 
|  56|0x00000000c5800000, 0x00000000c5800000, 0x00000000c5900000|  0%| F|  |TAMS 0x00000000c5800000, 0x00000000c5800000| Untracked 
|  57|0x00000000c5900000, 0x00000000c5900000, 0x00000000c5a00000|  0%| F|  |TAMS 0x00000000c5900000, 0x00000000c5900000| Untracked 
|  58|0x00000000c5a00000, 0x00000000c5a07e68, 0x00000000c5b00000|  3%| E|  |TAMS 0x00000000c5a00000, 0x00000000c5a00000| Complete 
|  59|0x00000000c5b00000, 0x00000000c5c00000, 0x00000000c5c00000|100%| E|CS|TAMS 0x00000000c5b00000, 0x00000000c5b00000| Complete 
|  60|0x00000000c5c00000, 0x00000000c5d00000, 0x00000000c5d00000|100%| E|CS|TAMS 0x00000000c5c00000, 0x00000000c5c00000| Complete 
|  61|0x00000000c5d00000, 0x00000000c5e00000, 0x00000000c5e00000|100%| E|CS|TAMS 0x00000000c5d00000, 0x00000000c5d00000| Complete 
|  62|0x00000000c5e00000, 0x00000000c5f00000, 0x00000000c5f00000|100%| E|CS|TAMS 0x00000000c5e00000, 0x00000000c5e00000| Complete 
|  63|0x00000000c5f00000, 0x00000000c6000000, 0x00000000c6000000|100%| E|CS|TAMS 0x00000000c5f00000, 0x00000000c5f00000| Complete 
|  64|0x00000000c6000000, 0x00000000c6100000, 0x00000000c6100000|100%| E|CS|TAMS 0x00000000c6000000, 0x00000000c6000000| Complete 

Card table byte_map: [0x000001dc2ea90000,0x000001dc2ec80000] _byte_map_base: 0x000001dc2e480000

Marking Bits (Prev, Next): (CMBitMap*) 0x000001dc223aa8f0, (CMBitMap*) 0x000001dc223aa8b0
 Prev Bits: [0x000001dc2fdf0000, 0x000001dc30d70000)
 Next Bits: [0x000001dc2ee70000, 0x000001dc2fdf0000)

Polling page: 0x000001dc22430000

Metaspace:

Usage:
  Non-class:     43.62 MB used.
      Class:      7.26 MB used.
       Both:     50.88 MB used.

Virtual space:
  Non-class space:       64.00 MB reserved,      43.88 MB ( 69%) committed,  1 nodes.
      Class space:        1.00 GB reserved,       7.56 MB ( <1%) committed,  1 nodes.
             Both:        1.06 GB reserved,      51.44 MB (  5%) committed. 

Chunk freelists:
   Non-Class:  3.92 MB
       Class:  8.42 MB
        Both:  12.34 MB

MaxMetaspaceSize: unlimited
CompressedClassSpaceSize: 1.00 GB
Initial GC threshold: 21.00 MB
Current GC threshold: 73.25 MB
CDS: on
MetaspaceReclaimPolicy: balanced
 - commit_granule_bytes: 65536.
 - commit_granule_words: 8192.
 - virtual_space_node_default_size: 8388608.
 - enlarge_chunks_in_place: 1.
 - new_chunks_are_fully_committed: 0.
 - uncommit_free_chunks: 1.
 - use_allocation_guard: 0.
 - handle_deallocations: 1.


Internal statistics:

num_allocs_failed_limit: 9.
num_arena_births: 758.
num_arena_deaths: 0.
num_vsnodes_births: 2.
num_vsnodes_deaths: 0.
num_space_committed: 823.
num_space_uncommitted: 0.
num_chunks_returned_to_freelist: 9.
num_chunks_taken_from_freelist: 2699.
num_chunk_merges: 9.
num_chunk_splits: 1933.
num_chunks_enlarged: 1461.
num_inconsistent_stats: 0.

CodeCache: size=49152Kb used=9128Kb max_used=9128Kb free=40023Kb
 bounds [0x000001dc2b3f0000, 0x000001dc2bce0000, 0x000001dc2e3f0000]
 total_blobs=5060 nmethods=4433 adapters=552
 compilation: enabled
              stopped_count=0, restarted_count=0
 full_count=0

Compilation events (20 events):
Event: 9.633 Thread 0x000001dc33366480 4422       1       java.lang.Class::getGenericInterfaces (21 bytes)
Event: 9.633 Thread 0x000001dc33366480 nmethod 4422 0x000001dc2bcd5210 code [0x000001dc2bcd53e0, 0x000001dc2bcd5618]
Event: 9.638 Thread 0x000001dc79842e70 4423       1       org.springframework.core.convert.support.GenericConversionService$Converters::addInterfacesToClassHierarchy (51 bytes)
Event: 9.639 Thread 0x000001dc79842e70 nmethod 4423 0x000001dc2bcd5790 code [0x000001dc2bcd5960, 0x000001dc2bcd5c08]
Event: 9.681 Thread 0x000001dc3332ca70 4424       1       org.springframework.core.ResolvableType::resolveType (146 bytes)
Event: 9.682 Thread 0x000001dc3332ca70 nmethod 4424 0x000001dc2bcd5e90 code [0x000001dc2bcd60e0, 0x000001dc2bcd6718]
Event: 9.684 Thread 0x000001dc79842e70 4425       1       sun.reflect.generics.reflectiveObjects.WildcardTypeImpl::getLowerBounds (34 bytes)
Event: 9.685 Thread 0x000001dc33366480 4426       1       sun.reflect.generics.reflectiveObjects.WildcardTypeImpl::getUpperBounds (34 bytes)
Event: 9.685 Thread 0x000001dc79842e70 nmethod 4425 0x000001dc2bcd6990 code [0x000001dc2bcd6b40, 0x000001dc2bcd6dd8]
Event: 9.685 Thread 0x000001dc33366480 nmethod 4426 0x000001dc2bcd6e90 code [0x000001dc2bcd7040, 0x000001dc2bcd72d8]
Event: 9.688 Thread 0x000001dc33366480 4427       1       sun.reflect.generics.visitor.Reifier::reifyTypeArguments (38 bytes)
Event: 9.688 Thread 0x000001dc79842e70 4428       1       sun.reflect.generics.reflectiveObjects.WildcardTypeImpl::hashCode (20 bytes)
Event: 9.688 Thread 0x000001dc33366480 nmethod 4427 0x000001dc2bcd7390 code [0x000001dc2bcd7540, 0x000001dc2bcd7828]
Event: 9.689 Thread 0x000001dc79842e70 nmethod 4428 0x000001dc2bcd7990 code [0x000001dc2bcd7b80, 0x000001dc2bcd8038]
Event: 9.710 Thread 0x000001dc33366480 4429       1       java.lang.invoke.MemberName::asNormalOriginal (113 bytes)
Event: 9.710 Thread 0x000001dc33366480 nmethod 4429 0x000001dc2bcd8210 code [0x000001dc2bcd83e0, 0x000001dc2bcd8678]
Event: 9.718 Thread 0x000001dc79842e70 4430       1       org.springframework.core.convert.support.GenericConversionService$ConverterAdapter::<init> (41 bytes)
Event: 9.718 Thread 0x000001dc33366480 4431       1       org.springframework.core.convert.support.GenericConversionService$ConverterAdapter::getConvertibleTypes (8 bytes)
Event: 9.718 Thread 0x000001dc33366480 nmethod 4431 0x000001dc2bcd8810 code [0x000001dc2bcd89a0, 0x000001dc2bcd8b18]
Event: 9.719 Thread 0x000001dc79842e70 nmethod 4430 0x000001dc2bcd8b90 code [0x000001dc2bcd8d60, 0x000001dc2bcd9278]

GC Heap History (20 events):
Event: 3.336 GC heap before
{Heap before GC invocations=2 (full 0):
 garbage-first heap   total 63488K, used 26796K [0x00000000c2000000, 0x0000000100000000)
  region size 1024K, 19 young (19456K), 1 survivors (1024K)
 Metaspace       used 10333K, committed 10624K, reserved 1114112K
  class space    used 1383K, committed 1536K, reserved 1048576K
}
Event: 3.340 GC heap after
{Heap after GC invocations=3 (full 0):
 garbage-first heap   total 63488K, used 9428K [0x00000000c2000000, 0x0000000100000000)
  region size 1024K, 2 young (2048K), 2 survivors (2048K)
 Metaspace       used 10333K, committed 10624K, reserved 1114112K
  class space    used 1383K, committed 1536K, reserved 1048576K
}
Event: 4.013 GC heap before
{Heap before GC invocations=3 (full 0):
 garbage-first heap   total 63488K, used 38100K [0x00000000c2000000, 0x0000000100000000)
  region size 1024K, 31 young (31744K), 2 survivors (2048K)
 Metaspace       used 17012K, committed 17280K, reserved 1114112K
  class space    used 2251K, committed 2368K, reserved 1048576K
}
Event: 4.024 GC heap after
{Heap after GC invocations=4 (full 0):
 garbage-first heap   total 63488K, used 11277K [0x00000000c2000000, 0x0000000100000000)
  region size 1024K, 4 young (4096K), 4 survivors (4096K)
 Metaspace       used 17012K, committed 17280K, reserved 1114112K
  class space    used 2251K, committed 2368K, reserved 1048576K
}
Event: 5.013 GC heap before
{Heap before GC invocations=4 (full 0):
 garbage-first heap   total 63488K, used 40973K [0x00000000c2000000, 0x0000000100000000)
  region size 1024K, 33 young (33792K), 4 survivors (4096K)
 Metaspace       used 20045K, committed 20416K, reserved 1114112K
  class space    used 2696K, committed 2880K, reserved 1048576K
}
Event: 5.026 GC heap after
{Heap after GC invocations=5 (full 0):
 garbage-first heap   total 63488K, used 14154K [0x00000000c2000000, 0x0000000100000000)
  region size 1024K, 5 young (5120K), 5 survivors (5120K)
 Metaspace       used 20045K, committed 20416K, reserved 1114112K
  class space    used 2696K, committed 2880K, reserved 1048576K
}
Event: 5.321 GC heap before
{Heap before GC invocations=5 (full 0):
 garbage-first heap   total 63488K, used 22346K [0x00000000c2000000, 0x0000000100000000)
  region size 1024K, 15 young (15360K), 5 survivors (5120K)
 Metaspace       used 21189K, committed 21504K, reserved 1114112K
  class space    used 2856K, committed 3008K, reserved 1048576K
}
Event: 5.329 GC heap after
{Heap after GC invocations=6 (full 0):
 garbage-first heap   total 63488K, used 14566K [0x00000000c2000000, 0x0000000100000000)
  region size 1024K, 1 young (1024K), 1 survivors (1024K)
 Metaspace       used 21189K, committed 21504K, reserved 1114112K
  class space    used 2856K, committed 3008K, reserved 1048576K
}
Event: 6.223 GC heap before
{Heap before GC invocations=7 (full 0):
 garbage-first heap   total 55296K, used 45286K [0x00000000c2000000, 0x0000000100000000)
  region size 1024K, 31 young (31744K), 1 survivors (1024K)
 Metaspace       used 25482K, committed 25920K, reserved 1114112K
  class space    used 3563K, committed 3776K, reserved 1048576K
}
Event: 6.230 GC heap after
{Heap after GC invocations=8 (full 0):
 garbage-first heap   total 55296K, used 16981K [0x00000000c2000000, 0x0000000100000000)
  region size 1024K, 4 young (4096K), 4 survivors (4096K)
 Metaspace       used 25482K, committed 25920K, reserved 1114112K
  class space    used 3563K, committed 3776K, reserved 1048576K
}
Event: 6.745 GC heap before
{Heap before GC invocations=8 (full 0):
 garbage-first heap   total 55296K, used 38485K [0x00000000c2000000, 0x0000000100000000)
  region size 1024K, 26 young (26624K), 4 survivors (4096K)
 Metaspace       used 28263K, committed 28800K, reserved 1114112K
  class space    used 3934K, committed 4224K, reserved 1048576K
}
Event: 6.757 GC heap after
{Heap after GC invocations=9 (full 0):
 garbage-first heap   total 55296K, used 18725K [0x00000000c2000000, 0x0000000100000000)
  region size 1024K, 2 young (2048K), 2 survivors (2048K)
 Metaspace       used 28263K, committed 28800K, reserved 1114112K
  class space    used 3934K, committed 4224K, reserved 1048576K
}
Event: 7.482 GC heap before
{Heap before GC invocations=9 (full 0):
 garbage-first heap   total 55296K, used 40229K [0x00000000c2000000, 0x0000000100000000)
  region size 1024K, 23 young (23552K), 2 survivors (2048K)
 Metaspace       used 33480K, committed 33984K, reserved 1114112K
  class space    used 4720K, committed 4992K, reserved 1048576K
}
Event: 7.487 GC heap after
{Heap after GC invocations=10 (full 0):
 garbage-first heap   total 66560K, used 19540K [0x00000000c2000000, 0x0000000100000000)
  region size 1024K, 3 young (3072K), 3 survivors (3072K)
 Metaspace       used 33480K, committed 33984K, reserved 1114112K
  class space    used 4720K, committed 4992K, reserved 1048576K
}
Event: 7.695 GC heap before
{Heap before GC invocations=10 (full 0):
 garbage-first heap   total 66560K, used 27732K [0x00000000c2000000, 0x0000000100000000)
  region size 1024K, 12 young (12288K), 3 survivors (3072K)
 Metaspace       used 35616K, committed 36096K, reserved 1114112K
  class space    used 4997K, committed 5248K, reserved 1048576K
}
Event: 7.701 GC heap after
{Heap after GC invocations=11 (full 0):
 garbage-first heap   total 66560K, used 20324K [0x00000000c2000000, 0x0000000100000000)
  region size 1024K, 2 young (2048K), 2 survivors (2048K)
 Metaspace       used 35616K, committed 36096K, reserved 1114112K
  class space    used 4997K, committed 5248K, reserved 1048576K
}
Event: 8.615 GC heap before
{Heap before GC invocations=12 (full 0):
 garbage-first heap   total 66560K, used 50020K [0x00000000c2000000, 0x0000000100000000)
  region size 1024K, 32 young (32768K), 2 survivors (2048K)
 Metaspace       used 43981K, committed 44480K, reserved 1114112K
  class space    used 6220K, committed 6400K, reserved 1048576K
}
Event: 8.621 GC heap after
{Heap after GC invocations=13 (full 0):
 garbage-first heap   total 66560K, used 22452K [0x00000000c2000000, 0x0000000100000000)
  region size 1024K, 4 young (4096K), 4 survivors (4096K)
 Metaspace       used 43981K, committed 44480K, reserved 1114112K
  class space    used 6220K, committed 6400K, reserved 1048576K
}
Event: 9.595 GC heap before
{Heap before GC invocations=14 (full 0):
 garbage-first heap   total 66560K, used 51124K [0x00000000c2000000, 0x0000000100000000)
  region size 1024K, 32 young (32768K), 4 survivors (4096K)
 Metaspace       used 50898K, committed 51520K, reserved 1114112K
  class space    used 7312K, committed 7616K, reserved 1048576K
}
Event: 9.603 GC heap after
{Heap after GC invocations=15 (full 0):
 garbage-first heap   total 66560K, used 24004K [0x00000000c2000000, 0x0000000100000000)
  region size 1024K, 2 young (2048K), 2 survivors (2048K)
 Metaspace       used 50898K, committed 51520K, reserved 1114112K
  class space    used 7312K, committed 7616K, reserved 1048576K
}

Deoptimization events (0 events):
No events

Classes unloaded (0 events):
No events

Classes redefined (0 events):
No events

Internal exceptions (20 events):
Event: 8.479 Thread 0x000001dc794de310 Exception <a 'java/lang/IncompatibleClassChangeError'{0x00000000c469bfd0}: Found class java.lang.Object, but interface was expected> (0x00000000c469bfd0) 
thrown [s\open\src\hotspot\share\interpreter\linkResolver.cpp, line 826]
Event: 8.500 Thread 0x000001dc794de310 Exception <a 'java/lang/NoSuchMethodError'{0x00000000c456b250}: 'java.lang.Object java.lang.invoke.DirectMethodHandle$Holder.invokeStatic(java.lang.Object, java.lang.Object, int, java.lang.Object)'> (0x00000000c456b250) 
thrown [s\open\src\hotspot\share\interpreter\linkResolver.cpp, line 759]
Event: 8.500 Thread 0x000001dc794de310 Exception <a 'java/lang/NoSuchMethodError'{0x00000000c456ece8}: 'java.lang.Object java.lang.invoke.DirectMethodHandle$Holder.invokeStaticInit(java.lang.Object, java.lang.Object, int, java.lang.Object)'> (0x00000000c456ece8) 
thrown [s\open\src\hotspot\share\interpreter\linkResolver.cpp, line 759]
Event: 9.118 Thread 0x000001dc794de310 Exception <a 'java/lang/NoSuchMethodError'{0x00000000c5014238}: 'void java.lang.invoke.DirectMethodHandle$Holder.invokeInterface(java.lang.Object, java.lang.Object, int, java.lang.Object)'> (0x00000000c5014238) 
thrown [s\open\src\hotspot\share\interpreter\linkResolver.cpp, line 759]
Event: 9.122 Thread 0x000001dc794de310 Exception <a 'java/lang/NoSuchMethodError'{0x00000000c503bc98}: 'java.lang.Object java.lang.invoke.DirectMethodHandle$Holder.newInvokeSpecial(java.lang.Object, java.lang.Object, int, java.lang.Object)'> (0x00000000c503bc98) 
thrown [s\open\src\hotspot\share\interpreter\linkResolver.cpp, line 759]
Event: 9.122 Thread 0x000001dc794de310 Exception <a 'java/lang/NoSuchMethodError'{0x00000000c503f860}: 'java.lang.Object java.lang.invoke.Invokers$Holder.linkToTargetMethod(java.lang.Object, int, java.lang.Object, java.lang.Object)'> (0x00000000c503f860) 
thrown [s\open\src\hotspot\share\interpreter\linkResolver.cpp, line 759]
Event: 9.140 Thread 0x000001dc794de310 Exception <a 'java/lang/NoSuchMethodError'{0x00000000c50e5bc0}: 'java.lang.Object java.lang.invoke.DirectMethodHandle$Holder.newInvokeSpecial(java.lang.Object, java.lang.Object, int)'> (0x00000000c50e5bc0) 
thrown [s\open\src\hotspot\share\interpreter\linkResolver.cpp, line 759]
Event: 9.174 Thread 0x000001dc794de310 Exception <a 'java/lang/NoSuchMethodError'{0x00000000c4e44008}: 'int java.lang.invoke.DirectMethodHandle$Holder.invokeStatic(java.lang.Object, int, java.lang.Object)'> (0x00000000c4e44008) 
thrown [s\open\src\hotspot\share\interpreter\linkResolver.cpp, line 759]
Event: 9.178 Thread 0x000001dc794de310 Exception <a 'java/lang/NoSuchMethodError'{0x00000000c4e649a8}: 'java.lang.Object java.lang.invoke.DirectMethodHandle$Holder.newInvokeSpecial(java.lang.Object, java.lang.Object, java.lang.Object, java.lang.Object, java.lang.Object, int, java.lang.Object)'> (0x00000000c4e649a8) 
thrown [s\open\src\hotspot\share\interpreter\linkResolver.cpp, line 759]
Event: 9.184 Thread 0x000001dc794de310 Exception <a 'java/lang/NoSuchMethodError'{0x00000000c4e9ccb8}: 'java.lang.Object java.lang.invoke.DirectMethodHandle$Holder.newInvokeSpecial(java.lang.Object, java.lang.Object, java.lang.Object, java.lang.Object, java.lang.Object, java.lang.Object, java.lang.Object, java.lang.Object, java.lang.Object, java.lang.Object, java.lang.Object, java.lang.Object)'> (0x00000000c4e9ccb8) 
thrown [s\open\src\hotspot\share\interpreter\linkResolver.cpp, line 759]
Event: 9.184 Thread 0x000001dc794de310 Exception <a 'java/lang/NoSuchMethodError'{0x00000000c4ea1750}: 'java.lang.Object java.lang.invoke.DirectMethodHandle$Holder.invokeSpecial(java.lang.Object, java.lang.Object, java.lang.Object, java.lang.Object, java.lang.Object, java.lang.Object, java.lang.Object, java.lang.Object, java.lang.Object, java.lang.Object, java.lang.Object, java.lang.Object, java.lang.Object)'> (0x00000000c4ea1750) 
thrown [s\open\src\hotspot\share\interpreter\linkResolver.cpp, line 759]
Event: 9.184 Thread 0x000001dc794de310 Exception <a 'java/lang/NoSuchMethodError'{0x00000000c4ea5e68}: 'java.lang.Object java.lang.invoke.Invokers$Holder.linkToTargetMethod(java.lang.Object, java.lang.Object, java.lang.Object, java.lang.Object, java.lang.Object, java.lang.Object, java.lang.Object, java.lang.Object, java.lang.Object, java.lang.Object, java.lang.Object, java.lang.Object)'> (0x00000000c4ea5e68) 
thrown [s\open\src\hotspot\share\interpreter\linkResolver.cpp, line 759]
Event: 9.224 Thread 0x000001dc794de310 Exception <a 'java/lang/NoSuchMethodError'{0x00000000c4c59b58}: 'java.lang.Object java.lang.invoke.DirectMethodHandle$Holder.newInvokeSpecial(java.lang.Object, java.lang.Object, java.lang.Object, java.lang.Object, java.lang.Object, java.lang.Object)'> (0x00000000c4c59b58) 
thrown [s\open\src\hotspot\share\interpreter\linkResolver.cpp, line 759]
Event: 9.238 Thread 0x000001dc794de310 Exception <a 'java/lang/NoSuchMethodError'{0x00000000c4cc99a8}: 'java.lang.Object java.lang.invoke.DirectMethodHandle$Holder.newInvokeSpecial(java.lang.Object, java.lang.Object, java.lang.Object, java.lang.Object, java.lang.Object, java.lang.Object, java.lang.Object, int)'> (0x00000000c4cc99a8) 
thrown [s\open\src\hotspot\share\interpreter\linkResolver.cpp, line 759]
Event: 9.239 Thread 0x000001dc794de310 Exception <a 'java/lang/NoSuchMethodError'{0x00000000c4ccec48}: 'java.lang.Object java.lang.invoke.DirectMethodHandle$Holder.invokeSpecial(java.lang.Object, java.lang.Object, java.lang.Object, java.lang.Object, java.lang.Object, java.lang.Object, java.lang.Object, java.lang.Object, int)'> (0x00000000c4ccec48) 
thrown [s\open\src\hotspot\share\interpreter\linkResolver.cpp, line 759]
Event: 9.239 Thread 0x000001dc794de310 Exception <a 'java/lang/NoSuchMethodError'{0x00000000c4cd3710}: 'java.lang.Object java.lang.invoke.Invokers$Holder.linkToTargetMethod(java.lang.Object, java.lang.Object, java.lang.Object, java.lang.Object, java.lang.Object, java.lang.Object, int, java.lang.Object)'> (0x00000000c4cd3710) 
thrown [s\open\src\hotspot\share\interpreter\linkResolver.cpp, line 759]
Event: 9.270 Thread 0x000001dc794de310 Exception <a 'java/lang/NoSuchMethodError'{0x00000000c4ba8ab8}: 'void java.lang.invoke.DirectMethodHandle$Holder.invokeInterface(java.lang.Object, java.lang.Object)'> (0x00000000c4ba8ab8) 
thrown [s\open\src\hotspot\share\interpreter\linkResolver.cpp, line 759]
Event: 9.633 Thread 0x000001dc794de310 Exception <a 'java/lang/IncompatibleClassChangeError'{0x00000000c5f86420}: Found class java.lang.Object, but interface was expected> (0x00000000c5f86420) 
thrown [s\open\src\hotspot\share\interpreter\linkResolver.cpp, line 826]
Event: 9.647 Thread 0x000001dc794de310 Exception <a 'java/lang/IncompatibleClassChangeError'{0x00000000c5e05d58}: Found class java.lang.Object, but interface was expected> (0x00000000c5e05d58) 
thrown [s\open\src\hotspot\share\interpreter\linkResolver.cpp, line 826]
Event: 9.707 Thread 0x000001dc794de310 Exception <a 'java/lang/IncompatibleClassChangeError'{0x00000000c5d8ca30}: Found class java.lang.Object, but interface was expected> (0x00000000c5d8ca30) 
thrown [s\open\src\hotspot\share\interpreter\linkResolver.cpp, line 826]

VM Operations (20 events):
Event: 7.481 Executing VM operation: G1CollectForAllocation
Event: 7.487 Executing VM operation: G1CollectForAllocation done
Event: 7.694 Executing VM operation: CollectForMetadataAllocation
Event: 7.701 Executing VM operation: CollectForMetadataAllocation done
Event: 7.732 Executing VM operation: CollectForMetadataAllocation
Event: 7.732 Executing VM operation: CollectForMetadataAllocation done
Event: 7.756 Executing VM operation: G1Concurrent
Event: 7.762 Executing VM operation: G1Concurrent done
Event: 7.785 Executing VM operation: G1Concurrent
Event: 7.785 Executing VM operation: G1Concurrent done
Event: 8.615 Executing VM operation: G1CollectForAllocation
Event: 8.621 Executing VM operation: G1CollectForAllocation done
Event: 8.663 Executing VM operation: G1Concurrent
Event: 8.666 Executing VM operation: G1Concurrent done
Event: 8.688 Executing VM operation: G1Concurrent
Event: 8.688 Executing VM operation: G1Concurrent done
Event: 9.020 Executing VM operation: HandshakeAllThreads
Event: 9.020 Executing VM operation: HandshakeAllThreads done
Event: 9.594 Executing VM operation: G1CollectForAllocation
Event: 9.603 Executing VM operation: G1CollectForAllocation done

Events (20 events):
Event: 8.469 loading class java/util/concurrent/CancellationException
Event: 8.469 loading class java/util/concurrent/CancellationException done
Event: 8.538 Thread 0x000001dc7a733350 Thread added: 0x000001dc7a733350
Event: 8.545 Thread 0x000001dc7a733350 Thread exited: 0x000001dc7a733350
Event: 8.979 loading class java/lang/reflect/AnnotatedArrayType
Event: 8.979 loading class java/lang/reflect/AnnotatedArrayType done
Event: 9.047 Thread 0x000001dc7a732930 Thread added: 0x000001dc7a732930
Event: 9.053 Thread 0x000001dc7a732930 Thread exited: 0x000001dc7a732930
Event: 9.482 loading class javax/naming/Reference
Event: 9.483 loading class javax/naming/Reference done
Event: 9.549 loading class java/lang/SafeVarargs
Event: 9.550 loading class java/lang/SafeVarargs done
Event: 9.552 loading class sun/reflect/generics/reflectiveObjects/GenericArrayTypeImpl
Event: 9.552 loading class sun/reflect/generics/reflectiveObjects/GenericArrayTypeImpl done
Event: 9.556 Thread 0x000001dc7a732420 Thread added: 0x000001dc7a732420
Event: 9.563 Thread 0x000001dc7a732420 Thread exited: 0x000001dc7a732420
Event: 9.632 loading class java/util/concurrent/ConcurrentHashMap$TreeNode
Event: 9.632 loading class java/util/concurrent/ConcurrentHashMap$TreeNode done
Event: 9.632 loading class java/util/concurrent/ConcurrentHashMap$TreeBin
Event: 9.633 loading class java/util/concurrent/ConcurrentHashMap$TreeBin done


Dynamic libraries:
0x00007ff6969f0000 - 0x00007ff696a00000 	C:\Program Files\Java\jdk-17\bin\java.exe
0x00007ffdb9d90000 - 0x00007ffdb9fa7000 	C:\Windows\SYSTEM32\ntdll.dll
0x00007ffdb8890000 - 0x00007ffdb8954000 	C:\Windows\System32\KERNEL32.DLL
0x00007ffdb70a0000 - 0x00007ffdb7457000 	C:\Windows\System32\KERNELBASE.dll
0x00007ffdb7460000 - 0x00007ffdb7571000 	C:\Windows\System32\ucrtbase.dll
0x00007ffd925a0000 - 0x00007ffd925bb000 	C:\Program Files\Java\jdk-17\bin\VCRUNTIME140.dll
0x00007ffd921e0000 - 0x00007ffd921f9000 	C:\Program Files\Java\jdk-17\bin\jli.dll
0x00007ffdb8100000 - 0x00007ffdb81b2000 	C:\Windows\System32\ADVAPI32.dll
0x00007ffdb89e0000 - 0x00007ffdb8a87000 	C:\Windows\System32\msvcrt.dll
0x00007ffdb8af0000 - 0x00007ffdb8b98000 	C:\Windows\System32\sechost.dll
0x00007ffdb79f0000 - 0x00007ffdb7a18000 	C:\Windows\System32\bcrypt.dll
0x00007ffdb9860000 - 0x00007ffdb9974000 	C:\Windows\System32\RPCRT4.dll
0x00007ffdb7f50000 - 0x00007ffdb80ff000 	C:\Windows\System32\USER32.dll
0x00007ffdb79c0000 - 0x00007ffdb79e6000 	C:\Windows\System32\win32u.dll
0x00007ffdb7f20000 - 0x00007ffdb7f49000 	C:\Windows\System32\GDI32.dll
0x00007ffdb76f0000 - 0x00007ffdb7808000 	C:\Windows\System32\gdi32full.dll
0x00007ffdb7a20000 - 0x00007ffdb7aba000 	C:\Windows\System32\msvcp_win.dll
0x00007ffdb62b0000 - 0x00007ffdb6543000 	C:\Windows\WinSxS\amd64_microsoft.windows.common-controls_6595b64144ccf1df_6.0.22621.3672_none_2713b9d173822955\COMCTL32.dll
0x00007ffdaf110000 - 0x00007ffdaf11a000 	C:\Windows\SYSTEM32\VERSION.dll
0x00007ffdb9980000 - 0x00007ffdb99b1000 	C:\Windows\System32\IMM32.DLL
0x00007ffdadd80000 - 0x00007ffdadd8c000 	C:\Program Files\Java\jdk-17\bin\vcruntime140_1.dll
0x00007ffd83d00000 - 0x00007ffd83d8e000 	C:\Program Files\Java\jdk-17\bin\msvcp140.dll
0x00007ffd2f720000 - 0x00007ffd30300000 	C:\Program Files\Java\jdk-17\bin\server\jvm.dll
0x00007ffdb8bb0000 - 0x00007ffdb8bb8000 	C:\Windows\System32\PSAPI.DLL
0x00007ffdaa7a0000 - 0x00007ffdaa7a9000 	C:\Windows\SYSTEM32\WSOCK32.dll
0x00007ffdae9e0000 - 0x00007ffdaea14000 	C:\Windows\SYSTEM32\WINMM.dll
0x00007ffdb8300000 - 0x00007ffdb8371000 	C:\Windows\System32\WS2_32.dll
0x00007ffdb57f0000 - 0x00007ffdb5808000 	C:\Windows\SYSTEM32\kernel.appcore.dll
0x00007ffda25a0000 - 0x00007ffda25aa000 	C:\Program Files\Java\jdk-17\bin\jimage.dll
0x00007ffdb66f0000 - 0x00007ffdb6922000 	C:\Windows\SYSTEM32\DBGHELP.DLL
0x00007ffdb99c0000 - 0x00007ffdb9d4e000 	C:\Windows\System32\combase.dll
0x00007ffdb81c0000 - 0x00007ffdb8297000 	C:\Windows\System32\OLEAUT32.dll
0x00007ffdb6a40000 - 0x00007ffdb6a72000 	C:\Windows\SYSTEM32\dbgcore.DLL
0x00007ffdb7880000 - 0x00007ffdb78fb000 	C:\Windows\System32\bcryptPrimitives.dll
0x00007ffda1f20000 - 0x00007ffda1f2e000 	C:\Program Files\Java\jdk-17\bin\instrument.dll
0x00007ffd921b0000 - 0x00007ffd921d5000 	C:\Program Files\Java\jdk-17\bin\java.dll
0x00007ffd61080000 - 0x00007ffd61157000 	C:\Program Files\Java\jdk-17\bin\jsvml.dll
0x00007ffdb8c70000 - 0x00007ffdb94d9000 	C:\Windows\System32\SHELL32.dll
0x00007ffdb45e0000 - 0x00007ffdb4edf000 	C:\Windows\SYSTEM32\windows.storage.dll
0x00007ffdb4450000 - 0x00007ffdb458f000 	C:\Windows\SYSTEM32\wintypes.dll
0x00007ffdb7c40000 - 0x00007ffdb7d39000 	C:\Windows\System32\SHCORE.dll
0x00007ffdb82a0000 - 0x00007ffdb82fe000 	C:\Windows\System32\shlwapi.dll
0x00007ffdb6fd0000 - 0x00007ffdb6ff7000 	C:\Windows\SYSTEM32\profapi.dll
0x00007ffd8f200000 - 0x00007ffd8f218000 	C:\Program Files\Java\jdk-17\bin\zip.dll
0x00007ffd92190000 - 0x00007ffd921a9000 	C:\Program Files\Java\jdk-17\bin\net.dll
0x00007ffdaf540000 - 0x00007ffdaf676000 	C:\Windows\SYSTEM32\WINHTTP.dll
0x00007ffdb5c60000 - 0x00007ffdb5cc9000 	C:\Windows\system32\mswsock.dll
0x00007ffd8f250000 - 0x00007ffd8f266000 	C:\Program Files\Java\jdk-17\bin\nio.dll
0x00007ffd84ae0000 - 0x00007ffd84afa000 	C:\Program Files\JetBrains\IntelliJ IDEA 2024.3.2\bin\breakgen64.dll
0x00007ffdb5320000 - 0x00007ffdb5422000 	C:\Windows\SYSTEM32\DNSAPI.dll
0x00007ffdb52f0000 - 0x00007ffdb531d000 	C:\Windows\SYSTEM32\IPHLPAPI.DLL
0x00007ffdb8ba0000 - 0x00007ffdb8ba9000 	C:\Windows\System32\NSI.dll
0x00007ffda3740000 - 0x00007ffda374a000 	C:\Windows\System32\rasadhlp.dll
0x00007ffdaca20000 - 0x00007ffdacaa3000 	C:\Windows\System32\fwpuclnt.dll
0x00007ffd9c710000 - 0x00007ffd9c71a000 	C:\Program Files\Java\jdk-17\bin\management.dll
0x00007ffd9aa60000 - 0x00007ffd9aa6b000 	C:\Program Files\Java\jdk-17\bin\management_ext.dll
0x00007ffdb6c50000 - 0x00007ffdb6c6b000 	C:\Windows\SYSTEM32\CRYPTSP.dll
0x00007ffdb5c20000 - 0x00007ffdb5c55000 	C:\Windows\system32\rsaenh.dll
0x00007ffdb5d70000 - 0x00007ffdb5d98000 	C:\Windows\SYSTEM32\USERENV.dll
0x00007ffdb6950000 - 0x00007ffdb695c000 	C:\Windows\SYSTEM32\CRYPTBASE.dll
0x00007ffdaf330000 - 0x00007ffdaf349000 	C:\Windows\SYSTEM32\dhcpcsvc6.DLL
0x00007ffdaf120000 - 0x00007ffdaf13f000 	C:\Windows\SYSTEM32\dhcpcsvc.DLL
0x00007ffd9fea0000 - 0x00007ffd9feb7000 	C:\Windows\system32\napinsp.dll
0x00007ffd9e3b0000 - 0x00007ffd9e3cb000 	C:\Windows\system32\pnrpnsp.dll
0x00007ffd9e390000 - 0x00007ffd9e3a1000 	C:\Windows\System32\winrnr.dll
0x00007ffdadb90000 - 0x00007ffdadba5000 	C:\Windows\system32\wshbth.dll
0x00007ffd9e130000 - 0x00007ffd9e157000 	C:\Windows\system32\nlansp_c.dll
0x00007ffda02e0000 - 0x00007ffda0339000 	C:\Windows\SYSTEM32\pdh.dll
0x00007ffdb0fe0000 - 0x00007ffdb0ff1000 	C:\Windows\System32\perfproc.dll
0x00007ffd9fe90000 - 0x00007ffd9fea0000 	C:\Windows\System32\perfos.dll
0x00007ffdb36f0000 - 0x00007ffdb3700000 	C:\Windows\SYSTEM32\pfclient.dll
0x00007ffd9d720000 - 0x00007ffd9d72e000 	C:\Program Files\Java\jdk-17\bin\sunmscapi.dll
0x00007ffdb7580000 - 0x00007ffdb76e6000 	C:\Windows\System32\CRYPT32.dll
0x00007ffdb6190000 - 0x00007ffdb61bd000 	C:\Windows\SYSTEM32\ncrypt.dll
0x00007ffdb60b0000 - 0x00007ffdb60e7000 	C:\Windows\SYSTEM32\NTASN1.dll
0x00007ffd92180000 - 0x00007ffd92190000 	C:\Program Files\Java\jdk-17\bin\verify.dll

dbghelp: loaded successfully - version: 4.0.5 - missing functions: none
symbol engine: initialized successfully - sym options: 0x614 - pdb path: .;C:\Program Files\Java\jdk-17\bin;C:\Windows\SYSTEM32;C:\Windows\WinSxS\amd64_microsoft.windows.common-controls_6595b64144ccf1df_6.0.22621.3672_none_2713b9d173822955;C:\Program Files\Java\jdk-17\bin\server;C:\Program Files\JetBrains\IntelliJ IDEA 2024.3.2\bin

VM Arguments:
jvm_args: -XX:TieredStopAtLevel=1 -Dspring.output.ansi.enabled=always -Dcom.sun.management.jmxremote -Dspring.jmx.enabled=true -Dspring.liveBeansView.mbeanDomain -Dspring.application.admin.enabled=true -Dmanagement.endpoints.jmx.exposure.include=* -javaagent:C:\Program Files\JetBrains\IntelliJ IDEA 2024.3.2\lib\idea_rt.jar=60085:C:\Program Files\JetBrains\IntelliJ IDEA 2024.3.2\bin -Dfile.encoding=UTF-8 
java_command: ma.dnaengineering.backend.BackendApplication
java_class_path (initial): C:\Users\HIBA\Full-Stack-Internship-Home-Assignment\backend\target\classes;C:\Users\HIBA\.m2\repository\org\springframework\boot\spring-boot-starter-data-jpa\3.2.2\spring-boot-starter-data-jpa-3.2.2.jar;C:\Users\HIBA\.m2\repository\org\springframework\boot\spring-boot-starter-aop\3.2.2\spring-boot-starter-aop-3.2.2.jar;C:\Users\HIBA\.m2\repository\org\springframework\spring-aop\6.1.3\spring-aop-6.1.3.jar;C:\Users\HIBA\.m2\repository\org\aspectj\aspectjweaver\1.9.21\aspectjweaver-1.9.21.jar;C:\Users\HIBA\.m2\repository\org\springframework\boot\spring-boot-starter-jdbc\3.2.2\spring-boot-starter-jdbc-3.2.2.jar;C:\Users\HIBA\.m2\repository\com\zaxxer\HikariCP\5.0.1\HikariCP-5.0.1.jar;C:\Users\HIBA\.m2\repository\org\springframework\spring-jdbc\6.1.3\spring-jdbc-6.1.3.jar;C:\Users\HIBA\.m2\repository\org\hibernate\orm\hibernate-core\6.4.1.Final\hibernate-core-6.4.1.Final.jar;C:\Users\HIBA\.m2\repository\jakarta\persistence\jakarta.persistence-api\3.1.0\jakarta.persistence-api-3.1.0.jar;C:\Users\HIBA\.m2\repository\jakarta\transaction\jakarta.transaction-api\2.0.1\jakarta.transaction-api-2.0.1.jar;C:\Users\HIBA\.m2\repository\org\jboss\logging\jboss-logging\3.5.3.Final\jboss-logging-3.5.3.Final.jar;C:\Users\HIBA\.m2\repository\org\hibernate\common\hibernate-commons-annotations\6.0.6.Final\hibernate-commons-annotations-6.0.6.Final.jar;C:\Users\HIBA\.m2\repository\io\smallrye\jandex\3.1.2\jandex-3.1.2.jar;C:\Users\HIBA\.m2\repository\com\fasterxml\classmate\1.6.0\classmate-1.6.0.jar;C:\Users\HIBA\.m2\repository\net\bytebuddy\byte-buddy\1.14.11\byte-buddy-1.14.11.jar;C:\Users\HIBA\.m2\repository\org\glassfish\jaxb\jaxb-runtime\4.0.4\jaxb-runtime-4.0.4.jar;C:\Users\HIBA\.m2\repository\org\glassfish\jaxb\jaxb-core\4.0.4\jaxb-core-4.0.4.jar;C:\Users\HIBA\.m2\repository\org\eclipse\angus\angus-activation\2.0.1\angus-activation-2.0.1.jar;C:\Users\HIBA\.m2\repository\org\glassfish\jaxb\txw2\4.0.4\txw2-4.0.4.jar;C:\Users\HIBA\.m2\repository\com\sun\ista
Launcher Type: SUN_STANDARD

[Global flags]
     intx CICompilerCount                          = 3                                         {product} {ergonomic}
     uint ConcGCThreads                            = 1                                         {product} {ergonomic}
     uint G1ConcRefinementThreads                  = 4                                         {product} {ergonomic}
   size_t G1HeapRegionSize                         = 1048576                                   {product} {ergonomic}
    uintx GCDrainStackTargetSize                   = 64                                        {product} {ergonomic}
   size_t InitialHeapSize                          = 65011712                                  {product} {ergonomic}
     bool ManagementServer                         = true                                      {product} {command line}
   size_t MarkStackSize                            = 4194304                                   {product} {ergonomic}
   size_t MaxHeapSize                              = 1040187392                                {product} {ergonomic}
   size_t MaxNewSize                               = 623902720                                 {product} {ergonomic}
   size_t MinHeapDeltaBytes                        = 1048576                                   {product} {ergonomic}
   size_t MinHeapSize                              = 8388608                                   {product} {ergonomic}
    uintx NonProfiledCodeHeapSize                  = 0                                      {pd product} {ergonomic}
     bool ProfileInterpreter                       = false                                  {pd product} {command line}
    uintx ProfiledCodeHeapSize                     = 0                                      {pd product} {ergonomic}
   size_t SoftMaxHeapSize                          = 1040187392                             {manageable} {ergonomic}
     intx TieredStopAtLevel                        = 1                                         {product} {command line}
     bool UseCompressedClassPointers               = true                           {product lp64_product} {ergonomic}
     bool UseCompressedOops                        = true                           {product lp64_product} {ergonomic}
     bool UseG1GC                                  = true                                      {product} {ergonomic}
     bool UseLargePagesIndividualAllocation        = false                                  {pd product} {ergonomic}

Logging:
Log output configuration:
 #0: stdout all=warning uptime,level,tags
 #1: stderr all=off uptime,level,tags

Environment Variables:
JAVA_HOME=C:\Program Files\Java\jdk-17
PATH=C:\Program Files\New folder\apache-maven-4.0.0-rc-2\bin;C:\Windows\system32;C:\Windows;C:\Windows\System32\Wbem;C:\Windows\System32\WindowsPowerShell\v1.0\;C:\Windows\System32\OpenSSH\;C:\Program Files\Microsoft VS Code\bin;C:\Program Files\php-8.3.10;C:\xampp\mysql\bin;C:\Program Files\MongoDB\Server\8.0\bin;C:\Program Files\nodejs\;C:\Program Files\Git\cmd;C:\Program Files\Java\jdk-17\bin;C:\Users\HIBA\scoop\shims;C:\Users\HIBA\AppData\Local\Microsoft\WindowsApps;C:\Users\HIBA\AppData\Local\ComposerSetup\bin;C:\Users\HIBA\AppData\Roaming\Composer\vendor\bin;C:\xampp\mysql\bin;C:\Users\HIBA\AppData\Roaming\npm
USERNAME=HIBA
OS=Windows_NT
PROCESSOR_IDENTIFIER=Intel64 Family 6 Model 142 Stepping 9, GenuineIntel



---------------  S Y S T E M  ---------------

OS:
 Windows 11 , 64 bit Build 22621 (10.0.22621.3958)
OS uptime: 0 days 21:42 hours

CPU: total 4 (initial active 4) (2 cores per cpu, 2 threads per core) family 6 model 142 stepping 9 microcode 0xde, cx8, cmov, fxsr, ht, mmx, 3dnowpref, sse, sse2, sse3, ssse3, sse4.1, sse4.2, popcnt, lzcnt, tsc, tscinvbit, avx, avx2, aes, erms, clmul, bmi1, bmi2, adx, fma, vzeroupper, clflush, clflushopt

Memory: 4k page, system-wide physical 3962M (237M free)
TotalPageFile size 11171M (AvailPageFile size 0M)
current process WorkingSet (physical memory assigned to process): 191M, peak: 191M
current process commit charge ("private bytes"): 226M, peak: 226M

vm_info: Java HotSpot(TM) 64-Bit Server VM (17.0.12+8-LTS-286) for windows-amd64 JRE (17.0.12+8-LTS-286), built on Jun  5 2024 06:46:59 by "mach5one" with MS VC++ 17.6 (VS2022)

END.
