#
# There is insufficient memory for the Java Runtime Environment to continue.
# Native memory allocation (mmap) failed to map 65536 bytes for Failed to commit metaspace.
# Possible reasons:
#   The system is out of physical RAM or swap space
#   The process is running with CompressedOops enabled, and the Java Heap may be blocking the growth of the native heap
# Possible solutions:
#   Reduce memory load on the system
#   Increase physical memory or swap space
#   Check if swap backing store is full
#   Decrease Java heap size (-Xmx/-Xms)
#   Decrease number of Java threads
#   Decrease Java thread stack sizes (-Xss)
#   Set larger code cache with -XX:ReservedCodeCacheSize=
#   JVM is running with Unscaled Compressed Oops mode in which the Java heap is
#     placed in the first 4GB address space. The Java Heap base address is the
#     maximum limit for the native heap growth. Please use -XX:HeapBaseMinAddress
#     to set the Java Heap base and to place the Java Heap above 4GB virtual address.
# This output file may be truncated or incomplete.
#
#  Out of Memory Error (virtualSpaceNode.cpp:110), pid=3524, tid=11832
#
# JRE version: Java(TM) SE Runtime Environment (17.0.12+8) (build 17.0.12+8-LTS-286)
# Java VM: Java HotSpot(TM) 64-Bit Server VM (17.0.12+8-LTS-286, mixed mode, emulated-client, sharing, tiered, compressed oops, compressed class ptrs, g1 gc, windows-amd64)
# No core dump will be written. Minidumps are not enabled by default on client versions of Windows
#

---------------  S U M M A R Y ------------

Command Line: -XX:TieredStopAtLevel=1 -Dspring.output.ansi.enabled=always -Dcom.sun.management.jmxremote -Dspring.jmx.enabled=true -Dspring.liveBeansView.mbeanDomain -Dspring.application.admin.enabled=true -Dmanagement.endpoints.jmx.exposure.include=* -javaagent:C:\Program Files\JetBrains\IntelliJ IDEA 2024.3.2\lib\idea_rt.jar=57549:C:\Program Files\JetBrains\IntelliJ IDEA 2024.3.2\bin -Dfile.encoding=UTF-8 ma.dnaengineering.backend.BackendApplication

Host: Intel(R) Core(TM) i3-7020U CPU @ 2.30GHz, 4 cores, 3G,  Windows 11 , 64 bit Build 22621 (10.0.22621.3958)
Time: Tue Jan 21 13:02:05 2025 Morocco Daylight Time elapsed time: 3.618393 seconds (0d 0h 0m 3s)

---------------  T H R E A D  ---------------

Current thread (0x00000255644e7870):  JavaThread "restartedMain" [_thread_in_vm, id=11832, stack(0x0000005f79c00000,0x0000005f79d00000)]

Stack: [0x0000005f79c00000,0x0000005f79d00000]
Native frames: (J=compiled Java code, j=interpreted, Vv=VM code, C=native code)
V  [jvm.dll+0x67a04a]
V  [jvm.dll+0x7da4ed]
V  [jvm.dll+0x7dbe33]
V  [jvm.dll+0x7dc4a3]
V  [jvm.dll+0x24508f]
V  [jvm.dll+0x7d60bb]
V  [jvm.dll+0x6206c6]
V  [jvm.dll+0x1bed07]
V  [jvm.dll+0x623022]
V  [jvm.dll+0x621086]
V  [jvm.dll+0x2429bc]
V  [jvm.dll+0x6d0a9d]
V  [jvm.dll+0x6d146f]
V  [jvm.dll+0x36e355]
V  [jvm.dll+0x36e1c6]
V  [jvm.dll+0x36d404]
V  [jvm.dll+0x36d3a8]
V  [jvm.dll+0x37d0ca]
C  0x0000025516e698b0

Java frames: (J=compiled Java code, j=interpreted, Vv=VM code)
j  org.springframework.context.support.GenericApplicationContext.<init>()V+21
j  org.springframework.web.context.support.GenericWebApplicationContext.<init>()V+1
j  org.springframework.boot.web.servlet.context.ServletWebServerApplicationContext.<init>()V+1
j  org.springframework.boot.web.servlet.context.AnnotationConfigServletWebServerApplicationContext.<init>()V+1
j  org.springframework.boot.web.servlet.context.ServletWebServerApplicationContextFactory.createContext()Lorg/springframework/context/ConfigurableApplicationContext;+10
j  org.springframework.boot.web.servlet.context.ServletWebServerApplicationContextFactory.create(Lorg/springframework/boot/WebApplicationType;)Lorg/springframework/context/ConfigurableApplicationContext;+12
j  org.springframework.boot.DefaultApplicationContextFactory$$Lambda$303+0x00000255201cf388.apply(Ljava/lang/Object;Ljava/lang/Object;)Ljava/lang/Object;+8
j  org.springframework.boot.DefaultApplicationContextFactory.getFromSpringFactories(Lorg/springframework/boot/WebApplicationType;Ljava/util/function/BiFunction;Ljava/util/function/Supplier;)Ljava/lang/Object;+45
j  org.springframework.boot.DefaultApplicationContextFactory.create(Lorg/springframework/boot/WebApplicationType;)Lorg/springframework/context/ConfigurableApplicationContext;+13
j  org.springframework.boot.SpringApplication.createApplicationContext()Lorg/springframework/context/ConfigurableApplicationContext;+8
j  org.springframework.boot.SpringApplication.run([Ljava/lang/String;)Lorg/springframework/context/ConfigurableApplicationContext;+76
j  org.springframework.boot.SpringApplication.run([Ljava/lang/Class;[Ljava/lang/String;)Lorg/springframework/context/ConfigurableApplicationContext;+9
j  org.springframework.boot.SpringApplication.run(Ljava/lang/Class;[Ljava/lang/String;)Lorg/springframework/context/ConfigurableApplicationContext;+9
j  ma.dnaengineering.backend.BackendApplication.main([Ljava/lang/String;)V+3
v  ~StubRoutines::call_stub
j  jdk.internal.reflect.NativeMethodAccessorImpl.invoke0(Ljava/lang/reflect/Method;Ljava/lang/Object;[Ljava/lang/Object;)Ljava/lang/Object;+0 java.base@17.0.12
j  jdk.internal.reflect.NativeMethodAccessorImpl.invoke(Ljava/lang/Object;[Ljava/lang/Object;)Ljava/lang/Object;+133 java.base@17.0.12
j  jdk.internal.reflect.DelegatingMethodAccessorImpl.invoke(Ljava/lang/Object;[Ljava/lang/Object;)Ljava/lang/Object;+6 java.base@17.0.12
j  java.lang.reflect.Method.invoke(Ljava/lang/Object;[Ljava/lang/Object;)Ljava/lang/Object;+59 java.base@17.0.12
j  org.springframework.boot.devtools.restart.RestartLauncher.run()V+47
v  ~StubRoutines::call_stub

---------------  P R O C E S S  ---------------

Threads class SMR info:
_java_thread_list=0x0000025564cebac0, length=22, elements={
0x000002550f59c140, 0x000002550f658f30, 0x000002550f65a350, 0x000002551e58a6c0,
0x000002551e58c090, 0x000002551e58ca50, 0x000002551e58d410, 0x000002551e58eda0,
0x000002551e5c19a0, 0x000002551e65e900, 0x000002551e779090, 0x000002551e7795b0,
0x000002551eb320b0, 0x000002551eb32590, 0x0000025564168590, 0x00000255641cc470,
0x00000255642ac5f0, 0x000002556444c490, 0x00000255644e4ff0, 0x00000255644e6940,
0x00000255644e7870, 0x00000255644e8290
}

Java Threads: ( => current thread )
  0x000002550f59c140 JavaThread "main" [_thread_blocked, id=7036, stack(0x0000005f77d00000,0x0000005f77e00000)]
  0x000002550f658f30 JavaThread "Reference Handler" daemon [_thread_blocked, id=14312, stack(0x0000005f78400000,0x0000005f78500000)]
  0x000002550f65a350 JavaThread "Finalizer" daemon [_thread_blocked, id=6280, stack(0x0000005f78500000,0x0000005f78600000)]
  0x000002551e58a6c0 JavaThread "Signal Dispatcher" daemon [_thread_blocked, id=13504, stack(0x0000005f78600000,0x0000005f78700000)]
  0x000002551e58c090 JavaThread "Attach Listener" daemon [_thread_blocked, id=8200, stack(0x0000005f78700000,0x0000005f78800000)]
  0x000002551e58ca50 JavaThread "Service Thread" daemon [_thread_blocked, id=10844, stack(0x0000005f78800000,0x0000005f78900000)]
  0x000002551e58d410 JavaThread "Monitor Deflation Thread" daemon [_thread_blocked, id=1948, stack(0x0000005f78900000,0x0000005f78a00000)]
  0x000002551e58eda0 JavaThread "C1 CompilerThread0" daemon [_thread_blocked, id=6036, stack(0x0000005f78a00000,0x0000005f78b00000)]
  0x000002551e5c19a0 JavaThread "Sweeper thread" daemon [_thread_blocked, id=12512, stack(0x0000005f78b00000,0x0000005f78c00000)]
  0x000002551e65e900 JavaThread "Common-Cleaner" daemon [_thread_blocked, id=12252, stack(0x0000005f78c00000,0x0000005f78d00000)]
  0x000002551e779090 JavaThread "C1 CompilerThread1" daemon [_thread_blocked, id=13132, stack(0x0000005f78d00000,0x0000005f78e00000)]
  0x000002551e7795b0 JavaThread "C1 CompilerThread2" daemon [_thread_blocked, id=9068, stack(0x0000005f78e00000,0x0000005f78f00000)]
  0x000002551eb320b0 JavaThread "Monitor Ctrl-Break" daemon [_thread_in_native, id=7756, stack(0x0000005f78f00000,0x0000005f79000000)]
  0x000002551eb32590 JavaThread "Notification Thread" daemon [_thread_blocked, id=1064, stack(0x0000005f79000000,0x0000005f79100000)]
  0x0000025564168590 JavaThread "RMI TCP Accept-0" daemon [_thread_in_native, id=4012, stack(0x0000005f79100000,0x0000005f79200000)]
  0x00000255641cc470 JavaThread "RMI TCP Connection(1)-192.168.1.6" daemon [_thread_in_native, id=12972, stack(0x0000005f79200000,0x0000005f79300000)]
  0x00000255642ac5f0 JavaThread "RMI Scheduler(0)" daemon [_thread_blocked, id=10860, stack(0x0000005f79800000,0x0000005f79900000)]
  0x000002556444c490 JavaThread "JMX server connection timeout 19" daemon [_thread_blocked, id=11960, stack(0x0000005f79900000,0x0000005f79a00000)]
  0x00000255644e4ff0 JavaThread "RMI TCP Connection(2)-192.168.1.6" daemon [_thread_in_native, id=8648, stack(0x0000005f79a00000,0x0000005f79b00000)]
  0x00000255644e6940 JavaThread "Thread-0" [_thread_blocked, id=3212, stack(0x0000005f79b00000,0x0000005f79c00000)]
=>0x00000255644e7870 JavaThread "restartedMain" [_thread_in_vm, id=11832, stack(0x0000005f79c00000,0x0000005f79d00000)]
  0x00000255644e8290 JavaThread "background-preinit" [_thread_in_vm, id=10488, stack(0x0000005f79d00000,0x0000005f79e00000)]

Other Threads:
  0x000002550f652c80 VMThread "VM Thread" [stack: 0x0000005f78300000,0x0000005f78400000] [id=3152]
  0x000002550f59edd0 WatcherThread [stack: 0x0000005f79300000,0x0000005f79400000] [id=10816]
  0x000002550f5da3d0 GCTaskThread "GC Thread#0" [stack: 0x0000005f77e00000,0x0000005f77f00000] [id=2864]
  0x0000025564186c40 GCTaskThread "GC Thread#1" [stack: 0x0000005f79400000,0x0000005f79500000] [id=6324]
  0x00000255641e1e90 GCTaskThread "GC Thread#2" [stack: 0x0000005f79500000,0x0000005f79600000] [id=8760]
  0x0000025564203a70 GCTaskThread "GC Thread#3" [stack: 0x0000005f79600000,0x0000005f79700000] [id=13736]
  0x000002550f5e2e20 ConcurrentGCThread "G1 Main Marker" [stack: 0x0000005f77f00000,0x0000005f78000000] [id=10456]
  0x000002550f5e4ee0 ConcurrentGCThread "G1 Conc#0" [stack: 0x0000005f78000000,0x0000005f78100000] [id=11468]
  0x000002550f622070 ConcurrentGCThread "G1 Refine#0" [stack: 0x0000005f78100000,0x0000005f78200000] [id=3648]
  0x00000255641d4510 ConcurrentGCThread "G1 Refine#1" [stack: 0x0000005f79700000,0x0000005f79800000] [id=12696]
  0x000002550f6239b0 ConcurrentGCThread "G1 Service" [stack: 0x0000005f78200000,0x0000005f78300000] [id=8076]

Threads with active compile tasks:

VM state: not at safepoint (normal execution)

VM Mutex/Monitor currently owned by a thread:  ([mutex/lock_event])
[0x000002550f597bb0] Metaspace_lock - owner thread: 0x00000255644e7870

Heap address: 0x00000000c2000000, size: 992 MB, Compressed Oops mode: 32-bit

CDS archive(s) mapped at: [0x000002551f000000-0x000002551fbd0000-0x000002551fbd0000), size 12386304, SharedBaseAddress: 0x000002551f000000, ArchiveRelocationMode: 1.
Compressed class space mapped at: 0x0000025520000000-0x0000025560000000, reserved size: 1073741824
Narrow klass base: 0x000002551f000000, Narrow klass shift: 0, Narrow klass range: 0x100000000

GC Precious Log:
 CPUs: 4 total, 4 available
 Memory: 3962M
 Large Page Support: Disabled
 NUMA Support: Disabled
 Compressed Oops: Enabled (32-bit)
 Heap Region Size: 1M
 Heap Min Capacity: 8M
 Heap Initial Capacity: 62M
 Heap Max Capacity: 992M
 Pre-touch: Disabled
 Parallel Workers: 4
 Concurrent Workers: 1
 Concurrent Refinement Workers: 4
 Periodic GC: Disabled

Heap:
 garbage-first heap   total 63488K, used 16051K [0x00000000c2000000, 0x0000000100000000)
  region size 1024K, 10 young (10240K), 2 survivors (2048K)
 Metaspace       used 12175K, committed 12416K, reserved 1114112K
  class space    used 1657K, committed 1792K, reserved 1048576K

Heap Regions: E=young(eden), S=young(survivor), O=old, HS=humongous(starts), HC=humongous(continues), CS=collection set, F=free, OA=open archive, CA=closed archive, TAMS=top-at-mark-start (previous, next)
|   0|0x00000000c2000000, 0x00000000c2100000, 0x00000000c2100000|100%|HS|  |TAMS 0x00000000c2000000, 0x00000000c2000000| Complete 
|   1|0x00000000c2100000, 0x00000000c2200000, 0x00000000c2200000|100%| O|  |TAMS 0x00000000c2100000, 0x00000000c2100000| Untracked 
|   2|0x00000000c2200000, 0x00000000c2300000, 0x00000000c2300000|100%| O|  |TAMS 0x00000000c2200000, 0x00000000c2200000| Untracked 
|   3|0x00000000c2300000, 0x00000000c2400000, 0x00000000c2400000|100%| O|  |TAMS 0x00000000c2300000, 0x00000000c2300000| Untracked 
|   4|0x00000000c2400000, 0x00000000c2500000, 0x00000000c2500000|100%| O|  |TAMS 0x00000000c2400000, 0x00000000c2400000| Untracked 
|   5|0x00000000c2500000, 0x00000000c2600000, 0x00000000c2600000|100%| O|  |TAMS 0x00000000c2500000, 0x00000000c2500000| Untracked 
|   6|0x00000000c2600000, 0x00000000c26d7a00, 0x00000000c2700000| 84%| O|  |TAMS 0x00000000c2600000, 0x00000000c2600000| Untracked 
|   7|0x00000000c2700000, 0x00000000c2700000, 0x00000000c2800000|  0%| F|  |TAMS 0x00000000c2700000, 0x00000000c2700000| Untracked 
|   8|0x00000000c2800000, 0x00000000c2800000, 0x00000000c2900000|  0%| F|  |TAMS 0x00000000c2800000, 0x00000000c2800000| Untracked 
|   9|0x00000000c2900000, 0x00000000c2900000, 0x00000000c2a00000|  0%| F|  |TAMS 0x00000000c2900000, 0x00000000c2900000| Untracked 
|  10|0x00000000c2a00000, 0x00000000c2a00000, 0x00000000c2b00000|  0%| F|  |TAMS 0x00000000c2a00000, 0x00000000c2a00000| Untracked 
|  11|0x00000000c2b00000, 0x00000000c2b00000, 0x00000000c2c00000|  0%| F|  |TAMS 0x00000000c2b00000, 0x00000000c2b00000| Untracked 
|  12|0x00000000c2c00000, 0x00000000c2c00000, 0x00000000c2d00000|  0%| F|  |TAMS 0x00000000c2c00000, 0x00000000c2c00000| Untracked 
|  13|0x00000000c2d00000, 0x00000000c2d00000, 0x00000000c2e00000|  0%| F|  |TAMS 0x00000000c2d00000, 0x00000000c2d00000| Untracked 
|  14|0x00000000c2e00000, 0x00000000c2e00000, 0x00000000c2f00000|  0%| F|  |TAMS 0x00000000c2e00000, 0x00000000c2e00000| Untracked 
|  15|0x00000000c2f00000, 0x00000000c2f00000, 0x00000000c3000000|  0%| F|  |TAMS 0x00000000c2f00000, 0x00000000c2f00000| Untracked 
|  16|0x00000000c3000000, 0x00000000c3000000, 0x00000000c3100000|  0%| F|  |TAMS 0x00000000c3000000, 0x00000000c3000000| Untracked 
|  17|0x00000000c3100000, 0x00000000c3100000, 0x00000000c3200000|  0%| F|  |TAMS 0x00000000c3100000, 0x00000000c3100000| Untracked 
|  18|0x00000000c3200000, 0x00000000c3200000, 0x00000000c3300000|  0%| F|  |TAMS 0x00000000c3200000, 0x00000000c3200000| Untracked 
|  19|0x00000000c3300000, 0x00000000c3300000, 0x00000000c3400000|  0%| F|  |TAMS 0x00000000c3300000, 0x00000000c3300000| Untracked 
|  20|0x00000000c3400000, 0x00000000c3400000, 0x00000000c3500000|  0%| F|  |TAMS 0x00000000c3400000, 0x00000000c3400000| Untracked 
|  21|0x00000000c3500000, 0x00000000c3500000, 0x00000000c3600000|  0%| F|  |TAMS 0x00000000c3500000, 0x00000000c3500000| Untracked 
|  22|0x00000000c3600000, 0x00000000c3600000, 0x00000000c3700000|  0%| F|  |TAMS 0x00000000c3600000, 0x00000000c3600000| Untracked 
|  23|0x00000000c3700000, 0x00000000c3700000, 0x00000000c3800000|  0%| F|  |TAMS 0x00000000c3700000, 0x00000000c3700000| Untracked 
|  24|0x00000000c3800000, 0x00000000c3800000, 0x00000000c3900000|  0%| F|  |TAMS 0x00000000c3800000, 0x00000000c3800000| Untracked 
|  25|0x00000000c3900000, 0x00000000c3900000, 0x00000000c3a00000|  0%| F|  |TAMS 0x00000000c3900000, 0x00000000c3900000| Untracked 
|  26|0x00000000c3a00000, 0x00000000c3a00000, 0x00000000c3b00000|  0%| F|  |TAMS 0x00000000c3a00000, 0x00000000c3a00000| Untracked 
|  27|0x00000000c3b00000, 0x00000000c3b00000, 0x00000000c3c00000|  0%| F|  |TAMS 0x00000000c3b00000, 0x00000000c3b00000| Untracked 
|  28|0x00000000c3c00000, 0x00000000c3c00000, 0x00000000c3d00000|  0%| F|  |TAMS 0x00000000c3c00000, 0x00000000c3c00000| Untracked 
|  29|0x00000000c3d00000, 0x00000000c3d00000, 0x00000000c3e00000|  0%| F|  |TAMS 0x00000000c3d00000, 0x00000000c3d00000| Untracked 
|  30|0x00000000c3e00000, 0x00000000c3e00000, 0x00000000c3f00000|  0%| F|  |TAMS 0x00000000c3e00000, 0x00000000c3e00000| Untracked 
|  31|0x00000000c3f00000, 0x00000000c3f00000, 0x00000000c4000000|  0%| F|  |TAMS 0x00000000c3f00000, 0x00000000c3f00000| Untracked 
|  32|0x00000000c4000000, 0x00000000c4000000, 0x00000000c4100000|  0%| F|  |TAMS 0x00000000c4000000, 0x00000000c4000000| Untracked 
|  33|0x00000000c4100000, 0x00000000c4100000, 0x00000000c4200000|  0%| F|  |TAMS 0x00000000c4100000, 0x00000000c4100000| Untracked 
|  34|0x00000000c4200000, 0x00000000c4200000, 0x00000000c4300000|  0%| F|  |TAMS 0x00000000c4200000, 0x00000000c4200000| Untracked 
|  35|0x00000000c4300000, 0x00000000c4300000, 0x00000000c4400000|  0%| F|  |TAMS 0x00000000c4300000, 0x00000000c4300000| Untracked 
|  36|0x00000000c4400000, 0x00000000c4400000, 0x00000000c4500000|  0%| F|  |TAMS 0x00000000c4400000, 0x00000000c4400000| Untracked 
|  37|0x00000000c4500000, 0x00000000c4500000, 0x00000000c4600000|  0%| F|  |TAMS 0x00000000c4500000, 0x00000000c4500000| Untracked 
|  38|0x00000000c4600000, 0x00000000c4600000, 0x00000000c4700000|  0%| F|  |TAMS 0x00000000c4600000, 0x00000000c4600000| Untracked 
|  39|0x00000000c4700000, 0x00000000c4700000, 0x00000000c4800000|  0%| F|  |TAMS 0x00000000c4700000, 0x00000000c4700000| Untracked 
|  40|0x00000000c4800000, 0x00000000c48d5480, 0x00000000c4900000| 83%| S|CS|TAMS 0x00000000c4800000, 0x00000000c4800000| Complete 
|  41|0x00000000c4900000, 0x00000000c4a00000, 0x00000000c4a00000|100%| S|CS|TAMS 0x00000000c4900000, 0x00000000c4900000| Complete 
|  42|0x00000000c4a00000, 0x00000000c4a00000, 0x00000000c4b00000|  0%| F|  |TAMS 0x00000000c4a00000, 0x00000000c4a00000| Untracked 
|  43|0x00000000c4b00000, 0x00000000c4b00000, 0x00000000c4c00000|  0%| F|  |TAMS 0x00000000c4b00000, 0x00000000c4b00000| Untracked 
|  44|0x00000000c4c00000, 0x00000000c4c00000, 0x00000000c4d00000|  0%| F|  |TAMS 0x00000000c4c00000, 0x00000000c4c00000| Untracked 
|  45|0x00000000c4d00000, 0x00000000c4d00000, 0x00000000c4e00000|  0%| F|  |TAMS 0x00000000c4d00000, 0x00000000c4d00000| Untracked 
|  46|0x00000000c4e00000, 0x00000000c4e00000, 0x00000000c4f00000|  0%| F|  |TAMS 0x00000000c4e00000, 0x00000000c4e00000| Untracked 
|  47|0x00000000c4f00000, 0x00000000c4f00000, 0x00000000c5000000|  0%| F|  |TAMS 0x00000000c4f00000, 0x00000000c4f00000| Untracked 
|  48|0x00000000c5000000, 0x00000000c5000000, 0x00000000c5100000|  0%| F|  |TAMS 0x00000000c5000000, 0x00000000c5000000| Untracked 
|  49|0x00000000c5100000, 0x00000000c5100000, 0x00000000c5200000|  0%| F|  |TAMS 0x00000000c5100000, 0x00000000c5100000| Untracked 
|  50|0x00000000c5200000, 0x00000000c5200000, 0x00000000c5300000|  0%| F|  |TAMS 0x00000000c5200000, 0x00000000c5200000| Untracked 
|  51|0x00000000c5300000, 0x00000000c5300000, 0x00000000c5400000|  0%| F|  |TAMS 0x00000000c5300000, 0x00000000c5300000| Untracked 
|  52|0x00000000c5400000, 0x00000000c5400000, 0x00000000c5500000|  0%| F|  |TAMS 0x00000000c5400000, 0x00000000c5400000| Untracked 
|  53|0x00000000c5500000, 0x00000000c5500000, 0x00000000c5600000|  0%| F|  |TAMS 0x00000000c5500000, 0x00000000c5500000| Untracked 
|  54|0x00000000c5600000, 0x00000000c5690960, 0x00000000c5700000| 56%| E|  |TAMS 0x00000000c5600000, 0x00000000c5600000| Complete 
|  55|0x00000000c5700000, 0x00000000c5800000, 0x00000000c5800000|100%| E|CS|TAMS 0x00000000c5700000, 0x00000000c5700000| Complete 
|  56|0x00000000c5800000, 0x00000000c5900000, 0x00000000c5900000|100%| E|CS|TAMS 0x00000000c5800000, 0x00000000c5800000| Complete 
|  57|0x00000000c5900000, 0x00000000c5a00000, 0x00000000c5a00000|100%| E|CS|TAMS 0x00000000c5900000, 0x00000000c5900000| Complete 
|  58|0x00000000c5a00000, 0x00000000c5b00000, 0x00000000c5b00000|100%| E|CS|TAMS 0x00000000c5a00000, 0x00000000c5a00000| Complete 
|  59|0x00000000c5b00000, 0x00000000c5c00000, 0x00000000c5c00000|100%| E|CS|TAMS 0x00000000c5b00000, 0x00000000c5b00000| Complete 
|  60|0x00000000c5c00000, 0x00000000c5d00000, 0x00000000c5d00000|100%| E|CS|TAMS 0x00000000c5c00000, 0x00000000c5c00000| Complete 
|  61|0x00000000c5d00000, 0x00000000c5e00000, 0x00000000c5e00000|100%| E|CS|TAMS 0x00000000c5d00000, 0x00000000c5d00000| Complete 

Card table byte_map: [0x0000025519e50000,0x000002551a040000] _byte_map_base: 0x0000025519840000

Marking Bits (Prev, Next): (CMBitMap*) 0x000002550f5da8f0, (CMBitMap*) 0x000002550f5da930
 Prev Bits: [0x000002551a230000, 0x000002551b1b0000)
 Next Bits: [0x000002551b1b0000, 0x000002551c130000)

Polling page: 0x000002550d4e0000

Metaspace:

Usage:
  Non-class:     10.27 MB used.
      Class:      1.62 MB used.
       Both:     11.89 MB used.

Virtual space:
  Non-class space:       64.00 MB reserved,      10.38 MB ( 16%) committed,  1 nodes.
      Class space:        1.00 GB reserved,       1.75 MB ( <1%) committed,  1 nodes.
             Both:        1.06 GB reserved,      12.12 MB (  1%) committed. 

Chunk freelists:
   Non-Class:  5.61 MB
       Class:  14.11 MB
        Both:  19.72 MB

MaxMetaspaceSize: unlimited
CompressedClassSpaceSize: 1.00 GB
Initial GC threshold: 21.00 MB
Current GC threshold: 21.00 MB
CDS: on
MetaspaceReclaimPolicy: balanced
 - commit_granule_bytes: 65536.
 - commit_granule_words: 8192.
 - virtual_space_node_default_size: 8388608.
 - enlarge_chunks_in_place: 1.
 - new_chunks_are_fully_committed: 0.
 - uncommit_free_chunks: 1.
 - use_allocation_guard: 0.
 - handle_deallocations: 1.


Internal statistics:

num_allocs_failed_limit: 0.
num_arena_births: 302.
num_arena_deaths: 0.
num_vsnodes_births: 2.
num_vsnodes_deaths: 0.
num_space_committed: 194.
num_space_uncommitted: 0.
num_chunks_returned_to_freelist: 0.
num_chunks_taken_from_freelist: 631.
num_chunk_merges: 0.
num_chunk_splits: 389.
num_chunks_enlarged: 248.
num_inconsistent_stats: 0.

CodeCache: size=49152Kb used=5245Kb max_used=5245Kb free=43907Kb
 bounds [0x0000025516e50000, 0x0000025517370000, 0x0000025519e50000]
 total_blobs=2491 nmethods=2028 adapters=388
 compilation: enabled
              stopped_count=0, restarted_count=0
 full_count=0

Compilation events (20 events):
Event: 3.518 Thread 0x000002551e7795b0 nmethod 2013 0x0000025517369890 code [0x0000025517369a20, 0x0000025517369ad8]
Event: 3.518 Thread 0x000002551e58eda0 nmethod 2014 0x0000025517369b90 code [0x0000025517369d20, 0x0000025517369dd8]
Event: 3.532 Thread 0x000002551e58eda0 2015       1       java.util.BitSet::get (69 bytes)
Event: 3.533 Thread 0x000002551e779090 2016       1       java.util.Collections::emptyMap (4 bytes)
Event: 3.533 Thread 0x000002551e779090 nmethod 2016 0x000002551736a190 code [0x000002551736a320, 0x000002551736a3d8]
Event: 3.533 Thread 0x000002551e58eda0 nmethod 2015 0x000002551736a490 code [0x000002551736a680, 0x000002551736ab08]
Event: 3.534 Thread 0x000002551e779090 2017       1       java.lang.invoke.BoundMethodHandle::bindArgumentL (11 bytes)
Event: 3.534 Thread 0x000002551e7795b0 2018       1       java.lang.invoke.LambdaFormEditor::bindArgumentL (59 bytes)
Event: 3.534 Thread 0x000002551e779090 nmethod 2017 0x000002551736ad90 code [0x000002551736af40, 0x000002551736b138]
Event: 3.535 Thread 0x000002551e7795b0 nmethod 2018 0x000002551736b290 code [0x000002551736b440, 0x000002551736b5a8]
Event: 3.539 Thread 0x000002551e779090 2019       1       java.util.LinkedHashMap::newNode (23 bytes)
Event: 3.539 Thread 0x000002551e7795b0 2020       1       java.util.LinkedHashMap::afterNodeInsertion (40 bytes)
Event: 3.540 Thread 0x000002551e779090 nmethod 2019 0x000002551736b690 code [0x000002551736b840, 0x000002551736bc38]
Event: 3.540 Thread 0x000002551e7795b0 nmethod 2020 0x000002551736bd10 code [0x000002551736bec0, 0x000002551736c088]
Event: 3.544 Thread 0x000002551e7795b0 2021       1       sun.invoke.util.VerifyAccess::isModuleAccessible (97 bytes)
Event: 3.545 Thread 0x000002551e7795b0 nmethod 2021 0x000002551736c190 code [0x000002551736c3c0, 0x000002551736c948]
Event: 3.602 Thread 0x000002551e779090 2022       1       java.lang.invoke.MethodType::erase (8 bytes)
Event: 3.603 Thread 0x000002551e779090 nmethod 2022 0x000002551736cc10 code [0x000002551736cda0, 0x000002551736ce78]
Event: 3.610 Thread 0x000002551e7795b0 2023       1       java.util.HashSet::contains (9 bytes)
Event: 3.610 Thread 0x000002551e7795b0 nmethod 2023 0x000002551736cf10 code [0x000002551736d0a0, 0x000002551736d188]

GC Heap History (6 events):
Event: 1.905 GC heap before
{Heap before GC invocations=0 (full 0):
 garbage-first heap   total 63488K, used 13312K [0x00000000c2000000, 0x0000000100000000)
  region size 1024K, 13 young (13312K), 0 survivors (0K)
 Metaspace       used 5180K, committed 5376K, reserved 1114112K
  class space    used 613K, committed 704K, reserved 1048576K
}
Event: 1.918 GC heap after
{Heap after GC invocations=1 (full 0):
 garbage-first heap   total 63488K, used 7116K [0x00000000c2000000, 0x0000000100000000)
  region size 1024K, 2 young (2048K), 2 survivors (2048K)
 Metaspace       used 5180K, committed 5376K, reserved 1114112K
  class space    used 613K, committed 704K, reserved 1048576K
}
Event: 2.305 GC heap before
{Heap before GC invocations=1 (full 0):
 garbage-first heap   total 63488K, used 14284K [0x00000000c2000000, 0x0000000100000000)
  region size 1024K, 9 young (9216K), 2 survivors (2048K)
 Metaspace       used 7224K, committed 7488K, reserved 1114112K
  class space    used 910K, committed 1024K, reserved 1048576K
}
Event: 2.313 GC heap after
{Heap after GC invocations=2 (full 0):
 garbage-first heap   total 63488K, used 7671K [0x00000000c2000000, 0x0000000100000000)
  region size 1024K, 1 young (1024K), 1 survivors (1024K)
 Metaspace       used 7224K, committed 7488K, reserved 1114112K
  class space    used 910K, committed 1024K, reserved 1048576K
}
Event: 3.152 GC heap before
{Heap before GC invocations=2 (full 0):
 garbage-first heap   total 63488K, used 26103K [0x00000000c2000000, 0x0000000100000000)
  region size 1024K, 20 young (20480K), 1 survivors (1024K)
 Metaspace       used 10379K, committed 10688K, reserved 1114112K
  class space    used 1393K, committed 1536K, reserved 1048576K
}
Event: 3.157 GC heap after
{Heap after GC invocations=3 (full 0):
 garbage-first heap   total 63488K, used 8883K [0x00000000c2000000, 0x0000000100000000)
  region size 1024K, 2 young (2048K), 2 survivors (2048K)
 Metaspace       used 10379K, committed 10688K, reserved 1114112K
  class space    used 1393K, committed 1536K, reserved 1048576K
}

Deoptimization events (0 events):
No events

Classes unloaded (0 events):
No events

Classes redefined (0 events):
No events

Internal exceptions (20 events):
Event: 2.958 Thread 0x00000255644e7870 Exception <a 'java/lang/NoSuchMethodError'{0x00000000c4ea4a18}: 'java.lang.Object java.lang.invoke.DirectMethodHandle$Holder.newInvokeSpecial(java.lang.Object, java.lang.Object, java.lang.Object, java.lang.Object, java.lang.Object, java.lang.Object, int)'> (0x00000000c4ea4a18) 
thrown [s\open\src\hotspot\share\interpreter\linkResolver.cpp, line 759]
Event: 2.958 Thread 0x00000255644e7870 Exception <a 'java/lang/NoSuchMethodError'{0x00000000c4ea9a58}: 'java.lang.Object java.lang.invoke.DirectMethodHandle$Holder.invokeSpecial(java.lang.Object, java.lang.Object, java.lang.Object, java.lang.Object, java.lang.Object, java.lang.Object, java.lang.Object, int)'> (0x00000000c4ea9a58) 
thrown [s\open\src\hotspot\share\interpreter\linkResolver.cpp, line 759]
Event: 3.070 Thread 0x00000255644e7870 Exception <a 'java/lang/NoSuchMethodError'{0x00000000c4b22dc0}: 'java.lang.Object java.lang.invoke.DirectMethodHandle$Holder.invokeSpecial(java.lang.Object, java.lang.Object, java.lang.Object, int, java.lang.Object)'> (0x00000000c4b22dc0) 
thrown [s\open\src\hotspot\share\interpreter\linkResolver.cpp, line 759]
Event: 3.072 Thread 0x00000255644e7870 Exception <a 'java/lang/NoSuchMethodError'{0x00000000c4b2b408}: 'java.lang.Object java.lang.invoke.DirectMethodHandle$Holder.newInvokeSpecial(java.lang.Object, java.lang.Object, java.lang.Object, int, java.lang.Object)'> (0x00000000c4b2b408) 
thrown [s\open\src\hotspot\share\interpreter\linkResolver.cpp, line 759]
Event: 3.072 Thread 0x00000255644e7870 Exception <a 'java/lang/NoSuchMethodError'{0x00000000c4b32dd8}: 'java.lang.Object java.lang.invoke.Invokers$Holder.linkToTargetMethod(java.lang.Object, java.lang.Object, int, java.lang.Object, java.lang.Object)'> (0x00000000c4b32dd8) 
thrown [s\open\src\hotspot\share\interpreter\linkResolver.cpp, line 759]
Event: 3.074 Thread 0x00000255644e7870 Exception <a 'java/lang/NoSuchMethodError'{0x00000000c4b42fb0}: 'java.lang.Object java.lang.invoke.DirectMethodHandle$Holder.newInvokeSpecial(java.lang.Object, int, java.lang.Object)'> (0x00000000c4b42fb0) 
thrown [s\open\src\hotspot\share\interpreter\linkResolver.cpp, line 759]
Event: 3.075 Thread 0x00000255644e7870 Exception <a 'java/lang/NoSuchMethodError'{0x00000000c4b47498}: 'int java.lang.invoke.DirectMethodHandle$Holder.invokeSpecialIFC(java.lang.Object, java.lang.Object, java.lang.Object, java.lang.Object)'> (0x00000000c4b47498) 
thrown [s\open\src\hotspot\share\interpreter\linkResolver.cpp, line 759]
Event: 3.109 Thread 0x00000255644e7870 Exception <a 'java/lang/NoSuchMethodError'{0x00000000c4a13ec8}: 'void java.lang.invoke.DirectMethodHandle$Holder.invokeInterface(java.lang.Object, java.lang.Object, java.lang.Object)'> (0x00000000c4a13ec8) 
thrown [s\open\src\hotspot\share\interpreter\linkResolver.cpp, line 759]
Event: 3.148 Thread 0x00000255644e7870 Exception <a 'java/lang/NoSuchMethodError'{0x00000000c4af1be8}: 'java.lang.Object java.lang.invoke.DirectMethodHandle$Holder.invokeVirtual(java.lang.Object, java.lang.Object, java.lang.Object)'> (0x00000000c4af1be8) 
thrown [s\open\src\hotspot\share\interpreter\linkResolver.cpp, line 759]
Event: 3.241 Thread 0x00000255644e7870 Exception <a 'java/lang/NoSuchMethodError'{0x00000000c5c59020}: 'void java.lang.invoke.DirectMethodHandle$Holder.invokeStatic(java.lang.Object, java.lang.Object, int)'> (0x00000000c5c59020) 
thrown [s\open\src\hotspot\share\interpreter\linkResolver.cpp, line 759]
Event: 3.244 Thread 0x00000255641cc470 Exception <a 'java/lang/reflect/InvocationTargetException'{0x00000000c5db1448}> (0x00000000c5db1448) 
thrown [s\open\src\hotspot\share\runtime\reflection.cpp, line 1121]
Event: 3.259 Thread 0x00000255644e7870 Exception <a 'java/lang/NoSuchMethodError'{0x00000000c5c72658}: 'void java.lang.invoke.DirectMethodHandle$Holder.invokeStaticInit(java.lang.Object, java.lang.Object, java.lang.Object)'> (0x00000000c5c72658) 
thrown [s\open\src\hotspot\share\interpreter\linkResolver.cpp, line 759]
Event: 3.288 Thread 0x00000255644e7870 Exception <a 'java/lang/NoSuchMethodError'{0x00000000c5cdb378}: 'java.lang.Object java.lang.invoke.DirectMethodHandle$Holder.invokeStatic(java.lang.Object, java.lang.Object, long, java.lang.Object)'> (0x00000000c5cdb378) 
thrown [s\open\src\hotspot\share\interpreter\linkResolver.cpp, line 759]
Event: 3.288 Thread 0x00000255644e7870 Exception <a 'java/lang/NoSuchMethodError'{0x00000000c5cdee10}: 'java.lang.Object java.lang.invoke.DirectMethodHandle$Holder.invokeStaticInit(java.lang.Object, java.lang.Object, long, java.lang.Object)'> (0x00000000c5cdee10) 
thrown [s\open\src\hotspot\share\interpreter\linkResolver.cpp, line 759]
Event: 3.289 Thread 0x00000255644e7870 Exception <a 'java/lang/NoSuchMethodError'{0x00000000c5ce5420}: 'java.lang.Object java.lang.invoke.DirectMethodHandle$Holder.newInvokeSpecial(java.lang.Object, java.lang.Object, long)'> (0x00000000c5ce5420) 
thrown [s\open\src\hotspot\share\interpreter\linkResolver.cpp, line 759]
Event: 3.318 Thread 0x00000255644e7870 Exception <a 'java/lang/NoSuchMethodError'{0x00000000c5b45500}: 'void java.lang.invoke.DirectMethodHandle$Holder.invokeSpecial(java.lang.Object, java.lang.Object, java.lang.Object, java.lang.Object, java.lang.Object)'> (0x00000000c5b45500) 
thrown [s\open\src\hotspot\share\interpreter\linkResolver.cpp, line 759]
Event: 3.320 Thread 0x00000255644e7870 Exception <a 'java/lang/NoSuchMethodError'{0x00000000c5b4db18}: 'void java.lang.invoke.DirectMethodHandle$Holder.invokeVirtual(java.lang.Object, java.lang.Object, java.lang.Object, java.lang.Object)'> (0x00000000c5b4db18) 
thrown [s\open\src\hotspot\share\interpreter\linkResolver.cpp, line 759]
Event: 3.451 Thread 0x00000255644e7870 Exception <a 'java/lang/NoSuchMethodError'{0x00000000c5ac2b70}: 'void java.lang.invoke.DirectMethodHandle$Holder.invokeSpecial(java.lang.Object, java.lang.Object, java.lang.Object)'> (0x00000000c5ac2b70) 
thrown [s\open\src\hotspot\share\interpreter\linkResolver.cpp, line 759]
Event: 3.471 Thread 0x00000255644e7870 Exception <a 'java/lang/IncompatibleClassChangeError'{0x00000000c5af4750}: Found class java.lang.Object, but interface was expected> (0x00000000c5af4750) 
thrown [s\open\src\hotspot\share\interpreter\linkResolver.cpp, line 826]
Event: 3.490 Thread 0x00000255644e8290 Exception <a 'java/lang/NoClassDefFoundError'{0x00000000c595cab0}: jakarta/validation/Validation> (0x00000000c595cab0) 
thrown [s\open\src\hotspot\share\classfile\systemDictionary.cpp, line 245]

VM Operations (20 events):
Event: 1.884 Executing VM operation: HandshakeAllThreads
Event: 1.884 Executing VM operation: HandshakeAllThreads done
Event: 1.892 Executing VM operation: HandshakeAllThreads
Event: 1.892 Executing VM operation: HandshakeAllThreads done
Event: 1.904 Executing VM operation: G1CollectForAllocation
Event: 1.918 Executing VM operation: G1CollectForAllocation done
Event: 2.025 Executing VM operation: HandshakeAllThreads
Event: 2.025 Executing VM operation: HandshakeAllThreads done
Event: 2.305 Executing VM operation: G1CollectForAllocation
Event: 2.313 Executing VM operation: G1CollectForAllocation done
Event: 2.629 Executing VM operation: HandshakeAllThreads
Event: 2.629 Executing VM operation: HandshakeAllThreads done
Event: 3.036 Executing VM operation: HandshakeAllThreads
Event: 3.036 Executing VM operation: HandshakeAllThreads done
Event: 3.151 Executing VM operation: G1CollectForAllocation
Event: 3.157 Executing VM operation: G1CollectForAllocation done
Event: 3.437 Executing VM operation: HandshakeAllThreads
Event: 3.437 Executing VM operation: HandshakeAllThreads done
Event: 3.447 Executing VM operation: HandshakeAllThreads
Event: 3.447 Executing VM operation: HandshakeAllThreads done

Events (20 events):
Event: 3.609 loading class jdk/xml/internal/TransformErrorListener done
Event: 3.609 loading class javax/xml/catalog/CatalogFeatures
Event: 3.609 loading class javax/xml/catalog/CatalogFeatures done
Event: 3.609 loading class javax/xml/catalog/CatalogFeatures$Builder
Event: 3.609 loading class javax/xml/catalog/CatalogFeatures$Builder done
Event: 3.609 loading class jdk/xml/internal/JdkConstants
Event: 3.610 loading class jdk/xml/internal/JdkConstants done
Event: 3.611 loading class jdk/xml/internal/JdkXmlFeatures
Event: 3.611 loading class jdk/xml/internal/JdkXmlFeatures done
Event: 3.611 loading class jdk/xml/internal/JdkXmlFeatures$XmlFeature
Event: 3.612 loading class jdk/xml/internal/JdkXmlFeatures$XmlFeature done
Event: 3.612 loading class jdk/xml/internal/JdkProperty$ImplPropMap
Event: 3.612 loading class jdk/xml/internal/JdkProperty$ImplPropMap done
Event: 3.612 loading class jdk/xml/internal/JdkProperty$State
Event: 3.612 loading class jdk/xml/internal/JdkProperty$State done
Event: 3.613 loading class com/sun/org/apache/xalan/internal/utils/XMLSecurityPropertyManager
Event: 3.613 loading class com/sun/org/apache/xalan/internal/utils/FeaturePropertyBase
Event: 3.613 loading class com/sun/org/apache/xalan/internal/utils/FeaturePropertyBase done
Event: 3.613 loading class com/sun/org/apache/xalan/internal/utils/XMLSecurityPropertyManager done
Event: 3.614 loading class com/sun/org/apache/xalan/internal/utils/FeaturePropertyBase$State


Dynamic libraries:
0x00007ff6b1dc0000 - 0x00007ff6b1dd0000 	C:\Program Files\Java\jdk-17\bin\java.exe
0x00007ffdb9d90000 - 0x00007ffdb9fa7000 	C:\Windows\SYSTEM32\ntdll.dll
0x00007ffdb8890000 - 0x00007ffdb8954000 	C:\Windows\System32\KERNEL32.DLL
0x00007ffdb70a0000 - 0x00007ffdb7457000 	C:\Windows\System32\KERNELBASE.dll
0x00007ffdb7460000 - 0x00007ffdb7571000 	C:\Windows\System32\ucrtbase.dll
0x00007ffda2310000 - 0x00007ffda2329000 	C:\Program Files\Java\jdk-17\bin\jli.dll
0x00007ffda22f0000 - 0x00007ffda230b000 	C:\Program Files\Java\jdk-17\bin\VCRUNTIME140.dll
0x00007ffdb8100000 - 0x00007ffdb81b2000 	C:\Windows\System32\ADVAPI32.dll
0x00007ffdb89e0000 - 0x00007ffdb8a87000 	C:\Windows\System32\msvcrt.dll
0x00007ffdb8af0000 - 0x00007ffdb8b98000 	C:\Windows\System32\sechost.dll
0x00007ffdb79f0000 - 0x00007ffdb7a18000 	C:\Windows\System32\bcrypt.dll
0x00007ffdb9860000 - 0x00007ffdb9974000 	C:\Windows\System32\RPCRT4.dll
0x00007ffdb7f50000 - 0x00007ffdb80ff000 	C:\Windows\System32\USER32.dll
0x00007ffdb79c0000 - 0x00007ffdb79e6000 	C:\Windows\System32\win32u.dll
0x00007ffdb7f20000 - 0x00007ffdb7f49000 	C:\Windows\System32\GDI32.dll
0x00007ffdb76f0000 - 0x00007ffdb7808000 	C:\Windows\System32\gdi32full.dll
0x00007ffdb7a20000 - 0x00007ffdb7aba000 	C:\Windows\System32\msvcp_win.dll
0x00007ffdb62b0000 - 0x00007ffdb6543000 	C:\Windows\WinSxS\amd64_microsoft.windows.common-controls_6595b64144ccf1df_6.0.22621.3672_none_2713b9d173822955\COMCTL32.dll
0x00007ffdaf110000 - 0x00007ffdaf11a000 	C:\Windows\SYSTEM32\VERSION.dll
0x00007ffdb9980000 - 0x00007ffdb99b1000 	C:\Windows\System32\IMM32.DLL
0x00007ffda22b0000 - 0x00007ffda22bc000 	C:\Program Files\Java\jdk-17\bin\vcruntime140_1.dll
0x00007ffd60f10000 - 0x00007ffd60f9e000 	C:\Program Files\Java\jdk-17\bin\msvcp140.dll
0x00007ffd3e960000 - 0x00007ffd3f540000 	C:\Program Files\Java\jdk-17\bin\server\jvm.dll
0x00007ffdb8bb0000 - 0x00007ffdb8bb8000 	C:\Windows\System32\PSAPI.DLL
0x00007ffda1f20000 - 0x00007ffda1f29000 	C:\Windows\SYSTEM32\WSOCK32.dll
0x00007ffdb8300000 - 0x00007ffdb8371000 	C:\Windows\System32\WS2_32.dll
0x00007ffdae9e0000 - 0x00007ffdaea14000 	C:\Windows\SYSTEM32\WINMM.dll
0x00007ffdb57f0000 - 0x00007ffdb5808000 	C:\Windows\SYSTEM32\kernel.appcore.dll
0x00007ffda0180000 - 0x00007ffda018a000 	C:\Program Files\Java\jdk-17\bin\jimage.dll
0x00007ffdb66f0000 - 0x00007ffdb6922000 	C:\Windows\SYSTEM32\DBGHELP.DLL
0x00007ffdb99c0000 - 0x00007ffdb9d4e000 	C:\Windows\System32\combase.dll
0x00007ffdb81c0000 - 0x00007ffdb8297000 	C:\Windows\System32\OLEAUT32.dll
0x00007ffdb6a40000 - 0x00007ffdb6a72000 	C:\Windows\SYSTEM32\dbgcore.DLL
0x00007ffdb7880000 - 0x00007ffdb78fb000 	C:\Windows\System32\bcryptPrimitives.dll
0x00007ffd9d720000 - 0x00007ffd9d72e000 	C:\Program Files\Java\jdk-17\bin\instrument.dll
0x00007ffd9aa60000 - 0x00007ffd9aa85000 	C:\Program Files\Java\jdk-17\bin\java.dll
0x00007ffd60e30000 - 0x00007ffd60f07000 	C:\Program Files\Java\jdk-17\bin\jsvml.dll
0x00007ffdb8c70000 - 0x00007ffdb94d9000 	C:\Windows\System32\SHELL32.dll
0x00007ffdb45e0000 - 0x00007ffdb4edf000 	C:\Windows\SYSTEM32\windows.storage.dll
0x00007ffdb4450000 - 0x00007ffdb458f000 	C:\Windows\SYSTEM32\wintypes.dll
0x00007ffdb7c40000 - 0x00007ffdb7d39000 	C:\Windows\System32\SHCORE.dll
0x00007ffdb82a0000 - 0x00007ffdb82fe000 	C:\Windows\System32\shlwapi.dll
0x00007ffdb6fd0000 - 0x00007ffdb6ff7000 	C:\Windows\SYSTEM32\profapi.dll
0x00007ffd92500000 - 0x00007ffd92518000 	C:\Program Files\Java\jdk-17\bin\zip.dll
0x00007ffd925f0000 - 0x00007ffd92609000 	C:\Program Files\Java\jdk-17\bin\net.dll
0x00007ffdaf540000 - 0x00007ffdaf676000 	C:\Windows\SYSTEM32\WINHTTP.dll
0x00007ffdb5c60000 - 0x00007ffdb5cc9000 	C:\Windows\system32\mswsock.dll
0x00007ffd925d0000 - 0x00007ffd925e6000 	C:\Program Files\Java\jdk-17\bin\nio.dll
0x00007ffd8f250000 - 0x00007ffd8f26a000 	C:\Program Files\JetBrains\IntelliJ IDEA 2024.3.2\bin\breakgen64.dll
0x00007ffdb5320000 - 0x00007ffdb5422000 	C:\Windows\SYSTEM32\DNSAPI.dll
0x00007ffdb52f0000 - 0x00007ffdb531d000 	C:\Windows\SYSTEM32\IPHLPAPI.DLL
0x00007ffdb8ba0000 - 0x00007ffdb8ba9000 	C:\Windows\System32\NSI.dll
0x00007ffda3740000 - 0x00007ffda374a000 	C:\Windows\System32\rasadhlp.dll
0x00007ffdaca20000 - 0x00007ffdacaa3000 	C:\Windows\System32\fwpuclnt.dll
0x00007ffd8f240000 - 0x00007ffd8f24a000 	C:\Program Files\Java\jdk-17\bin\management.dll
0x00007ffd8f210000 - 0x00007ffd8f21b000 	C:\Program Files\Java\jdk-17\bin\management_ext.dll
0x00007ffdb6c50000 - 0x00007ffdb6c6b000 	C:\Windows\SYSTEM32\CRYPTSP.dll
0x00007ffdb5c20000 - 0x00007ffdb5c55000 	C:\Windows\system32\rsaenh.dll
0x00007ffdb5d70000 - 0x00007ffdb5d98000 	C:\Windows\SYSTEM32\USERENV.dll
0x00007ffdb6950000 - 0x00007ffdb695c000 	C:\Windows\SYSTEM32\CRYPTBASE.dll
0x00007ffdaf330000 - 0x00007ffdaf349000 	C:\Windows\SYSTEM32\dhcpcsvc6.DLL
0x00007ffdaf120000 - 0x00007ffdaf13f000 	C:\Windows\SYSTEM32\dhcpcsvc.DLL
0x00007ffd9fea0000 - 0x00007ffd9feb7000 	C:\Windows\system32\napinsp.dll
0x00007ffd9e3b0000 - 0x00007ffd9e3cb000 	C:\Windows\system32\pnrpnsp.dll
0x00007ffd9e390000 - 0x00007ffd9e3a1000 	C:\Windows\System32\winrnr.dll
0x00007ffdadb90000 - 0x00007ffdadba5000 	C:\Windows\system32\wshbth.dll
0x00007ffd9e130000 - 0x00007ffd9e157000 	C:\Windows\system32\nlansp_c.dll
0x00007ffda02e0000 - 0x00007ffda0339000 	C:\Windows\SYSTEM32\pdh.dll

dbghelp: loaded successfully - version: 4.0.5 - missing functions: none
symbol engine: initialized successfully - sym options: 0x614 - pdb path: .;C:\Program Files\Java\jdk-17\bin;C:\Windows\SYSTEM32;C:\Windows\WinSxS\amd64_microsoft.windows.common-controls_6595b64144ccf1df_6.0.22621.3672_none_2713b9d173822955;C:\Program Files\Java\jdk-17\bin\server;C:\Program Files\JetBrains\IntelliJ IDEA 2024.3.2\bin

VM Arguments:
jvm_args: -XX:TieredStopAtLevel=1 -Dspring.output.ansi.enabled=always -Dcom.sun.management.jmxremote -Dspring.jmx.enabled=true -Dspring.liveBeansView.mbeanDomain -Dspring.application.admin.enabled=true -Dmanagement.endpoints.jmx.exposure.include=* -javaagent:C:\Program Files\JetBrains\IntelliJ IDEA 2024.3.2\lib\idea_rt.jar=57549:C:\Program Files\JetBrains\IntelliJ IDEA 2024.3.2\bin -Dfile.encoding=UTF-8 
java_command: ma.dnaengineering.backend.BackendApplication
java_class_path (initial): C:\Users\HIBA\Full-Stack-Internship-Home-Assignment\backend\target\classes;C:\Users\HIBA\.m2\repository\org\springframework\boot\spring-boot-starter-data-jpa\3.2.2\spring-boot-starter-data-jpa-3.2.2.jar;C:\Users\HIBA\.m2\repository\org\springframework\boot\spring-boot-starter-aop\3.2.2\spring-boot-starter-aop-3.2.2.jar;C:\Users\HIBA\.m2\repository\org\springframework\spring-aop\6.1.3\spring-aop-6.1.3.jar;C:\Users\HIBA\.m2\repository\org\aspectj\aspectjweaver\1.9.21\aspectjweaver-1.9.21.jar;C:\Users\HIBA\.m2\repository\org\springframework\boot\spring-boot-starter-jdbc\3.2.2\spring-boot-starter-jdbc-3.2.2.jar;C:\Users\HIBA\.m2\repository\com\zaxxer\HikariCP\5.0.1\HikariCP-5.0.1.jar;C:\Users\HIBA\.m2\repository\org\springframework\spring-jdbc\6.1.3\spring-jdbc-6.1.3.jar;C:\Users\HIBA\.m2\repository\org\hibernate\orm\hibernate-core\6.4.1.Final\hibernate-core-6.4.1.Final.jar;C:\Users\HIBA\.m2\repository\jakarta\persistence\jakarta.persistence-api\3.1.0\jakarta.persistence-api-3.1.0.jar;C:\Users\HIBA\.m2\repository\jakarta\transaction\jakarta.transaction-api\2.0.1\jakarta.transaction-api-2.0.1.jar;C:\Users\HIBA\.m2\repository\org\jboss\logging\jboss-logging\3.5.3.Final\jboss-logging-3.5.3.Final.jar;C:\Users\HIBA\.m2\repository\org\hibernate\common\hibernate-commons-annotations\6.0.6.Final\hibernate-commons-annotations-6.0.6.Final.jar;C:\Users\HIBA\.m2\repository\io\smallrye\jandex\3.1.2\jandex-3.1.2.jar;C:\Users\HIBA\.m2\repository\com\fasterxml\classmate\1.6.0\classmate-1.6.0.jar;C:\Users\HIBA\.m2\repository\net\bytebuddy\byte-buddy\1.14.11\byte-buddy-1.14.11.jar;C:\Users\HIBA\.m2\repository\org\glassfish\jaxb\jaxb-runtime\4.0.4\jaxb-runtime-4.0.4.jar;C:\Users\HIBA\.m2\repository\org\glassfish\jaxb\jaxb-core\4.0.4\jaxb-core-4.0.4.jar;C:\Users\HIBA\.m2\repository\org\eclipse\angus\angus-activation\2.0.1\angus-activation-2.0.1.jar;C:\Users\HIBA\.m2\repository\org\glassfish\jaxb\txw2\4.0.4\txw2-4.0.4.jar;C:\Users\HIBA\.m2\repository\com\sun\ista
Launcher Type: SUN_STANDARD

[Global flags]
     intx CICompilerCount                          = 3                                         {product} {ergonomic}
     uint ConcGCThreads                            = 1                                         {product} {ergonomic}
     uint G1ConcRefinementThreads                  = 4                                         {product} {ergonomic}
   size_t G1HeapRegionSize                         = 1048576                                   {product} {ergonomic}
    uintx GCDrainStackTargetSize                   = 64                                        {product} {ergonomic}
   size_t InitialHeapSize                          = 65011712                                  {product} {ergonomic}
     bool ManagementServer                         = true                                      {product} {command line}
   size_t MarkStackSize                            = 4194304                                   {product} {ergonomic}
   size_t MaxHeapSize                              = 1040187392                                {product} {ergonomic}
   size_t MaxNewSize                               = 623902720                                 {product} {ergonomic}
   size_t MinHeapDeltaBytes                        = 1048576                                   {product} {ergonomic}
   size_t MinHeapSize                              = 8388608                                   {product} {ergonomic}
    uintx NonProfiledCodeHeapSize                  = 0                                      {pd product} {ergonomic}
     bool ProfileInterpreter                       = false                                  {pd product} {command line}
    uintx ProfiledCodeHeapSize                     = 0                                      {pd product} {ergonomic}
   size_t SoftMaxHeapSize                          = 1040187392                             {manageable} {ergonomic}
     intx TieredStopAtLevel                        = 1                                         {product} {command line}
     bool UseCompressedClassPointers               = true                           {product lp64_product} {ergonomic}
     bool UseCompressedOops                        = true                           {product lp64_product} {ergonomic}
     bool UseG1GC                                  = true                                      {product} {ergonomic}
     bool UseLargePagesIndividualAllocation        = false                                  {pd product} {ergonomic}

Logging:
Log output configuration:
 #0: stdout all=warning uptime,level,tags
 #1: stderr all=off uptime,level,tags

Environment Variables:
JAVA_HOME=C:\Program Files\Java\jdk-17
PATH=C:\Program Files\New folder\apache-maven-4.0.0-rc-2\bin;C:\Windows\system32;C:\Windows;C:\Windows\System32\Wbem;C:\Windows\System32\WindowsPowerShell\v1.0\;C:\Windows\System32\OpenSSH\;C:\Program Files\Microsoft VS Code\bin;C:\Program Files\php-8.3.10;C:\xampp\mysql\bin;C:\Program Files\MongoDB\Server\8.0\bin;C:\Program Files\nodejs\;C:\Program Files\Git\cmd;C:\Program Files\Java\jdk-17\bin;C:\Users\HIBA\scoop\shims;C:\Users\HIBA\AppData\Local\Microsoft\WindowsApps;C:\Users\HIBA\AppData\Local\ComposerSetup\bin;C:\Users\HIBA\AppData\Roaming\Composer\vendor\bin;C:\xampp\mysql\bin;C:\Users\HIBA\AppData\Roaming\npm
USERNAME=HIBA
OS=Windows_NT
PROCESSOR_IDENTIFIER=Intel64 Family 6 Model 142 Stepping 9, GenuineIntel



---------------  S Y S T E M  ---------------

OS:
 Windows 11 , 64 bit Build 22621 (10.0.22621.3958)
OS uptime: 0 days 17:42 hours

CPU: total 4 (initial active 4) (2 cores per cpu, 2 threads per core) family 6 model 142 stepping 9 microcode 0xde, cx8, cmov, fxsr, ht, mmx, 3dnowpref, sse, sse2, sse3, ssse3, sse4.1, sse4.2, popcnt, lzcnt, tsc, tscinvbit, avx, avx2, aes, erms, clmul, bmi1, bmi2, adx, fma, vzeroupper, clflush, clflushopt

Memory: 4k page, system-wide physical 3962M (292M free)
TotalPageFile size 11109M (AvailPageFile size 0M)
current process WorkingSet (physical memory assigned to process): 89M, peak: 89M
current process commit charge ("private bytes"): 156M, peak: 157M

vm_info: Java HotSpot(TM) 64-Bit Server VM (17.0.12+8-LTS-286) for windows-amd64 JRE (17.0.12+8-LTS-286), built on Jun  5 2024 06:46:59 by "mach5one" with MS VC++ 17.6 (VS2022)

END.
